torch.cuda.is_available: True
X_v shape:
(55926, 20)
Y_v.shape:
[[2 2]
 [2 2]
 [2 2]
 ...
 [2 2]
 [2 2]
 [2 2]]
Y_v.shape:
X_c shape:
(55926, 25)
Y_c.shape:
Y_c.shape:
equal labels:
0.8969531166183886
original X_v:  (55926, 20)
rows.shape: 1
Iff: (55926, 4)
after SZA X_v:  (55926, 20)
after SZA X_c:  (55926, 25)
Latlon.shape: (55926, 2)
Latlon: [[ -47.38103199 -102.17677879]
 [ -47.37442589 -102.17934799]
 [ -47.36708577 -102.18220266]
 [ -47.35901165 -102.18534279]]
rows.shape after filter Latlon: 1
Latlon  after filter Latlon: (3887, 2)
Latlon  after filter Latlon: [[-69.71815491 -61.94987106]
 [-69.71271769 -61.95730972]
 [-69.70728048 -61.96474584]
 [-69.70184326 -61.97217941]
 [-69.69368744 -61.98332214]
 [-69.68825022 -61.990743  ]
 [-69.6814537  -62.00001717]
 [-69.67737579 -62.0055809 ]
 [-69.66919708 -62.01682281]
 [-69.66101074 -62.02812195]
 [-69.66101074 -62.02812195]
 [-69.65077782 -62.04222965]
 [-69.64463806 -62.0506897 ]
 [-69.6391805  -62.05820465]
 [-69.63235474 -62.06759071]
 [-69.62620926 -62.07599831]
 [-69.62416077 -62.07877731]
 [-69.61732737 -62.08802414]
 [-69.61185455 -62.09540176]
 [-69.60638682 -62.10277176]
 [-69.59818014 -62.11382421]
 [-69.59270732 -62.12118785]
 [-69.5872345  -62.12854767]
 [-69.5790329  -62.13957977]
 [-69.57492828 -62.14509201]
 [-69.56808472 -62.15429306]
 [-69.56260681 -62.16167068]
 [-69.55438232 -62.17285919]
 [-69.55026627 -62.17845154]
 [-69.54615021 -62.18404388]
 [-69.53791809 -62.19522095]
 [-69.531744   -62.20359802]
 [-69.52762794 -62.20918083]
 [-69.52145386 -62.21755219]
 [-69.51596578 -62.22498576]
 [-69.50911713 -62.23424721]
 [-69.50296783 -62.2425499 ]
 [-69.4968338  -62.25082397]
 [-69.49137624 -62.25817108]
 [-69.48458099 -62.26731491]
 [-69.47778575 -62.27645365]
 [-69.47232819 -62.28379059]
 [-69.46687571 -62.29112244]
 [-69.46141815 -62.2984492 ]
 [-69.45323944 -62.30938975]
 [-69.44780731 -62.3166275 ]
 [-69.44237518 -62.32382965]
 [-69.43558502 -62.33282852]
 [-69.43354797 -62.33552742]
 [-69.4260788  -62.34541829]]
Max Lat: -60.003536224365234
Min Lat: -79.18159103393555
Max Lon: -60.003814697265625
Min Lon: -95.85134887695312
after filter Latlon X_v:  (3887, 20)
 after filter Latlon X_c:  (3887, 25)
(3887, 20)
(3887, 27)
file_count: 0
loading data: /home/xinh1/nasa-access/xin/cloud-phase-prediction/data/training/2017_jan_day_005.npz
X_v shape:
(120713, 20)
Y_v.shape:
[[1 1]
 [1 1]
 [1 1]
 ...
 [3 1]
 [3 1]
 [3 1]]
Y_v.shape:
X_c shape:
(120713, 25)
Y_c.shape:
Y_c.shape:
equal labels:
0.8710329459130334
original X_v:  (120713, 20)
rows.shape: 1
Iff: (117344, 4)
after SZA X_v:  (117344, 20)
after SZA X_c:  (117344, 25)
Latlon.shape: (117344, 2)
Latlon: [[-79.74015299  85.9932607 ]
 [-79.74105072  85.98645782]
 [-79.74509239  85.95582199]
 [-79.74913788  85.92514038]]
rows.shape after filter Latlon: 1
Latlon  after filter Latlon: (8381, 2)
Latlon  after filter Latlon: [[ -79.60256958 -124.63905843]
 [ -79.60766792 -124.67523384]
 [ -79.60813141 -124.67852529]
 [ -79.61322021 -124.71477509]
 [ -79.61598206 -124.73461151]
 [ -79.62100983 -124.77120209]
 [ -79.62465159 -124.79788717]
 [ -79.62965202 -124.83460617]
 [ -79.63237953 -124.85464859]
 [ -79.63737488 -124.89142354]
 [ -79.64191437 -124.9248848 ]
 [ -79.645998   -124.9550209 ]
 [ -79.65007782 -124.98517609]
 [ -79.65370433 -125.01200104]
 [ -79.65823746 -125.04536819]
 [ -79.66277059 -125.07859802]
 [ -79.66639709 -125.10514832]
 [ -79.6700236  -125.13171895]
 [ -79.67183685 -125.14500427]
 [ -79.67545827 -125.17160543]
 [ -79.68088531 -125.21153768]
 [ -79.68450165 -125.23818207]
 [ -79.68811798 -125.26483917]
 [ -79.69353485 -125.30492401]
 [ -79.69717153 -125.33187612]
 [ -79.70080566 -125.3588562 ]
 [ -79.70443726 -125.38586426]
 [ -79.70987701 -125.42642212]
 [ -79.71259689 -125.44671631]
 [ -79.71803284 -125.48733139]
 [ -79.7207489  -125.50765228]
 [ -79.72616577 -125.5483551 ]
 [ -79.73153687 -125.58917999]
 [ -79.73153687 -125.58917999]
 [ -80.37520599 -131.11022949]
 [ -80.37992859 -131.15658569]
 [ -80.38228989 -131.17974091]
 [ -80.38307699 -131.18745931]
 [ -80.38779449 -131.23380025]
 [ -80.38936615 -131.24925232]
 [ -80.53127289 -132.70129395]
 [ -80.5357666  -132.74880981]
 [ -80.54472351 -132.84399414]
 [ -80.54695892 -132.86782074]
 [ -80.62291718 -133.69450887]
 [ -80.62581126 -133.72697449]
 [ -80.62870026 -133.75947571]
 [ -80.63195038 -133.79607391]
 [ -80.63591258 -133.84083557]
 [ -80.6387914  -133.87341309]]
Max Lat: -60.00138473510742
Min Lat: -81.82243156433105
Max Lon: -60.00099563598633
Min Lon: -179.9891815185547
after filter Latlon X_v:  (8381, 20)
 after filter Latlon X_c:  (8381, 25)
(8381, 20)
(8381, 27)
file_count in tmp: 1
loading data in tmp: /home/xinh1/nasa-access/xin/cloud-phase-prediction/data/training/2017_jan_day_024.npz
X_v shape:
(72158, 20)
Y_v.shape:
[[2 2]
 [2 2]
 [2 2]
 ...
 [2 2]
 [2 2]
 [2 2]]
Y_v.shape:
X_c shape:
(72158, 25)
Y_c.shape:
Y_c.shape:
equal labels:
0.9004545580531611
original X_v:  (72158, 20)
rows.shape: 1
Iff: (71962, 4)
after SZA X_v:  (71962, 20)
after SZA X_c:  (71962, 25)
Latlon.shape: (71962, 2)
Latlon: [[ -12.9322257  -148.76804352]
 [ -12.92417221 -148.76983643]
 [ -12.9165659  -148.77152634]
 [ -12.90761685 -148.77352142]]
rows.shape after filter Latlon: 1
Latlon  after filter Latlon: (8031, 2)
Latlon  after filter Latlon: [[-80.66451772 -60.00873057]
 [-80.66165924 -60.04142761]
 [-80.65844345 -60.07817745]
 [-80.65306854 -60.13938141]
 [-80.6516215  -60.15568288]
 [-80.6476326  -60.20049858]
 [-80.64544296 -60.22492409]
 [-80.64141846 -60.26967621]
 [-80.63848877 -60.30220032]
 [-80.63445854 -60.3468895 ]
 [-80.63225746 -60.37125015]
 [-80.62821706 -60.41588084]
 [-80.61798859 -60.52959442]
 [-80.61506907 -60.56206512]
 [-80.61360931 -60.57830048]
 [-80.61068471 -60.6107432 ]
 [-80.60042572 -60.72415543]
 [-80.59748586 -60.75650915]
 [-80.59380722 -60.79693413]
 [-80.59049034 -60.83331013]
 [-80.58716583 -60.86969376]
 [-80.58420563 -60.90201187]
 [-80.58050156 -60.94238472]
 [-80.5767924  -60.98272705]
 [-80.57382202 -61.01498413]
 [-80.57084656 -61.04721069]
 [-80.56712341 -61.08746338]
 [-80.564888   -61.11160278]
 [-80.56191254 -61.14373016]
 [-80.54847717 -61.28806686]
 [-80.54548391 -61.32008743]
 [-80.54136276 -61.36408329]
 [-80.53498586 -61.43199666]
 [-80.53198242 -61.46392186]
 [-80.52897644 -61.49583054]
 [-80.52446747 -61.54364395]
 [-80.5214564  -61.57549413]
 [-80.51769257 -61.61528206]
 [-80.51543427 -61.6391449 ]
 [-80.5109024  -61.68682861]
 [-80.50976944 -61.6987381 ]
 [-80.50637054 -61.73446655]
 [-80.50296021 -61.77015209]
 [-80.49953079 -61.8057518 ]
 [-80.49570465 -61.84523519]
 [-80.48958588 -61.90810903]
 [-80.48498281 -61.95526632]
 [-80.48190562 -61.98674901]
 [-80.47882843 -62.01821518]
 [-80.46394348 -62.17136002]]
Max Lat: -60.0299326578776
Min Lat: -81.77207946777344
Max Lon: -60.00873057047526
Min Lon: -132.50890731811523
after filter Latlon X_v:  (8031, 20)
 after filter Latlon X_c:  (8031, 25)
(8031, 20)
(8031, 27)
file_count in tmp: 2
loading data in tmp: /home/xinh1/nasa-access/xin/cloud-phase-prediction/data/training/2017_jan_day_013.npz
X_v shape:
(106287, 20)
Y_v.shape:
[[2 2]
 [2 2]
 [2 2]
 ...
 [2 2]
 [2 2]
 [2 2]]
Y_v.shape:
X_c shape:
(106287, 25)
Y_c.shape:
Y_c.shape:
equal labels:
0.8713389219754062
original X_v:  (106287, 20)
rows.shape: 1
Iff: (103373, 4)
after SZA X_v:  (103373, 20)
after SZA X_c:  (103373, 25)
Latlon.shape: (103373, 2)
Latlon: [[ 34.93761826 121.46245956]
 [ 34.94503784 121.46034241]
 [ 34.95320034 121.45801353]
 [ 34.95988083 121.45610809]]
rows.shape after filter Latlon: 1
Latlon  after filter Latlon: (11559, 2)
Latlon  after filter Latlon: [[ -81.5152874  -143.1714859 ]
 [ -81.51704407 -143.21582031]
 [ -81.51881218 -143.2602005 ]
 [ -81.52058411 -143.30461884]
 [ -81.52255503 -143.35400899]
 [ -81.52413177 -143.39353943]
 [ -81.52569834 -143.43309021]
 [ -81.52804311 -143.49242655]
 [ -81.52959951 -143.53200277]
 [ -81.53115082 -143.57159424]
 [ -81.53347778 -143.63101196]
 [ -81.53579712 -143.69023132]
 [ -81.53656769 -143.70995585]
 [ -81.53868484 -143.76420212]
 [ -81.53983688 -143.79379654]
 [ -81.54194387 -143.8480835 ]
 [ -81.54213524 -143.85301971]
 [ -81.54423523 -143.90732829]
 [ -81.54613876 -143.9567337 ]
 [ -81.5478363  -144.00126266]
 [ -81.54950714 -144.04588318]
 [ -81.55098724 -144.08560689]
 [ -81.55282974 -144.13527679]
 [ -81.55393219 -144.16508484]
 [ -81.55612946 -144.22473145]
 [ -81.55831909 -144.28440857]
 [ -81.55977376 -144.32421366]
 [ -81.56122335 -144.36402893]
 [ -81.56321144 -144.41880035]
 [ -81.56429863 -144.44869232]
 [ -81.56630707 -144.50356547]
 [ -81.56776683 -144.54349772]
 [ -81.56849416 -144.56346639]
 [ -81.56994629 -144.60341899]
 [ -81.57193565 -144.6583786 ]
 [ -81.57355499 -144.70335388]
 [ -81.57499441 -144.74336243]
 [ -81.57642873 -144.78337606]
 [ -81.57785797 -144.82339478]
 [ -81.58000183 -144.88346863]
 [ -81.58214569 -144.94358826]
 [ -81.58320999 -144.9736557 ]
 [ -81.59129333 -145.20433044]
 [ -81.59266663 -145.24433899]
 [ -81.59334564 -145.26431274]
 [ -81.59470367 -145.30426025]
 [ -81.61325264 -145.86107254]
 [ -81.61474609 -145.90649414]
 [ -81.61606344 -145.94688924]
 [ -81.61672211 -145.96708679]]
Max Lat: -60.00071334838867
Min Lat: -81.82201385498047
Max Lon: -60.01046943664551
Min Lon: -179.97765731811523
after filter Latlon X_v:  (11559, 20)
 after filter Latlon X_c:  (11559, 25)
(11559, 20)
(11559, 27)
file_count in tmp: 3
loading data in tmp: /home/xinh1/nasa-access/xin/cloud-phase-prediction/data/training/2017_jan_day_019.npz
X_v.shape after conconact all files: (31858, 20)
X_c.shape after concanat all fiels: (31858, 27)
Y.shape after concanat all files: (31858, 2)
(31858, 47)
