torch.cuda.is_available:
True
X_v shape:
(55926, 20)
Y_v.shape:
[[2 2]
 [2 2]
 [2 2]
 ...
 [2 2]
 [2 2]
 [2 2]]
Y_v.shape:
X_c shape:
(55926, 25)
Y_c.shape:
Y_c.shape:
equal labels:
50163
0.8969531166183886
X_v
[[ 36.22999954 -58.18999863  19.18000031 ... 278.46469116 280.66766357
  280.16494751]
 [ 36.21999741 -58.18999863  19.18000031 ... 278.77099609 280.89291382
  280.33981323]
 [ 36.20999908 -58.19999695  19.18000031 ... 276.40734863 278.46307373
  277.94668579]
 ...
 [ 39.59000015 -52.2899971    7.10999966 ... 265.45037842 266.97021484
  267.09442139]
 [ 39.59000015 -52.2899971    7.10999966 ... 265.42492676 267.02255249
  267.15579224]
 [ 39.57999802 -52.2899971    7.10999966 ... 265.49804688 267.06091309
  267.084198  ]]
X_c
[[ 1.000e+00  1.000e+00  1.000e+00 ...        nan -9.999e+03        nan]
 [ 1.000e+00  1.000e+00  1.000e+00 ...        nan -9.999e+03        nan]
 [ 1.000e+00  1.000e+00  1.000e+00 ...        nan -9.999e+03        nan]
 ...
 [ 1.000e+00  1.000e+00  1.000e+00 ...        nan -9.999e+03        nan]
 [ 1.000e+00  1.000e+00  1.000e+00 ...        nan -9.999e+03        nan]
 [ 1.000e+00  1.000e+00  1.000e+00 ...        nan -9.999e+03        nan]]
original X_v:  (55926, 20)
rows: (array([    0,     1,     2, ..., 55923, 55924, 55925]),)
rows.shape: 1
Iff: (55926, 4)
after SZA X_v:  (55926, 20)
after SZA X_c:  (55926, 25)
(55926, 20)
(55926, 27)
X_v shape:
(120713, 20)
Y_v.shape:
[[1 1]
 [1 1]
 [1 1]
 ...
 [3 1]
 [3 1]
 [3 1]]
Y_v.shape:
X_c shape:
(120713, 25)
Y_c.shape:
Y_c.shape:
equal labels:
105145
0.8710329459130334
X_v
[[  80.         -152.27999878    9.30999947 ...  229.72451782
   229.69325256  229.19703674]
 [  79.98999786 -152.25          9.30999947 ...  229.96611023
   229.72267151  229.18624878]
 [  79.98999786 -152.25          9.30999947 ...  229.96611023
   229.6991272   229.26168823]
 ...
 [  36.11000061 -150.11000061   14.61999989 ...  289.71807861
   291.5355835   288.4798584 ]
 [  36.11999893 -150.11000061   14.61999989 ...  289.95587158
   291.92169189  288.8057251 ]
 [  36.11999893 -150.11999512   14.61999989 ...  289.84042358
   291.68154907  288.57827759]]
X_c
[[ 0.00000000e+00  0.00000000e+00             nan ...             nan
  -9.99900000e+03             nan]
 [ 0.00000000e+00  0.00000000e+00             nan ...             nan
  -9.99900000e+03             nan]
 [ 0.00000000e+00  0.00000000e+00             nan ...             nan
  -9.99900000e+03             nan]
 ...
 [ 1.00000000e+00  1.00000000e+00  0.00000000e+00 ...             nan
  -9.99900000e+03             nan]
 [ 1.00000000e+00  1.00000000e+00  0.00000000e+00 ...             nan
  -9.99900000e+03             nan]
 [ 1.00000000e+00  1.00000000e+00  0.00000000e+00 ...  9.53940209e-04
  -9.58235536e+03  3.16338651e-02]]
original X_v:  (120713, 20)
rows: (array([     0,      1,      2, ..., 120710, 120711, 120712]),)
rows.shape: 1
Iff: (117344, 4)
after SZA X_v:  (117344, 20)
after SZA X_c:  (117344, 25)
(117344, 20)
(117344, 27)
X_v shape:
(72158, 20)
Y_v.shape:
[[2 2]
 [2 2]
 [2 2]
 ...
 [2 2]
 [2 2]
 [2 2]]
Y_v.shape:
X_c shape:
(72158, 25)
Y_c.shape:
Y_c.shape:
equal labels:
64975
0.9004545580531611
X_v
[[  26.18999863 -112.19999695   36.63999939 ...  253.32199097
   251.92120361  246.22259521]
 [  26.18999863 -112.20999908   36.63999939 ... -999.90002441
  -999.90002441 -999.90002441]
 [  26.18999863 -112.19999695   36.68000031 ...  258.43377686
   257.3291626   250.82580566]
 ...
 [  44.25999832  -51.84999847   15.5199995  ...  263.23855591
   264.699646    264.40988159]
 [  44.25999832  -51.84999847   15.5199995  ...  262.2038269
   263.85308838  263.3605957 ]
 [  44.25        -51.84999847   15.5199995  ...  262.50845337
   263.96884155  263.78448486]]
X_c
[[ 1.000e+00  2.000e+00  1.000e+00 ...        nan -9.999e+03        nan]
 [ 1.000e+00  2.000e+00  1.000e+00 ...        nan -9.999e+03        nan]
 [ 1.000e+00  2.000e+00  1.000e+00 ...        nan -9.999e+03        nan]
 ...
 [ 1.000e+00  2.000e+00  1.000e+00 ...        nan -9.999e+03        nan]
 [ 1.000e+00  2.000e+00  1.000e+00 ...        nan -9.999e+03        nan]
 [ 1.000e+00  2.000e+00  1.000e+00 ...        nan -9.999e+03        nan]]
original X_v:  (72158, 20)
rows: (array([    0,     2,     3, ..., 72155, 72156, 72157]),)
rows.shape: 1
Iff: (71962, 4)
after SZA X_v:  (71962, 20)
after SZA X_c:  (71962, 25)
(71962, 20)
(71962, 27)
X_v shape:
(106287, 20)
Y_v.shape:
[[2 2]
 [2 2]
 [2 2]
 ...
 [2 2]
 [2 2]
 [2 2]]
Y_v.shape:
X_c shape:
(106287, 25)
Y_c.shape:
Y_c.shape:
equal labels:
92612
0.8713389219754062
X_v
[[  57.52000046 -161.11000061   29.04999924 ...  260.50836182
   262.35888672  261.3972168 ]
 [  57.52000046 -161.11000061   29.04999924 ...  259.82040405
   261.51779175  260.7482605 ]
 [  57.52999878 -161.11999512   28.98999977 ...  259.22314453
   261.01721191  260.42391968]
 ...
 [  79.93000031 -168.51998901   32.45999908 ...  272.79321289
   274.77514648  274.56265259]
 [  79.93999481 -168.51998901   32.45999908 ...  272.63729858
   274.55740356  274.36889648]
 [  79.93999481 -168.53999329   32.39999771 ...  272.17590332
   274.02368164  273.93563843]]
X_c
[[ 1.000e+00  1.000e+00  1.000e+00 ...        nan -9.999e+03        nan]
 [ 1.000e+00  1.000e+00  1.000e+00 ...        nan -9.999e+03        nan]
 [ 1.000e+00  1.000e+00  1.000e+00 ...        nan -9.999e+03        nan]
 ...
 [ 1.000e+00  1.000e+00  1.000e+00 ...        nan -9.999e+03        nan]
 [ 1.000e+00  1.000e+00  1.000e+00 ...        nan -9.999e+03        nan]
 [ 1.000e+00  1.000e+00  1.000e+00 ...        nan -9.999e+03        nan]]
original X_v:  (106287, 20)
rows: (array([     0,      1,      2, ..., 106284, 106285, 106286]),)
rows.shape: 1
Iff: (103373, 4)
after SZA X_v:  (103373, 20)
after SZA X_c:  (103373, 25)
(103373, 20)
(103373, 27)
X_v.shape: (103373, 20)
X_c.shape: (103373, 27)
Y.shape: (103373, 2)
(103373, 47)
saved scaler done
(72361, 20)
(72361, 25)
(72361, 2)
(72361, 27)
(72361, 2)
(72361, 1)
(72361, 1)
(31012, 20)
(31012, 25)
(31012, 2)
(31012, 27)
(31012, 2)
(31012, 1)
(31012, 1)
(72361, 20)
(31012, 20)
(72361, 22)
(31012, 22)
Y_src:
[[3]
 [2]
 [2]
 ...
 [2]
 [2]
 [3]]
Y_tgt:
[[1]
 [2]
 [1]
 ...
 [2]
 [2]
 [1]]
Y_src_1:
[2 1 1 ... 1 1 2]
Y_tgt_1:
[0 1 0 ... 1 1 0]
X_src:
[[ 0.42618001  1.00469554 -0.87830887 ... -0.08052071 -1.06884517
   0.95810006]
 [ 0.42618001 -0.0040707   1.13855163 ... -0.08052071 -0.64561906
   1.10951745]
 [ 0.42618001 -0.0040707   1.13855163 ... -0.08052071  1.78103889
   0.25676162]
 ...
 [ 0.42618001 -0.0040707   1.13855163 ... -0.08052071 -0.53617521
   0.30812133]
 [ 0.42618001 -0.0040707   1.13855163 ... -0.08052071 -0.71500675
  -0.14176504]
 [ 0.42618001  3.02222802 -0.87830887 ... -0.08052071 -1.04931685
   0.93001098]]
X_tgt:
[[ 1.09501113 -0.00923346 -1.31711433 ... -0.63502466 -1.06884517
   0.95810006]
 [-0.17280082  1.17497883 -0.76688512 ...  0.28069099 -0.64561906
   1.10951745]
 [ 1.04842207 -1.50602018  0.58649032 ... -0.00734325  1.78103889
   0.25676162]
 ...
 [-0.37662913  1.12002324 -0.05791014 ...  0.06507345 -0.53617521
   0.30812133]
 [ 0.05956334  1.07642973 -0.22741831 ... -0.17994209 -0.71500675
  -0.14176504]
 [ 1.47121992 -1.07704177 -0.85163927 ... -0.7880361  -1.04931685
   0.93001098]]
Y_src:
[[2]
 [2]
 [2]
 ...
 [1]
 [2]
 [3]]
Y_tgt:
[[2]
 [2]
 [3]
 ...
 [1]
 [2]
 [3]]
Y_src_1:
[1 1 1 ... 0 1 2]
Y_tgt_1:
[1 1 2 ... 0 1 2]
X_src:
[[ 0.42618001 -0.0040707   1.13855163 ... -0.08052071 -0.84229031
   0.69872099]
 [ 0.42618001 -0.0040707   1.13855163 ... -0.08052071 -0.79003606
  -2.03768465]
 [ 0.42618001  1.00469554  1.13855163 ... -0.08052071 -0.77877635
   0.14589391]
 ...
 [-1.36666994 -1.01283694 -0.87830887 ... -0.08052071  1.31605365
  -0.18603817]
 [ 0.42618001 -0.0040707   1.13855163 ... -0.08052071 -0.72526478
  -0.64868272]
 [ 0.42618001 -0.0040707  -0.87830887 ... -0.08052071 -0.17519913
   1.00381079]]
X_tgt:
[[ 0.33444046  1.03422754 -0.92226772 ... -0.88384787 -0.84229031
   0.69872099]
 [ 0.15623619  1.14692134 -1.26397484 ...  0.44076797 -0.79003606
  -2.03768465]
 [ 0.19874915  1.05950249 -0.53280231 ... -0.08680375 -0.77877635
   0.14589391]
 ...
 [-0.02313261 -1.25744455  1.47237293 ...  1.98429703  1.31605365
  -0.18603817]
 [ 0.1102294   1.04072016 -0.015533   ...  0.54738613 -0.72526478
  -0.64868272]
 [-1.1651536   0.94077975 -0.0511836  ... -1.24228387 -0.17519913
   1.00381079]]
DA train_steps: 36
DA Train Epoch:  0 [37/36]	Lambda: 0.0010, Class: 1.324816, CORAL: 0.002182, l2_loss: 1.913673, Total_Loss: 2.100383
DA Train ith Epoch 0 result:
DA train_acc: 0.264
DA train_tgt_acc: 0.238
DA valid_tgt_acc: 0.238
DA epoch:   1 sum loss: 2.0791
DA epoch:   1 l2 loss: 1.9339
DA epoch:   1 classifier src loss: 1.3110
DA epoch:   1 classifier tgt loss: 1.3427
DA epoch:   1 coral loss: 0.0021
DA train_steps: 16
DA epoch:   1 valid sum loss: 1.7952
DA epoch:   1 valid l2 loss: 0.9972
DA epoch:   1 valid classifier loss: 1.1657
DA epoch:   1 valid tgt classifier loss: 1.1593
DA epoch:   1 valid coral loss: 0.0006
DA train_steps: 36
DA Train Epoch:  1 [37/36]	Lambda: 0.0010, Class: 1.149442, CORAL: 0.000708, l2_loss: 1.072668, Total_Loss: 1.756199
DA Train ith Epoch 1 result:
DA train_acc: 0.264
DA train_tgt_acc: 0.238
DA valid_tgt_acc: 0.238
DA epoch:   2 sum loss: 1.7731
DA epoch:   2 l2 loss: 1.0593
DA epoch:   2 classifier src loss: 1.1570
DA epoch:   2 classifier tgt loss: 1.1264
DA epoch:   2 coral loss: 0.0006
DA train_steps: 16
DA epoch:   2 valid sum loss: 1.7557
DA epoch:   2 valid l2 loss: 1.1573
DA epoch:   2 valid classifier loss: 1.1457
DA epoch:   2 valid tgt classifier loss: 1.1043
DA epoch:   2 valid coral loss: 0.0009
DA train_steps: 36
DA Train Epoch:  2 [37/36]	Lambda: 0.0010, Class: 1.131234, CORAL: 0.000512, l2_loss: 0.958736, Total_Loss: 1.712685
DA Train ith Epoch 2 result:
DA train_acc: 0.264
DA train_tgt_acc: 0.238
DA valid_tgt_acc: 0.238
DA epoch:   3 sum loss: 1.7341
DA epoch:   3 l2 loss: 1.0874
DA epoch:   3 classifier src loss: 1.1367
DA epoch:   3 classifier tgt loss: 1.0860
DA epoch:   3 coral loss: 0.0007
DA train_steps: 16
DA epoch:   3 valid sum loss: 1.7135
DA epoch:   3 valid l2 loss: 1.1263
DA epoch:   3 valid classifier loss: 1.1264
DA epoch:   3 valid tgt classifier loss: 1.0616
DA epoch:   3 valid coral loss: 0.0009
DA train_steps: 36
DA Train Epoch:  3 [37/36]	Lambda: 0.0010, Class: 1.102381, CORAL: 0.000491, l2_loss: 0.978275, Total_Loss: 1.655512
DA Train ith Epoch 3 result:
DA train_acc: 0.264
DA train_tgt_acc: 0.421
DA valid_tgt_acc: 0.417
DA epoch:   4 sum loss: 1.6868
DA epoch:   4 l2 loss: 1.0628
DA epoch:   4 classifier src loss: 1.1173
DA epoch:   4 classifier tgt loss: 1.0327
DA epoch:   4 coral loss: 0.0006
DA train_steps: 16
DA epoch:   4 valid sum loss: 1.6655
DA epoch:   4 valid l2 loss: 1.0987
DA epoch:   4 valid classifier loss: 1.1062
DA epoch:   4 valid tgt classifier loss: 1.0088
DA epoch:   4 valid coral loss: 0.0008
DA train_steps: 36
DA Train Epoch:  4 [37/36]	Lambda: 0.0010, Class: 1.085741, CORAL: 0.000524, l2_loss: 0.841547, Total_Loss: 1.610698
DA Train ith Epoch 4 result:
DA train_acc: 0.264
DA train_tgt_acc: 0.522
DA valid_tgt_acc: 0.520
DA epoch:   5 sum loss: 1.6442
DA epoch:   5 l2 loss: 1.0372
DA epoch:   5 classifier src loss: 1.0971
DA epoch:   5 classifier tgt loss: 0.9906
DA epoch:   5 coral loss: 0.0006
DA train_steps: 16
DA epoch:   5 valid sum loss: 1.6293
DA epoch:   5 valid l2 loss: 1.1037
DA epoch:   5 valid classifier loss: 1.0862
DA epoch:   5 valid tgt classifier loss: 0.9758
DA epoch:   5 valid coral loss: 0.0010
DA train_steps: 36
DA Train Epoch:  5 [37/36]	Lambda: 0.0010, Class: 1.051841, CORAL: 0.000466, l2_loss: 0.858206, Total_Loss: 1.566682
DA Train ith Epoch 5 result:
DA train_acc: 0.265
DA train_tgt_acc: 0.680
DA valid_tgt_acc: 0.678
DA epoch:   6 sum loss: 1.6072
DA epoch:   6 l2 loss: 1.0170
DA epoch:   6 classifier src loss: 1.0750
DA epoch:   6 classifier tgt loss: 0.9628
DA epoch:   6 coral loss: 0.0007
DA train_steps: 16
DA epoch:   6 valid sum loss: 1.5913
DA epoch:   6 valid l2 loss: 1.0736
DA epoch:   6 valid classifier loss: 1.0628
DA epoch:   6 valid tgt classifier loss: 0.9497
DA epoch:   6 valid coral loss: 0.0008
DA train_steps: 36
DA Train Epoch:  6 [37/36]	Lambda: 0.0010, Class: 1.040245, CORAL: 0.001843, l2_loss: 1.416092, Total_Loss: 1.574245
DA Train ith Epoch 6 result:
DA train_acc: 0.265
DA train_tgt_acc: 0.799
DA valid_tgt_acc: 0.799
DA epoch:   7 sum loss: 1.5733
DA epoch:   7 l2 loss: 1.0202
DA epoch:   7 classifier src loss: 1.0528
DA epoch:   7 classifier tgt loss: 0.9390
DA epoch:   7 coral loss: 0.0007
DA train_steps: 16
DA epoch:   7 valid sum loss: 1.5581
DA epoch:   7 valid l2 loss: 1.0625
DA epoch:   7 valid classifier loss: 1.0411
DA epoch:   7 valid tgt classifier loss: 0.9277
DA epoch:   7 valid coral loss: 0.0009
DA train_steps: 36
DA Train Epoch:  7 [37/36]	Lambda: 0.0010, Class: 1.018540, CORAL: 0.000571, l2_loss: 0.923893, Total_Loss: 1.523100
DA Train ith Epoch 7 result:
DA train_acc: 0.269
DA train_tgt_acc: 0.886
DA valid_tgt_acc: 0.885
DA epoch:   8 sum loss: 1.5404
DA epoch:   8 l2 loss: 1.0174
DA epoch:   8 classifier src loss: 1.0304
DA epoch:   8 classifier tgt loss: 0.9183
DA epoch:   8 coral loss: 0.0007
DA train_steps: 16
DA epoch:   8 valid sum loss: 1.5265
DA epoch:   8 valid l2 loss: 1.0677
DA epoch:   8 valid classifier loss: 1.0191
DA epoch:   8 valid tgt classifier loss: 0.9079
DA epoch:   8 valid coral loss: 0.0008
DA train_steps: 36
DA Train Epoch:  8 [37/36]	Lambda: 0.0010, Class: 0.991183, CORAL: 0.000614, l2_loss: 0.957992, Total_Loss: 1.477907
DA Train ith Epoch 8 result:
DA train_acc: 0.283
DA train_tgt_acc: 0.930
DA valid_tgt_acc: 0.932
DA epoch:   9 sum loss: 1.5072
DA epoch:   9 l2 loss: 1.0265
DA epoch:   9 classifier src loss: 1.0079
DA epoch:   9 classifier tgt loss: 0.8959
DA epoch:   9 coral loss: 0.0007
DA train_steps: 16
DA epoch:   9 valid sum loss: 1.4909
DA epoch:   9 valid l2 loss: 1.0713
DA epoch:   9 valid classifier loss: 0.9957
DA epoch:   9 valid tgt classifier loss: 0.8832
DA epoch:   9 valid coral loss: 0.0010
DA train_steps: 36
DA Train Epoch:  9 [37/36]	Lambda: 0.0010, Class: 0.975131, CORAL: 0.000710, l2_loss: 0.971458, Total_Loss: 1.456525
DA Train ith Epoch 9 result:
DA train_acc: 0.428
DA train_tgt_acc: 0.934
DA valid_tgt_acc: 0.935
DA epoch:  10 sum loss: 1.4731
DA epoch:  10 l2 loss: 1.0306
DA epoch:  10 classifier src loss: 0.9853
DA epoch:  10 classifier tgt loss: 0.8725
DA epoch:  10 coral loss: 0.0008
DA train_steps: 16
DA epoch:  10 valid sum loss: 1.4569
DA epoch:  10 valid l2 loss: 1.0704
DA epoch:  10 valid classifier loss: 0.9733
DA epoch:  10 valid tgt classifier loss: 0.8601
DA epoch:  10 valid coral loss: 0.0010
DA train_steps: 36
DA Train Epoch: 10 [37/36]	Lambda: 0.0010, Class: 0.946937, CORAL: 0.000695, l2_loss: 0.798738, Total_Loss: 1.401641
DA Train ith Epoch 10 result:
DA train_acc: 0.639
DA train_tgt_acc: 0.938
DA valid_tgt_acc: 0.939
DA epoch:  11 sum loss: 1.4374
DA epoch:  11 l2 loss: 1.0483
DA epoch:  11 classifier src loss: 0.9621
DA epoch:  11 classifier tgt loss: 0.8458
DA epoch:  11 coral loss: 0.0008
DA train_steps: 16
DA epoch:  11 valid sum loss: 1.4211
DA epoch:  11 valid l2 loss: 1.1187
DA epoch:  11 valid classifier loss: 0.9498
DA epoch:  11 valid tgt classifier loss: 0.8308
DA epoch:  11 valid coral loss: 0.0011
DA train_steps: 36
DA Train Epoch: 11 [37/36]	Lambda: 0.0010, Class: 0.923061, CORAL: 0.001079, l2_loss: 1.290963, Total_Loss: 1.387488
DA Train ith Epoch 11 result:
DA train_acc: 0.810
DA train_tgt_acc: 0.941
DA valid_tgt_acc: 0.941
DA epoch:  12 sum loss: 1.4018
DA epoch:  12 l2 loss: 1.0848
DA epoch:  12 classifier src loss: 0.9393
DA epoch:  12 classifier tgt loss: 0.8164
DA epoch:  12 coral loss: 0.0010
DA train_steps: 16
DA epoch:  12 valid sum loss: 1.3850
DA epoch:  12 valid l2 loss: 1.1286
DA epoch:  12 valid classifier loss: 0.9276
DA epoch:  12 valid tgt classifier loss: 0.8021
DA epoch:  12 valid coral loss: 0.0013
DA train_steps: 36
DA Train Epoch: 12 [37/36]	Lambda: 0.0010, Class: 0.902047, CORAL: 0.000943, l2_loss: 0.918314, Total_Loss: 1.330488
DA Train ith Epoch 12 result:
DA train_acc: 0.883
DA train_tgt_acc: 0.942
DA valid_tgt_acc: 0.943
DA epoch:  13 sum loss: 1.3669
DA epoch:  13 l2 loss: 1.0906
DA epoch:  13 classifier src loss: 0.9175
DA epoch:  13 classifier tgt loss: 0.7897
DA epoch:  13 coral loss: 0.0011
DA train_steps: 16
DA epoch:  13 valid sum loss: 1.3515
DA epoch:  13 valid l2 loss: 1.1447
DA epoch:  13 valid classifier loss: 0.9062
DA epoch:  13 valid tgt classifier loss: 0.7761
DA epoch:  13 valid coral loss: 0.0013
DA train_steps: 36
DA Train Epoch: 13 [37/36]	Lambda: 0.0010, Class: 0.892799, CORAL: 0.001573, l2_loss: 1.295510, Total_Loss: 1.335841
DA Train ith Epoch 13 result:
DA train_acc: 0.918
DA train_tgt_acc: 0.944
DA valid_tgt_acc: 0.943
DA epoch:  14 sum loss: 1.3343
DA epoch:  14 l2 loss: 1.1191
DA epoch:  14 classifier src loss: 0.8966
DA epoch:  14 classifier tgt loss: 0.7635
DA epoch:  14 coral loss: 0.0012
DA train_steps: 16
DA epoch:  14 valid sum loss: 1.3198
DA epoch:  14 valid l2 loss: 1.1864
DA epoch:  14 valid classifier loss: 0.8858
DA epoch:  14 valid tgt classifier loss: 0.7494
DA epoch:  14 valid coral loss: 0.0015
DA train_steps: 36
DA Train Epoch: 14 [37/36]	Lambda: 0.0010, Class: 0.863254, CORAL: 0.001490, l2_loss: 1.016408, Total_Loss: 1.272813
DA Train ith Epoch 14 result:
DA train_acc: 0.941
DA train_tgt_acc: 0.945
DA valid_tgt_acc: 0.946
DA epoch:  15 sum loss: 1.3007
DA epoch:  15 l2 loss: 1.1509
DA epoch:  15 classifier src loss: 0.8760
DA epoch:  15 classifier tgt loss: 0.7344
DA epoch:  15 coral loss: 0.0015
DA train_steps: 16
DA epoch:  15 valid sum loss: 1.2838
DA epoch:  15 valid l2 loss: 1.2289
DA epoch:  15 valid classifier loss: 0.8647
DA epoch:  15 valid tgt classifier loss: 0.7154
DA epoch:  15 valid coral loss: 0.0019
DA train_steps: 36
DA Train Epoch: 15 [37/36]	Lambda: 0.0010, Class: 0.849455, CORAL: 0.002066, l2_loss: 1.247167, Total_Loss: 1.255522
DA Train ith Epoch 15 result:
DA train_acc: 0.956
DA train_tgt_acc: 0.947
DA valid_tgt_acc: 0.946
DA epoch:  16 sum loss: 1.2662
DA epoch:  16 l2 loss: 1.2171
DA epoch:  16 classifier src loss: 0.8558
DA epoch:  16 classifier tgt loss: 0.6990
DA epoch:  16 coral loss: 0.0019
DA train_steps: 16
DA epoch:  16 valid sum loss: 1.2504
DA epoch:  16 valid l2 loss: 1.2803
DA epoch:  16 valid classifier loss: 0.8453
DA epoch:  16 valid tgt classifier loss: 0.6821
DA epoch:  16 valid coral loss: 0.0023
DA train_steps: 36
DA Train Epoch: 16 [37/36]	Lambda: 0.0010, Class: 0.819181, CORAL: 0.002202, l2_loss: 1.199789, Total_Loss: 1.205286
DA Train ith Epoch 16 result:
DA train_acc: 0.966
DA train_tgt_acc: 0.947
DA valid_tgt_acc: 0.946
DA epoch:  17 sum loss: 1.2314
DA epoch:  17 l2 loss: 1.2428
DA epoch:  17 classifier src loss: 0.8354
DA epoch:  17 classifier tgt loss: 0.6677
DA epoch:  17 coral loss: 0.0022
DA train_steps: 16
DA epoch:  17 valid sum loss: 1.2168
DA epoch:  17 valid l2 loss: 1.2983
DA epoch:  17 valid classifier loss: 0.8252
DA epoch:  17 valid tgt classifier loss: 0.6534
DA epoch:  17 valid coral loss: 0.0026
DA train_steps: 36
DA Train Epoch: 17 [37/36]	Lambda: 0.0010, Class: 0.801759, CORAL: 0.003120, l2_loss: 1.072427, Total_Loss: 1.158087
DA Train ith Epoch 17 result:
DA train_acc: 0.971
DA train_tgt_acc: 0.946
DA valid_tgt_acc: 0.946
DA epoch:  18 sum loss: 1.1975
DA epoch:  18 l2 loss: 1.2655
DA epoch:  18 classifier src loss: 0.8154
DA epoch:  18 classifier tgt loss: 0.6377
DA epoch:  18 coral loss: 0.0027
DA train_steps: 16
DA epoch:  18 valid sum loss: 1.1816
DA epoch:  18 valid l2 loss: 1.3533
DA epoch:  18 valid classifier loss: 0.8048
DA epoch:  18 valid tgt classifier loss: 0.6184
DA epoch:  18 valid coral loss: 0.0034
DA train_steps: 36
DA Train Epoch: 18 [37/36]	Lambda: 0.0010, Class: 0.782794, CORAL: 0.004368, l2_loss: 1.699011, Total_Loss: 1.164442
DA Train ith Epoch 18 result:
DA train_acc: 0.976
DA train_tgt_acc: 0.948
DA valid_tgt_acc: 0.949
DA epoch:  19 sum loss: 1.1634
DA epoch:  19 l2 loss: 1.3311
DA epoch:  19 classifier src loss: 0.7954
DA epoch:  19 classifier tgt loss: 0.6028
DA epoch:  19 coral loss: 0.0037
DA train_steps: 16
DA epoch:  19 valid sum loss: 1.1459
DA epoch:  19 valid l2 loss: 1.3762
DA epoch:  19 valid classifier loss: 0.7843
DA epoch:  19 valid tgt classifier loss: 0.5855
DA epoch:  19 valid coral loss: 0.0042
DA train_steps: 36
DA Train Epoch: 19 [37/36]	Lambda: 0.0010, Class: 0.760793, CORAL: 0.004364, l2_loss: 1.118718, Total_Loss: 1.096055
DA Train ith Epoch 19 result:
DA train_acc: 0.979
DA train_tgt_acc: 0.949
DA valid_tgt_acc: 0.948
DA epoch:  20 sum loss: 1.1287
DA epoch:  20 l2 loss: 1.3258
DA epoch:  20 classifier src loss: 0.7754
DA epoch:  20 classifier tgt loss: 0.5740
DA epoch:  20 coral loss: 0.0043
DA train_steps: 16
DA epoch:  20 valid sum loss: 1.1124
DA epoch:  20 valid l2 loss: 1.3639
DA epoch:  20 valid classifier loss: 0.7647
DA epoch:  20 valid tgt classifier loss: 0.5591
DA epoch:  20 valid coral loss: 0.0048
DA train_steps: 36
DA Train Epoch: 20 [37/36]	Lambda: 0.0010, Class: 0.749793, CORAL: 0.005757, l2_loss: 1.632169, Total_Loss: 1.093389
DA Train ith Epoch 20 result:
DA train_acc: 0.980
DA train_tgt_acc: 0.948
DA valid_tgt_acc: 0.948
DA epoch:  21 sum loss: 1.0955
DA epoch:  21 l2 loss: 1.3485
DA epoch:  21 classifier src loss: 0.7555
DA epoch:  21 classifier tgt loss: 0.5452
DA epoch:  21 coral loss: 0.0051
DA train_steps: 16
DA epoch:  21 valid sum loss: 1.0803
DA epoch:  21 valid l2 loss: 1.4388
DA epoch:  21 valid classifier loss: 0.7447
DA epoch:  21 valid tgt classifier loss: 0.5272
DA epoch:  21 valid coral loss: 0.0063
DA train_steps: 36
DA Train Epoch: 21 [37/36]	Lambda: 0.0010, Class: 0.721927, CORAL: 0.006454, l2_loss: 1.239317, Total_Loss: 1.036972
DA Train ith Epoch 21 result:
DA train_acc: 0.982
DA train_tgt_acc: 0.946
DA valid_tgt_acc: 0.946
DA epoch:  22 sum loss: 1.0623
DA epoch:  22 l2 loss: 1.3573
DA epoch:  22 classifier src loss: 0.7353
DA epoch:  22 classifier tgt loss: 0.5182
DA epoch:  22 coral loss: 0.0059
DA train_steps: 16
DA epoch:  22 valid sum loss: 1.0490
DA epoch:  22 valid l2 loss: 1.3832
DA epoch:  22 valid classifier loss: 0.7249
DA epoch:  22 valid tgt classifier loss: 0.5099
DA epoch:  22 valid coral loss: 0.0062
DA train_steps: 36
DA Train Epoch: 22 [37/36]	Lambda: 0.0010, Class: 0.711522, CORAL: 0.007300, l2_loss: 1.519351, Total_Loss: 1.023975
DA Train ith Epoch 22 result:
DA train_acc: 0.984
DA train_tgt_acc: 0.950
DA valid_tgt_acc: 0.950
DA epoch:  23 sum loss: 1.0299
DA epoch:  23 l2 loss: 1.3641
DA epoch:  23 classifier src loss: 0.7153
DA epoch:  23 classifier tgt loss: 0.4926
DA epoch:  23 coral loss: 0.0067
DA train_steps: 16
DA epoch:  23 valid sum loss: 1.0128
DA epoch:  23 valid l2 loss: 1.4043
DA epoch:  23 valid classifier loss: 0.7040
DA epoch:  23 valid tgt classifier loss: 0.4771
DA epoch:  23 valid coral loss: 0.0072
DA train_steps: 36
DA Train Epoch: 23 [37/36]	Lambda: 0.0010, Class: 0.678078, CORAL: 0.007702, l2_loss: 1.313685, Total_Loss: 0.971939
DA Train ith Epoch 23 result:
DA train_acc: 0.986
DA train_tgt_acc: 0.951
DA valid_tgt_acc: 0.951
DA epoch:  24 sum loss: 0.9965
DA epoch:  24 l2 loss: 1.3632
DA epoch:  24 classifier src loss: 0.6946
DA epoch:  24 classifier tgt loss: 0.4675
DA epoch:  24 coral loss: 0.0075
DA train_steps: 16
DA epoch:  24 valid sum loss: 0.9812
DA epoch:  24 valid l2 loss: 1.4291
DA epoch:  24 valid classifier loss: 0.6841
DA epoch:  24 valid tgt classifier loss: 0.4514
DA epoch:  24 valid coral loss: 0.0085
DA train_steps: 36
DA Train Epoch: 24 [37/36]	Lambda: 0.0010, Class: 0.670630, CORAL: 0.009411, l2_loss: 1.484149, Total_Loss: 0.962141
DA Train ith Epoch 24 result:
DA train_acc: 0.987
DA train_tgt_acc: 0.948
DA valid_tgt_acc: 0.949
DA epoch:  25 sum loss: 0.9651
DA epoch:  25 l2 loss: 1.3625
DA epoch:  25 classifier src loss: 0.6739
DA epoch:  25 classifier tgt loss: 0.4462
DA epoch:  25 coral loss: 0.0083
DA train_steps: 16
DA epoch:  25 valid sum loss: 0.9505
DA epoch:  25 valid l2 loss: 1.3885
DA epoch:  25 valid classifier loss: 0.6624
DA epoch:  25 valid tgt classifier loss: 0.4374
DA epoch:  25 valid coral loss: 0.0087
DA train_steps: 36
DA Train Epoch: 25 [37/36]	Lambda: 0.0010, Class: 0.629178, CORAL: 0.008604, l2_loss: 1.197791, Total_Loss: 0.902986
DA Train ith Epoch 25 result:
DA train_acc: 0.988
DA train_tgt_acc: 0.952
DA valid_tgt_acc: 0.953
DA epoch:  26 sum loss: 0.9324
DA epoch:  26 l2 loss: 1.3403
DA epoch:  26 classifier src loss: 0.6521
DA epoch:  26 classifier tgt loss: 0.4267
DA epoch:  26 coral loss: 0.0090
DA train_steps: 16
DA epoch:  26 valid sum loss: 0.9165
DA epoch:  26 valid l2 loss: 1.3729
DA epoch:  26 valid classifier loss: 0.6411
DA epoch:  26 valid tgt classifier loss: 0.4136
DA epoch:  26 valid coral loss: 0.0096
DA train_steps: 36
DA Train Epoch: 26 [37/36]	Lambda: 0.0010, Class: 0.628343, CORAL: 0.010346, l2_loss: 1.445968, Total_Loss: 0.900771
DA Train ith Epoch 26 result:
DA train_acc: 0.989
DA train_tgt_acc: 0.953
DA valid_tgt_acc: 0.952
DA epoch:  27 sum loss: 0.9005
DA epoch:  27 l2 loss: 1.3296
DA epoch:  27 classifier src loss: 0.6308
DA epoch:  27 classifier tgt loss: 0.4065
DA epoch:  27 coral loss: 0.0099
DA train_steps: 16
DA epoch:  27 valid sum loss: 0.8850
DA epoch:  27 valid l2 loss: 1.3528
DA epoch:  27 valid classifier loss: 0.6191
DA epoch:  27 valid tgt classifier loss: 0.3965
DA epoch:  27 valid coral loss: 0.0103
DA train_steps: 36
DA Train Epoch: 27 [37/36]	Lambda: 0.0010, Class: 0.604418, CORAL: 0.010464, l2_loss: 1.151036, Total_Loss: 0.852021
DA Train ith Epoch 27 result:
DA train_acc: 0.990
DA train_tgt_acc: 0.952
DA valid_tgt_acc: 0.953
DA epoch:  28 sum loss: 0.8686
DA epoch:  28 l2 loss: 1.3051
DA epoch:  28 classifier src loss: 0.6089
DA epoch:  28 classifier tgt loss: 0.3890
DA epoch:  28 coral loss: 0.0107
DA train_steps: 16
DA epoch:  28 valid sum loss: 0.8546
DA epoch:  28 valid l2 loss: 1.3925
DA epoch:  28 valid classifier loss: 0.5965
DA epoch:  28 valid tgt classifier loss: 0.3769
DA epoch:  28 valid coral loss: 0.0115
DA train_steps: 36
DA Train Epoch: 28 [37/36]	Lambda: 0.0010, Class: 0.570542, CORAL: 0.010945, l2_loss: 1.356558, Total_Loss: 0.820778
DA Train ith Epoch 28 result:
DA train_acc: 0.991
DA train_tgt_acc: 0.953
DA valid_tgt_acc: 0.954
DA epoch:  29 sum loss: 0.8358
DA epoch:  29 l2 loss: 1.3026
DA epoch:  29 classifier src loss: 0.5860
DA epoch:  29 classifier tgt loss: 0.3693
DA epoch:  29 coral loss: 0.0116
DA train_steps: 16
DA epoch:  29 valid sum loss: 0.8184
DA epoch:  29 valid l2 loss: 1.3322
DA epoch:  29 valid classifier loss: 0.5732
DA epoch:  29 valid tgt classifier loss: 0.3572
DA epoch:  29 valid coral loss: 0.0121
DA train_steps: 36
DA Train Epoch: 29 [37/36]	Lambda: 0.0010, Class: 0.546847, CORAL: 0.013081, l2_loss: 1.200164, Total_Loss: 0.775887
DA Train ith Epoch 29 result:
DA train_acc: 0.992
DA train_tgt_acc: 0.952
DA valid_tgt_acc: 0.951
DA epoch:  30 sum loss: 0.8025
DA epoch:  30 l2 loss: 1.2951
DA epoch:  30 classifier src loss: 0.5620
DA epoch:  30 classifier tgt loss: 0.3516
DA epoch:  30 coral loss: 0.0128
DA train_steps: 16
DA epoch:  30 valid sum loss: 0.7855
DA epoch:  30 valid l2 loss: 1.3297
DA epoch:  30 valid classifier loss: 0.5485
DA epoch:  30 valid tgt classifier loss: 0.3409
DA epoch:  30 valid coral loss: 0.0135
DA train_steps: 36
DA Train Epoch: 30 [37/36]	Lambda: 0.0010, Class: 0.527768, CORAL: 0.014487, l2_loss: 1.434234, Total_Loss: 0.763137
DA Train ith Epoch 30 result:
DA train_acc: 0.993
DA train_tgt_acc: 0.954
DA valid_tgt_acc: 0.955
DA epoch:  31 sum loss: 0.7675
DA epoch:  31 l2 loss: 1.2858
DA epoch:  31 classifier src loss: 0.5374
DA epoch:  31 classifier tgt loss: 0.3317
DA epoch:  31 coral loss: 0.0138
DA train_steps: 16
DA epoch:  31 valid sum loss: 0.7487
DA epoch:  31 valid l2 loss: 1.3303
DA epoch:  31 valid classifier loss: 0.5235
DA epoch:  31 valid tgt classifier loss: 0.3173
DA epoch:  31 valid coral loss: 0.0150
DA train_steps: 36
DA Train Epoch: 31 [37/36]	Lambda: 0.0010, Class: 0.497600, CORAL: 0.014886, l2_loss: 1.373996, Total_Loss: 0.717661
DA Train ith Epoch 31 result:
DA train_acc: 0.993
DA train_tgt_acc: 0.952
DA valid_tgt_acc: 0.952
DA epoch:  32 sum loss: 0.7316
DA epoch:  32 l2 loss: 1.2757
DA epoch:  32 classifier src loss: 0.5123
DA epoch:  32 classifier tgt loss: 0.3111
DA epoch:  32 coral loss: 0.0151
DA train_steps: 16
DA epoch:  32 valid sum loss: 0.7159
DA epoch:  32 valid l2 loss: 1.3215
DA epoch:  32 valid classifier loss: 0.4988
DA epoch:  32 valid tgt classifier loss: 0.3020
DA epoch:  32 valid coral loss: 0.0171
DA train_steps: 36
DA Train Epoch: 32 [37/36]	Lambda: 0.0010, Class: 0.475370, CORAL: 0.016907, l2_loss: 1.076313, Total_Loss: 0.672238
DA Train ith Epoch 32 result:
DA train_acc: 0.994
DA train_tgt_acc: 0.954
DA valid_tgt_acc: 0.954
DA epoch:  33 sum loss: 0.6982
DA epoch:  33 l2 loss: 1.2564
DA epoch:  33 classifier src loss: 0.4873
DA epoch:  33 classifier tgt loss: 0.2960
DA epoch:  33 coral loss: 0.0165
DA train_steps: 16
DA epoch:  33 valid sum loss: 0.6809
DA epoch:  33 valid l2 loss: 1.3049
DA epoch:  33 valid classifier loss: 0.4738
DA epoch:  33 valid tgt classifier loss: 0.2836
DA epoch:  33 valid coral loss: 0.0177
DA train_steps: 36
DA Train Epoch: 33 [37/36]	Lambda: 0.0010, Class: 0.447571, CORAL: 0.018845, l2_loss: 1.013235, Total_Loss: 0.644052
DA Train ith Epoch 33 result:
DA train_acc: 0.994
DA train_tgt_acc: 0.955
DA valid_tgt_acc: 0.955
DA epoch:  34 sum loss: 0.6633
DA epoch:  34 l2 loss: 1.2509
DA epoch:  34 classifier src loss: 0.4626
DA epoch:  34 classifier tgt loss: 0.2762
DA epoch:  34 coral loss: 0.0186
DA train_steps: 16
DA epoch:  34 valid sum loss: 0.6486
DA epoch:  34 valid l2 loss: 1.3062
DA epoch:  34 valid classifier loss: 0.4503
DA epoch:  34 valid tgt classifier loss: 0.2661
DA epoch:  34 valid coral loss: 0.0192
DA train_steps: 36
DA Train Epoch: 34 [37/36]	Lambda: 0.0010, Class: 0.431796, CORAL: 0.017325, l2_loss: 1.111759, Total_Loss: 0.617170
DA Train ith Epoch 34 result:
DA train_acc: 0.994
DA train_tgt_acc: 0.949
DA valid_tgt_acc: 0.950
DA epoch:  35 sum loss: 0.6309
DA epoch:  35 l2 loss: 1.2272
DA epoch:  35 classifier src loss: 0.4389
DA epoch:  35 classifier tgt loss: 0.2614
DA epoch:  35 coral loss: 0.0197
DA train_steps: 16
DA epoch:  35 valid sum loss: 0.6206
DA epoch:  35 valid l2 loss: 1.2185
DA epoch:  35 valid classifier loss: 0.4267
DA epoch:  35 valid tgt classifier loss: 0.2658
DA epoch:  35 valid coral loss: 0.0172
DA train_steps: 36
DA Train Epoch: 35 [37/36]	Lambda: 0.0010, Class: 0.412065, CORAL: 0.022691, l2_loss: 1.213445, Total_Loss: 0.592304
DA Train ith Epoch 35 result:
DA train_acc: 0.994
DA train_tgt_acc: 0.955
DA valid_tgt_acc: 0.956
DA epoch:  36 sum loss: 0.6007
DA epoch:  36 l2 loss: 1.2052
DA epoch:  36 classifier src loss: 0.4160
DA epoch:  36 classifier tgt loss: 0.2489
DA epoch:  36 coral loss: 0.0209
DA train_steps: 16
DA epoch:  36 valid sum loss: 0.5867
DA epoch:  36 valid l2 loss: 1.2821
DA epoch:  36 valid classifier loss: 0.4034
DA epoch:  36 valid tgt classifier loss: 0.2383
DA epoch:  36 valid coral loss: 0.0217
DA train_steps: 36
DA Train Epoch: 36 [37/36]	Lambda: 0.0010, Class: 0.384983, CORAL: 0.023888, l2_loss: 1.258458, Total_Loss: 0.575709
DA Train ith Epoch 36 result:
DA train_acc: 0.995
DA train_tgt_acc: 0.956
DA valid_tgt_acc: 0.956
DA epoch:  37 sum loss: 0.5713
DA epoch:  37 l2 loss: 1.1813
DA epoch:  37 classifier src loss: 0.3936
DA epoch:  37 classifier tgt loss: 0.2371
DA epoch:  37 coral loss: 0.0219
DA train_steps: 16
DA epoch:  37 valid sum loss: 0.5571
DA epoch:  37 valid l2 loss: 1.2136
DA epoch:  37 valid classifier loss: 0.3817
DA epoch:  37 valid tgt classifier loss: 0.2294
DA epoch:  37 valid coral loss: 0.0211
DA train_steps: 36
DA Train Epoch: 37 [37/36]	Lambda: 0.0010, Class: 0.353900, CORAL: 0.023622, l2_loss: 0.917357, Total_Loss: 0.493212
DA Train ith Epoch 37 result:
DA train_acc: 0.995
DA train_tgt_acc: 0.955
DA valid_tgt_acc: 0.954
DA epoch:  38 sum loss: 0.5413
DA epoch:  38 l2 loss: 1.1368
DA epoch:  38 classifier src loss: 0.3719
DA epoch:  38 classifier tgt loss: 0.2251
DA epoch:  38 coral loss: 0.0223
DA train_steps: 16
DA epoch:  38 valid sum loss: 0.5305
DA epoch:  38 valid l2 loss: 1.1627
DA epoch:  38 valid classifier loss: 0.3606
DA epoch:  38 valid tgt classifier loss: 0.2235
DA epoch:  38 valid coral loss: 0.0223
DA train_steps: 36
DA Train Epoch: 38 [37/36]	Lambda: 0.0010, Class: 0.348984, CORAL: 0.033602, l2_loss: 2.448749, Total_Loss: 0.573116
DA Train ith Epoch 38 result:
DA train_acc: 0.995
DA train_tgt_acc: 0.950
DA valid_tgt_acc: 0.950
DA epoch:  39 sum loss: 0.5162
DA epoch:  39 l2 loss: 1.1379
DA epoch:  39 classifier src loss: 0.3514
DA epoch:  39 classifier tgt loss: 0.2157
DA epoch:  39 coral loss: 0.0241
DA train_steps: 16
DA epoch:  39 valid sum loss: 0.5079
DA epoch:  39 valid l2 loss: 1.1827
DA epoch:  39 valid classifier loss: 0.3403
DA epoch:  39 valid tgt classifier loss: 0.2170
DA epoch:  39 valid coral loss: 0.0280
DA train_steps: 36
DA Train Epoch: 39 [37/36]	Lambda: 0.0010, Class: 0.326251, CORAL: 0.027778, l2_loss: 1.348400, Total_Loss: 0.492725
DA Train ith Epoch 39 result:
DA train_acc: 0.996
DA train_tgt_acc: 0.956
DA valid_tgt_acc: 0.957
DA epoch:  40 sum loss: 0.4901
DA epoch:  40 l2 loss: 1.0875
DA epoch:  40 classifier src loss: 0.3313
DA epoch:  40 classifier tgt loss: 0.2088
DA epoch:  40 coral loss: 0.0247
DA train_steps: 16
DA epoch:  40 valid sum loss: 0.4753
DA epoch:  40 valid l2 loss: 1.1155
DA epoch:  40 valid classifier loss: 0.3201
DA epoch:  40 valid tgt classifier loss: 0.1987
DA epoch:  40 valid coral loss: 0.0265
DA train_steps: 36
DA Train Epoch: 40 [37/36]	Lambda: 0.0010, Class: 0.303831, CORAL: 0.025534, l2_loss: 0.961592, Total_Loss: 0.446786
DA Train ith Epoch 40 result:
DA train_acc: 0.996
DA train_tgt_acc: 0.956
DA valid_tgt_acc: 0.957
DA epoch:  41 sum loss: 0.4631
DA epoch:  41 l2 loss: 1.0586
DA epoch:  41 classifier src loss: 0.3118
DA epoch:  41 classifier tgt loss: 0.1967
DA epoch:  41 coral loss: 0.0257
DA train_steps: 16
DA epoch:  41 valid sum loss: 0.4525
DA epoch:  41 valid l2 loss: 1.0726
DA epoch:  41 valid classifier loss: 0.3018
DA epoch:  41 valid tgt classifier loss: 0.1941
DA epoch:  41 valid coral loss: 0.0237
DA train_steps: 36
DA Train Epoch: 41 [37/36]	Lambda: 0.0010, Class: 0.285919, CORAL: 0.027912, l2_loss: 0.932232, Total_Loss: 0.427179
DA Train ith Epoch 41 result:
DA train_acc: 0.996
DA train_tgt_acc: 0.956
DA valid_tgt_acc: 0.956
DA epoch:  42 sum loss: 0.4402
DA epoch:  42 l2 loss: 1.0222
DA epoch:  42 classifier src loss: 0.2930
DA epoch:  42 classifier tgt loss: 0.1922
DA epoch:  42 coral loss: 0.0251
DA train_steps: 16
DA epoch:  42 valid sum loss: 0.4299
DA epoch:  42 valid l2 loss: 1.0782
DA epoch:  42 valid classifier loss: 0.2830
DA epoch:  42 valid tgt classifier loss: 0.1859
DA epoch:  42 valid coral loss: 0.0268
DA train_steps: 36
DA Train Epoch: 42 [37/36]	Lambda: 0.0010, Class: 0.272068, CORAL: 0.029113, l2_loss: 0.889080, Total_Loss: 0.394079
DA Train ith Epoch 42 result:
DA train_acc: 0.997
DA train_tgt_acc: 0.958
DA valid_tgt_acc: 0.959
DA epoch:  43 sum loss: 0.4168
DA epoch:  43 l2 loss: 0.9927
DA epoch:  43 classifier src loss: 0.2749
DA epoch:  43 classifier tgt loss: 0.1845
DA epoch:  43 coral loss: 0.0248
DA train_steps: 16
DA epoch:  43 valid sum loss: 0.4056
DA epoch:  43 valid l2 loss: 1.0598
DA epoch:  43 valid classifier loss: 0.2653
DA epoch:  43 valid tgt classifier loss: 0.1746
DA epoch:  43 valid coral loss: 0.0288
DA train_steps: 36
DA Train Epoch: 43 [37/36]	Lambda: 0.0010, Class: 0.246750, CORAL: 0.027119, l2_loss: 2.013966, Total_Loss: 0.446697
DA Train ith Epoch 43 result:
DA train_acc: 0.997
DA train_tgt_acc: 0.957
DA valid_tgt_acc: 0.958
DA epoch:  44 sum loss: 0.3955
DA epoch:  44 l2 loss: 0.9884
DA epoch:  44 classifier src loss: 0.2571
DA epoch:  44 classifier tgt loss: 0.1779
DA epoch:  44 coral loss: 0.0254
DA train_steps: 16
DA epoch:  44 valid sum loss: 0.3842
DA epoch:  44 valid l2 loss: 0.9764
DA epoch:  44 valid classifier loss: 0.2473
DA epoch:  44 valid tgt classifier loss: 0.1761
DA epoch:  44 valid coral loss: 0.0222
DA train_steps: 36
DA Train Epoch: 44 [37/36]	Lambda: 0.0010, Class: 0.222922, CORAL: 0.027514, l2_loss: 0.796930, Total_Loss: 0.339075
DA Train ith Epoch 44 result:
DA train_acc: 0.997
DA train_tgt_acc: 0.956
DA valid_tgt_acc: 0.957
DA epoch:  45 sum loss: 0.3739
DA epoch:  45 l2 loss: 0.9353
DA epoch:  45 classifier src loss: 0.2401
DA epoch:  45 classifier tgt loss: 0.1741
DA epoch:  45 coral loss: 0.0255
DA train_steps: 16
DA epoch:  45 valid sum loss: 0.3672
DA epoch:  45 valid l2 loss: 0.9773
DA epoch:  45 valid classifier loss: 0.2312
DA epoch:  45 valid tgt classifier loss: 0.1744
DA epoch:  45 valid coral loss: 0.0269
DA train_steps: 36
DA Train Epoch: 45 [37/36]	Lambda: 0.0010, Class: 0.222438, CORAL: 0.025301, l2_loss: 1.057155, Total_Loss: 0.358649
DA Train ith Epoch 45 result:
DA train_acc: 0.997
DA train_tgt_acc: 0.958
DA valid_tgt_acc: 0.958
DA epoch:  46 sum loss: 0.3548
DA epoch:  46 l2 loss: 0.9110
DA epoch:  46 classifier src loss: 0.2243
DA epoch:  46 classifier tgt loss: 0.1699
DA epoch:  46 coral loss: 0.0249
DA train_steps: 16
DA epoch:  46 valid sum loss: 0.3450
DA epoch:  46 valid l2 loss: 0.9542
DA epoch:  46 valid classifier loss: 0.2151
DA epoch:  46 valid tgt classifier loss: 0.1643
DA epoch:  46 valid coral loss: 0.0242
DA train_steps: 36
DA Train Epoch: 46 [37/36]	Lambda: 0.0010, Class: 0.201848, CORAL: 0.026032, l2_loss: 0.821833, Total_Loss: 0.327340
DA Train ith Epoch 46 result:
DA train_acc: 0.997
DA train_tgt_acc: 0.960
DA valid_tgt_acc: 0.959
DA epoch:  47 sum loss: 0.3348
DA epoch:  47 l2 loss: 0.8849
DA epoch:  47 classifier src loss: 0.2091
DA epoch:  47 classifier tgt loss: 0.1629
DA epoch:  47 coral loss: 0.0254
DA train_steps: 16
DA epoch:  47 valid sum loss: 0.3266
DA epoch:  47 valid l2 loss: 0.9455
DA epoch:  47 valid classifier loss: 0.2005
DA epoch:  47 valid tgt classifier loss: 0.1575
DA epoch:  47 valid coral loss: 0.0266
DA train_steps: 36
DA Train Epoch: 47 [37/36]	Lambda: 0.0010, Class: 0.185812, CORAL: 0.025740, l2_loss: 0.729116, Total_Loss: 0.289128
DA Train ith Epoch 47 result:
DA train_acc: 0.997
DA train_tgt_acc: 0.960
DA valid_tgt_acc: 0.960
DA epoch:  48 sum loss: 0.3175
DA epoch:  48 l2 loss: 0.8618
DA epoch:  48 classifier src loss: 0.1949
DA epoch:  48 classifier tgt loss: 0.1589
DA epoch:  48 coral loss: 0.0246
DA train_steps: 16
DA epoch:  48 valid sum loss: 0.3114
DA epoch:  48 valid l2 loss: 0.9035
DA epoch:  48 valid classifier loss: 0.1878
DA epoch:  48 valid tgt classifier loss: 0.1568
DA epoch:  48 valid coral loss: 0.0255
DA train_steps: 36
DA Train Epoch: 48 [37/36]	Lambda: 0.0010, Class: 0.173169, CORAL: 0.028257, l2_loss: 0.754868, Total_Loss: 0.283555
DA Train ith Epoch 48 result:
DA train_acc: 0.998
DA train_tgt_acc: 0.959
DA valid_tgt_acc: 0.959
DA epoch:  49 sum loss: 0.3020
DA epoch:  49 l2 loss: 0.8419
DA epoch:  49 classifier src loss: 0.1818
DA epoch:  49 classifier tgt loss: 0.1562
DA epoch:  49 coral loss: 0.0244
DA train_steps: 16
DA epoch:  49 valid sum loss: 0.2971
DA epoch:  49 valid l2 loss: 0.9028
DA epoch:  49 valid classifier loss: 0.1746
DA epoch:  49 valid tgt classifier loss: 0.1546
DA epoch:  49 valid coral loss: 0.0293
DA train_steps: 36
DA Train Epoch: 49 [37/36]	Lambda: 0.0010, Class: 0.162094, CORAL: 0.023223, l2_loss: 0.813785, Total_Loss: 0.275005
DA Train ith Epoch 49 result:
DA train_acc: 0.998
DA train_tgt_acc: 0.958
DA valid_tgt_acc: 0.958
DA epoch:  50 sum loss: 0.2871
DA epoch:  50 l2 loss: 0.8234
DA epoch:  50 classifier src loss: 0.1695
DA epoch:  50 classifier tgt loss: 0.1529
DA epoch:  50 coral loss: 0.0237
DA train_steps: 16
DA epoch:  50 valid sum loss: 0.2806
DA epoch:  50 valid l2 loss: 0.8522
DA epoch:  50 valid classifier loss: 0.1621
DA epoch:  50 valid tgt classifier loss: 0.1516
DA epoch:  50 valid coral loss: 0.0227
Accuracy: 0.958
