torch.cuda.is_available: True
X_v shape:
(14071876, 20)
Y_v.shape:
[[2 3]
 [2 3]
 [2 3]
 ...
 [1 1]
 [1 1]
 [1 1]]
Y_v.shape:
X_c shape:
(14071876, 25)
Y_c.shape:
Y_c.shape:
equal labels:
0.8714653255898502
original X_v:  (14071876, 20)
rows.shape: 1
Iff: (13909520, 4)
after SZA X_v:  (13909520, 20)
after SZA X_c:  (13909520, 25)
Latlon.shape: (13909520, 2)
Latlon: [[-76.6892217   30.52964783]
 [-76.69393667  30.51318296]
 [-76.69864655  30.49670982]
 [-76.70571136  30.47197723]]
rows.shape after filter Latlon: 1
Latlon  after filter Latlon: (691939, 2)
Latlon  after filter Latlon: [[-81.63035774 -60.02995205]
 [-81.62892151 -60.07541656]
 [-81.62763468 -60.11581167]
 [-81.62634786 -60.15619659]
 [-81.62457275 -60.21169949]
 [-81.62310791 -60.25708389]
 [-81.62179565 -60.29738998]
 [-81.62048086 -60.3376859 ]
 [-81.61849976 -60.39810435]
 [-81.61717224 -60.43836975]
 [-81.61583964 -60.47861989]
 [-81.61417007 -60.52891731]
 [-81.61250305 -60.57920583]
 [-81.61117554 -60.61943817]
 [-81.60919189 -60.67977905]
 [-81.60819244 -60.70993614]
 [-81.60719299 -60.74009323]
 [-81.60518646 -60.80038071]
 [-81.60518646 -60.80038071]
 [-81.60266685 -60.87569904]
 [-81.60115051 -60.92087173]
 [-81.59979757 -60.96100489]
 [-81.59809875 -61.01116753]
 [-81.59656906 -61.0563345 ]
 [-81.595047   -61.10154724]
 [-81.59367879 -61.14173126]
 [-81.59196854 -61.19194412]
 [-81.5904274  -61.23711872]
 [-81.58888245 -61.28227997]
 [-81.58732605 -61.32741833]
 [-81.58576584 -61.37254143]
 [-81.58402761 -61.42266337]
 [-81.5836792  -61.43268585]
 [-81.58210564 -61.4777813 ]
 [-81.58052063 -61.5228653 ]
 [-81.5789299  -61.56792927]
 [-81.57733536 -61.61297798]
 [-81.57555898 -61.66301346]
 [-81.57413483 -61.70302963]
 [-81.57252121 -61.74802494]
 [-81.57053884 -61.80300903]
 [-81.56908671 -61.84298706]
 [-81.56762695 -61.88295746]
 [-81.56597328 -61.92790127]
 [-81.56395213 -61.98281225]
 [-81.56247711 -62.02273178]
 [-81.56099701 -62.06264114]
 [-81.55876923 -62.12247467]
 [-81.55876923 -62.12247467]
 [-81.55652618 -62.18227768]]
Max Lat: -60.000021616617836
Min Lat: -81.83250427246094
Max Lon: -60.00019836425781
Min Lon: -179.9995574951172
after filter Latlon X_v:  (691939, 20)
 after filter Latlon X_c:  (691939, 25)
(691939, 20)
(691939, 27)
file_count: 0
loading data: /umbc/rs/nasa-access/xin/data/training/2014.npz
X_v shape:
(13152658, 20)
Y_v.shape:
[[2 2]
 [2 2]
 [2 2]
 ...
 [1 1]
 [1 1]
 [1 1]]
Y_v.shape:
X_c shape:
(13152658, 25)
Y_c.shape:
Y_c.shape:
equal labels:
0.8733592099786979
original X_v:  (13152658, 20)
rows.shape: 1
Iff: (12845112, 4)
after SZA X_v:  (12845112, 20)
after SZA X_c:  (12845112, 25)
Latlon.shape: (12845112, 2)
Latlon: [[-48.08842278  18.5876236 ]
 [-48.07962608  18.5841279 ]
 [-48.02672958  18.5630126 ]
 [-48.01791     18.55948973]]
rows.shape after filter Latlon: 1
Latlon  after filter Latlon: (577629, 2)
Latlon  after filter Latlon: [[ -60.94313812 -161.67367554]
 [ -60.93669796 -161.67813873]
 [ -60.9302597  -161.6825943 ]
 [ -60.92310588 -161.68754069]
 [ -60.91738129 -161.6914978 ]
 [ -60.91094112 -161.69594955]
 [ -60.90450287 -161.70042419]
 [ -60.89735285 -161.70543925]
 [ -60.89163589 -161.70948792]
 [ -60.88520432 -161.71403122]
 [ -60.87877464 -161.71858215]
 [ -60.87163035 -161.72364299]
 [ -60.86376953 -161.72920609]
 [ -60.85948181 -161.73223495]
 [ -60.85305023 -161.73677826]
 [ -60.84590403 -161.74182638]
 [ -60.84304555 -161.74384562]
 [ -60.8359108  -161.74884796]
 [ -60.83163452 -161.75183105]
 [ -60.82309341 -161.75773621]
 [ -60.81455612 -161.76365662]
 [ -60.81028557 -161.76660919]
 [ -60.80601501 -161.76956177]
 [ -60.79747391 -161.77546692]
 [ -60.7889328  -161.78137207]
 [ -60.78466225 -161.78433228]
 [ -60.78039169 -161.78729248]
 [ -60.7718277  -161.79333496]
 [ -60.67754745 -161.85908508]
 [ -60.67182795 -161.86303202]
 [ -60.66466904 -161.86798096]
 [ -60.65749486 -161.87296041]
 [ -60.65174484 -161.87696838]
 [ -60.64599737 -161.88097636]
 [ -60.64312363 -161.88298035]
 [ -60.63665485 -161.88747787]
 [ -60.62875112 -161.89297485]
 [ -60.62300237 -161.89697266]
 [ -60.61725235 -161.90097046]
 [ -60.61078358 -161.90537643]
 [ -60.60287476 -161.91072083]
 [ -60.59712346 -161.91459656]
 [ -60.58921623 -161.91992188]
 [ -60.58490181 -161.92282104]
 [ -60.57699458 -161.92813619]
 [ -60.57124329 -161.93200684]
 [ -60.56333351 -161.93733597]
 [ -60.55901909 -161.94024277]
 [ -60.5511322  -161.9456838 ]
 [ -60.54540253 -161.9496816 ]]
Max Lat: -60.00001907348633
Min Lat: -81.83429718017578
Max Lon: -60.00034141540527
Min Lon: -179.99984741210938
after filter Latlon X_v:  (577629, 20)
 after filter Latlon X_c:  (577629, 25)
(577629, 20)
(577629, 27)
file_count: 0
loading data: /umbc/rs/nasa-access/xin/data/training/2016.npz
X_v shape:
(14627017, 20)
Y_v.shape:
[[3 1]
 [3 1]
 [3 1]
 ...
 [1 1]
 [1 2]
 [1 3]]
Y_v.shape:
X_c shape:
(14627017, 25)
Y_c.shape:
Y_c.shape:
equal labels:
0.873341160402015
original X_v:  (14627017, 20)
rows.shape: 1
Iff: (14235326, 4)
after SZA X_v:  (14235326, 20)
after SZA X_c:  (14235326, 25)
Latlon.shape: (14235326, 2)
Latlon: [[-76.93701744  46.52783871]
 [-76.93876648  46.52144241]
 [-76.9434255   46.50436783]
 [-76.94924927  46.48301315]]
rows.shape after filter Latlon: 1
Latlon  after filter Latlon: (753272, 2)
Latlon  after filter Latlon: [[-80.66710091 -60.01827526]
 [-80.66387939 -60.0549736 ]
 [-80.63652039 -60.36406962]
 [-80.63253212 -60.40878487]
 [-80.63035393 -60.43315697]
 [-80.62636058 -60.47778575]
 [-80.62345886 -60.51012675]
 [-80.62055969 -60.54236603]
 [-80.61621094 -60.59064484]
 [-80.61331177 -60.62280019]
 [-80.61040751 -60.65494029]
 [-80.60895284 -60.67100271]
 [-80.60531616 -60.71113777]
 [-80.60203934 -60.74723625]
 [-80.59875488 -60.78331375]
 [-80.59547043 -60.81939411]
 [-80.59217072 -60.85551262]
 [-80.58849589 -60.8956515 ]
 [-80.58555603 -60.92774582]
 [-80.58223724 -60.9638176 ]
 [-80.57891846 -60.99986649]
 [-80.19667053 -64.78024292]
 [-80.19174194 -64.82499695]
 [-80.18681335 -64.8697052 ]
 [-80.18434143 -64.89203644]
 [-80.1802063  -64.92923737]
 [-80.17687988 -64.95897675]
 [-80.17313766 -64.99239922]
 [-80.17189026 -65.00354004]
 [-80.1681366  -65.03692818]
 [-80.16438293 -65.07029724]
 [-80.1602122  -65.10734558]
 [-80.15687561 -65.13696289]
 [-80.15353394 -65.16652425]
 [-80.1485316  -65.21074931]
 [-80.14519755 -65.24017588]
 [-80.14186096 -65.26958466]
 [-80.13685608 -65.31365204]
 [-80.13184357 -65.35767365]
 [-80.13184357 -65.35767365]
 [-80.12556648 -65.4126339 ]
 [-80.1230526  -65.43460274]
 [-80.11844381 -65.47484843]
 [-80.114254   -65.51141739]
 [-80.11341604 -65.51873016]
 [-80.10923004 -65.55528259]
 [-80.10504405 -65.59180959]
 [-80.1016922  -65.62100983]
 [-80.09834035 -65.65018972]
 [-80.09414291 -65.68663788]]
Max Lat: -60.000017166137695
Min Lat: -81.83383178710938
Max Lon: -60.00041580200195
Min Lon: -179.9982147216797
after filter Latlon X_v:  (753272, 20)
 after filter Latlon X_c:  (753272, 25)
(753272, 20)
(753272, 27)
file_count: 0
loading data: /umbc/rs/nasa-access/xin/data/training/2013.npz
X_v shape:
(14435272, 20)
Y_v.shape:
[[2 2]
 [2 2]
 [2 2]
 ...
 [3 3]
 [3 3]
 [3 3]]
Y_v.shape:
X_c shape:
(14435272, 25)
Y_c.shape:
Y_c.shape:
equal labels:
0.870300331022512
original X_v:  (14435272, 20)
rows.shape: 1
Iff: (14202734, 4)
after SZA X_v:  (14202734, 20)
after SZA X_c:  (14202734, 25)
Latlon.shape: (14202734, 2)
Latlon: [[-64.67432976 168.83997345]
 [-64.66664378 168.83310954]
 [-64.65965652 168.82687378]
 [-64.65264893 168.8206075 ]]
rows.shape after filter Latlon: 1
Latlon  after filter Latlon: (681896, 2)
Latlon  after filter Latlon: [[ -81.74817403  -60.00977834]
 [ -81.74914932  -60.06144714]
 [ -81.75002098  -60.10794353]
 [ -81.75088501  -60.15444946]
 [ -81.75164795  -60.19579824]
 [ -81.75278727  -60.25783157]
 [ -81.75354258  -60.29919688]
 [ -81.75429535  -60.34056854]
 [ -81.75541687  -60.40264511]
 [ -81.7565155   -60.46513748]
 [ -81.75687663  -60.48615774]
 [ -81.75786591  -60.54396915]
 [ -81.75839996  -60.57551098]
 [ -81.75893211  -60.60705566]
 [ -81.75972748  -60.65437698]
 [ -81.7604243   -60.69645055]
 [ -81.76111857  -60.73853048]
 [ -81.76215363  -60.80166245]
 [ -81.76284027  -60.84375381]
 [ -81.76357778  -60.88556544]
 [ -81.76450729  -60.93773842]
 [ -81.76506805  -60.96900558]
 [ -81.76618195  -61.03155518]
 [ -81.76701164  -61.07847881]
 [ -81.76783752  -61.12541199]
 [ -81.76874797  -61.17757289]
 [ -81.76971626  -61.23499775]
 [ -81.77020836  -61.26637173]
 [ -81.77109019  -61.32392629]
 [ -68.21382713 -138.06361771]
 [ -68.20761871 -138.07099915]
 [ -68.03976631 -138.26958847]
 [ -68.03354645 -138.27690125]
 [ -68.02803802 -138.28333028]
 [ -67.98810196 -138.32982635]
 [ -67.9819088  -138.33704758]
 [ -67.97572327 -138.34431458]
 [ -67.97023519 -138.35084534]
 [ -67.96200307 -138.36064148]
 [ -67.95651499 -138.36717224]
 [ -67.95102692 -138.373703  ]
 [ -67.9427948  -138.38348389]
 [ -67.93867874 -138.38837433]
 [ -67.93180084 -138.39648438]
 [ -67.92419434 -138.4053154 ]
 [ -67.92350006 -138.40611267]
 [ -67.91586113 -138.41488266]
 [ -67.91169167 -138.41966629]
 [ -67.90404765 -138.42842611]
 [ -67.89849091 -138.43479411]]
Max Lat: -60.00009536743164
Min Lat: -81.83801078796387
Max Lon: -60.00001525878906
Min Lon: -179.99964904785156
after filter Latlon X_v:  (681896, 20)
 after filter Latlon X_c:  (681896, 25)
(681896, 20)
(681896, 27)
file_count: 0
loading data: /umbc/rs/nasa-access/xin/data/training/2015.npz
X_v.shape after conconact all files: (681896, 20)
X_c.shape after concanat all fiels: (681896, 27)
Y.shape after concanat all files: (681896, 2)
(681896, 47)
saved scaler done
(477327, 20)
(204569, 20)
(477327, 22)
(204569, 22)
DA train_steps: 234
DA Train Epoch:  0 [235/234]	Lambda: 0.0010, Class: 1.366337, CORAL: 0.002058, l2_loss: 1.372419, Total_Loss: 2.104368
DA Train ith Epoch 0 result:
DA train_acc: 0.484
DA train_tgt_acc: 0.466
DA valid_tgt_acc: 0.466
DA epoch:   1 sum loss: 2.0691
DA epoch:   1 l2 loss: 1.7563
DA epoch:   1 classifier src loss: 1.3046
DA epoch:   1 classifier tgt loss: 1.3534
DA epoch:   1 coral loss: 0.0019
DA train_steps: 100
DA epoch:   1 valid sum loss: 1.6453
DA epoch:   1 valid l2 loss: 0.9624
DA epoch:   1 valid classifier loss: 1.0599
DA epoch:   1 valid tgt classifier loss: 1.0746
DA epoch:   1 valid coral loss: 0.0007
DA train_steps: 234
DA Train Epoch:  1 [235/234]	Lambda: 0.0010, Class: 0.906512, CORAL: 0.022147, l2_loss: 1.471919, Total_Loss: 1.300928
DA Train ith Epoch 1 result:
DA train_acc: 0.564
DA train_tgt_acc: 0.876
DA valid_tgt_acc: 0.876
DA epoch:   2 sum loss: 1.4661
DA epoch:   2 l2 loss: 1.2234
DA epoch:   2 classifier src loss: 0.9744
DA epoch:   2 classifier tgt loss: 0.8611
DA epoch:   2 coral loss: 0.0060
DA train_steps: 100
DA epoch:   2 valid sum loss: 1.2884
DA epoch:   2 valid l2 loss: 1.5696
DA epoch:   2 valid classifier loss: 0.8899
DA epoch:   2 valid tgt classifier loss: 0.6401
DA epoch:   2 valid coral loss: 0.0216
DA train_steps: 234
DA Train Epoch:  2 [235/234]	Lambda: 0.0010, Class: 0.665594, CORAL: 0.028499, l2_loss: 1.031292, Total_Loss: 0.939468
DA Train ith Epoch 2 result:
DA train_acc: 0.934
DA train_tgt_acc: 0.919
DA valid_tgt_acc: 0.919
DA epoch:   3 sum loss: 1.1357
DA epoch:   3 l2 loss: 1.4304
DA epoch:   3 classifier src loss: 0.7917
DA epoch:   3 classifier tgt loss: 0.5450
DA epoch:   3 coral loss: 0.0300
DA train_steps: 100
DA epoch:   3 valid sum loss: 0.9750
DA epoch:   3 valid l2 loss: 1.2828
DA epoch:   3 valid classifier loss: 0.6789
DA epoch:   3 valid tgt classifier loss: 0.4639
DA epoch:   3 valid coral loss: 0.0296
DA train_steps: 234
DA Train Epoch:  3 [235/234]	Lambda: 0.0010, Class: 0.473770, CORAL: 0.030633, l2_loss: 0.789110, Total_Loss: 0.684835
DA Train ith Epoch 3 result:
DA train_acc: 0.962
DA train_tgt_acc: 0.934
DA valid_tgt_acc: 0.932
DA epoch:   4 sum loss: 0.8142
DA epoch:   4 l2 loss: 1.1450
DA epoch:   4 classifier src loss: 0.5593
DA epoch:   4 classifier tgt loss: 0.3952
DA epoch:   4 coral loss: 0.0333
DA train_steps: 100
DA epoch:   4 valid sum loss: 0.6772
DA epoch:   4 valid l2 loss: 1.0354
DA epoch:   4 valid classifier loss: 0.4517
DA epoch:   4 valid tgt classifier loss: 0.3475
DA epoch:   4 valid coral loss: 0.0348
DA train_steps: 234
DA Train Epoch:  4 [235/234]	Lambda: 0.0010, Class: 0.272466, CORAL: 0.037231, l2_loss: 0.514594, Total_Loss: 0.466483
DA Train ith Epoch 4 result:
DA train_acc: 0.983
DA train_tgt_acc: 0.935
DA valid_tgt_acc: 0.934
DA epoch:   5 sum loss: 0.5754
DA epoch:   5 l2 loss: 0.9025
DA epoch:   5 classifier src loss: 0.3717
DA epoch:   5 classifier tgt loss: 0.3170
DA epoch:   5 coral loss: 0.0314
DA train_steps: 100
DA epoch:   5 valid sum loss: 0.4996
DA epoch:   5 valid l2 loss: 0.8776
DA epoch:   5 valid classifier loss: 0.3067
DA epoch:   5 valid tgt classifier loss: 0.2981
DA epoch:   5 valid coral loss: 0.0352
DA train_steps: 234
DA Train Epoch:  5 [235/234]	Lambda: 0.0010, Class: 0.229947, CORAL: 0.021541, l2_loss: 0.678175, Total_Loss: 0.379625
DA Train ith Epoch 5 result:
DA train_acc: 0.994
DA train_tgt_acc: 0.939
DA valid_tgt_acc: 0.938
DA epoch:   6 sum loss: 0.4359
DA epoch:   6 l2 loss: 0.7990
DA epoch:   6 classifier src loss: 0.2584
DA epoch:   6 classifier tgt loss: 0.2749
DA epoch:   6 coral loss: 0.0242
DA train_steps: 100
DA epoch:   6 valid sum loss: 0.3878
DA epoch:   6 valid l2 loss: 0.7892
DA epoch:   6 valid classifier loss: 0.2178
DA epoch:   6 valid tgt classifier loss: 0.2612
DA epoch:   6 valid coral loss: 0.0189
DA train_steps: 234
DA Train Epoch:  6 [235/234]	Lambda: 0.0010, Class: 0.149133, CORAL: 0.010320, l2_loss: 0.478326, Total_Loss: 0.296271
DA Train ith Epoch 6 result:
DA train_acc: 0.996
DA train_tgt_acc: 0.941
DA valid_tgt_acc: 0.940
DA epoch:   7 sum loss: 0.3455
DA epoch:   7 l2 loss: 0.7515
DA epoch:   7 classifier src loss: 0.1856
DA epoch:   7 classifier tgt loss: 0.2446
DA epoch:   7 coral loss: 0.0182
DA train_steps: 100
DA epoch:   7 valid sum loss: 0.3145
DA epoch:   7 valid l2 loss: 0.7775
DA epoch:   7 valid classifier loss: 0.1592
DA epoch:   7 valid tgt classifier loss: 0.2328
DA epoch:   7 valid coral loss: 0.0221
DA train_steps: 234
DA Train Epoch:  7 [235/234]	Lambda: 0.0010, Class: 0.121093, CORAL: 0.083269, l2_loss: 1.835813, Total_Loss: 0.285516
DA Train ith Epoch 7 result:
DA train_acc: 0.997
DA train_tgt_acc: 0.942
DA valid_tgt_acc: 0.941
DA epoch:   8 sum loss: 0.2833
DA epoch:   8 l2 loss: 0.7337
DA epoch:   8 classifier src loss: 0.1371
DA epoch:   8 classifier tgt loss: 0.2189
DA epoch:   8 coral loss: 0.0145
DA train_steps: 100
DA epoch:   8 valid sum loss: 0.2625
DA epoch:   8 valid l2 loss: 0.7447
DA epoch:   8 valid classifier loss: 0.1191
DA epoch:   8 valid tgt classifier loss: 0.2122
DA epoch:   8 valid coral loss: 0.0131
DA train_steps: 234
DA Train Epoch:  8 [235/234]	Lambda: 0.0010, Class: 0.076549, CORAL: 0.007510, l2_loss: 0.568898, Total_Loss: 0.222331
DA Train ith Epoch 8 result:
DA train_acc: 0.997
DA train_tgt_acc: 0.939
DA valid_tgt_acc: 0.938
DA epoch:   9 sum loss: 0.2395
DA epoch:   9 l2 loss: 0.7184
DA epoch:   9 classifier src loss: 0.1030
DA epoch:   9 classifier tgt loss: 0.2010
DA epoch:   9 coral loss: 0.0121
DA train_steps: 100
DA epoch:   9 valid sum loss: 0.2319
DA epoch:   9 valid l2 loss: 0.7529
DA epoch:   9 valid classifier loss: 0.0901
DA epoch:   9 valid tgt classifier loss: 0.2083
DA epoch:   9 valid coral loss: 0.0082
DA train_steps: 234
DA Train Epoch:  9 [235/234]	Lambda: 0.0010, Class: 0.063173, CORAL: 0.003585, l2_loss: 0.469539, Total_Loss: 0.178707
DA Train ith Epoch 9 result:
DA train_acc: 0.998
DA train_tgt_acc: 0.943
DA valid_tgt_acc: 0.941
DA epoch:  10 sum loss: 0.2072
DA epoch:  10 l2 loss: 0.7110
DA epoch:  10 classifier src loss: 0.0779
DA epoch:  10 classifier tgt loss: 0.1875
DA epoch:  10 coral loss: 0.0109
DA train_steps: 100
DA epoch:  10 valid sum loss: 0.1990
DA epoch:  10 valid l2 loss: 0.7280
DA epoch:  10 valid classifier loss: 0.0681
DA epoch:  10 valid tgt classifier loss: 0.1889
DA epoch:  10 valid coral loss: 0.0059
DA train_steps: 234
DA Train Epoch: 10 [235/234]	Lambda: 0.0010, Class: 0.045672, CORAL: 0.023635, l2_loss: 0.396902, Total_Loss: 0.133490
DA Train ith Epoch 10 result:
DA train_acc: 0.998
DA train_tgt_acc: 0.946
DA valid_tgt_acc: 0.945
DA epoch:  11 sum loss: 0.1813
DA epoch:  11 l2 loss: 0.7022
DA epoch:  11 classifier src loss: 0.0586
DA epoch:  11 classifier tgt loss: 0.1751
DA epoch:  11 coral loss: 0.0108
DA train_steps: 100
DA epoch:  11 valid sum loss: 0.1738
DA epoch:  11 valid l2 loss: 0.7320
DA epoch:  11 valid classifier loss: 0.0512
DA epoch:  11 valid tgt classifier loss: 0.1720
DA epoch:  11 valid coral loss: 0.0101
DA train_steps: 234
DA Train Epoch: 11 [235/234]	Lambda: 0.0010, Class: 0.031356, CORAL: 0.007192, l2_loss: 0.478483, Total_Loss: 0.122770
DA Train ith Epoch 11 result:
DA train_acc: 0.999
DA train_tgt_acc: 0.946
DA valid_tgt_acc: 0.945
DA epoch:  12 sum loss: 0.1618
DA epoch:  12 l2 loss: 0.6974
DA epoch:  12 classifier src loss: 0.0438
DA epoch:  12 classifier tgt loss: 0.1662
DA epoch:  12 coral loss: 0.0110
DA train_steps: 100
DA epoch:  12 valid sum loss: 0.1569
DA epoch:  12 valid l2 loss: 0.7154
DA epoch:  12 valid classifier loss: 0.0382
DA epoch:  12 valid tgt classifier loss: 0.1658
DA epoch:  12 valid coral loss: 0.0094
DA train_steps: 234
DA Train Epoch: 12 [235/234]	Lambda: 0.0010, Class: 0.024653, CORAL: 0.015594, l2_loss: 0.317783, Total_Loss: 0.093622
DA Train ith Epoch 12 result:
DA train_acc: 0.999
DA train_tgt_acc: 0.945
DA valid_tgt_acc: 0.944
DA epoch:  13 sum loss: 0.1463
DA epoch:  13 l2 loss: 0.6913
DA epoch:  13 classifier src loss: 0.0327
DA epoch:  13 classifier tgt loss: 0.1582
DA epoch:  13 coral loss: 0.0117
DA train_steps: 100
DA epoch:  13 valid sum loss: 0.1450
DA epoch:  13 valid l2 loss: 0.7350
DA epoch:  13 valid classifier loss: 0.0285
DA epoch:  13 valid tgt classifier loss: 0.1594
DA epoch:  13 valid coral loss: 0.0208
DA train_steps: 234
DA Train Epoch: 13 [235/234]	Lambda: 0.0010, Class: 0.019419, CORAL: 0.013598, l2_loss: 0.571419, Total_Loss: 0.165393
DA Train ith Epoch 13 result:
DA train_acc: 0.999
DA train_tgt_acc: 0.946
DA valid_tgt_acc: 0.945
DA epoch:  14 sum loss: 0.1359
DA epoch:  14 l2 loss: 0.6881
DA epoch:  14 classifier src loss: 0.0244
DA epoch:  14 classifier tgt loss: 0.1541
DA epoch:  14 coral loss: 0.0136
DA train_steps: 100
DA epoch:  14 valid sum loss: 0.1359
DA epoch:  14 valid l2 loss: 0.7186
DA epoch:  14 valid classifier loss: 0.0215
DA epoch:  14 valid tgt classifier loss: 0.1570
DA epoch:  14 valid coral loss: 0.0124
DA train_steps: 234
DA Train Epoch: 14 [235/234]	Lambda: 0.0010, Class: 0.014559, CORAL: 0.008984, l2_loss: 0.493220, Total_Loss: 0.107457
DA Train ith Epoch 14 result:
DA train_acc: 0.999
DA train_tgt_acc: 0.948
DA valid_tgt_acc: 0.947
DA epoch:  15 sum loss: 0.1274
DA epoch:  15 l2 loss: 0.6837
DA epoch:  15 classifier src loss: 0.0185
DA epoch:  15 classifier tgt loss: 0.1495
DA epoch:  15 coral loss: 0.0155
DA train_steps: 100
DA epoch:  15 valid sum loss: 0.1252
DA epoch:  15 valid l2 loss: 0.7131
DA epoch:  15 valid classifier loss: 0.0164
DA epoch:  15 valid tgt classifier loss: 0.1462
DA epoch:  15 valid coral loss: 0.0150
DA train_steps: 234
DA Train Epoch: 15 [235/234]	Lambda: 0.0010, Class: 0.013107, CORAL: 0.066593, l2_loss: 1.886262, Total_Loss: 0.164040
DA Train ith Epoch 15 result:
DA train_acc: 1.000
DA train_tgt_acc: 0.948
DA valid_tgt_acc: 0.948
DA epoch:  16 sum loss: 0.1212
DA epoch:  16 l2 loss: 0.6866
DA epoch:  16 classifier src loss: 0.0142
DA epoch:  16 classifier tgt loss: 0.1453
DA epoch:  16 coral loss: 0.0174
DA train_steps: 100
DA epoch:  16 valid sum loss: 0.1192
DA epoch:  16 valid l2 loss: 0.7106
DA epoch:  16 valid classifier loss: 0.0127
DA epoch:  16 valid tgt classifier loss: 0.1419
DA epoch:  16 valid coral loss: 0.0187
DA train_steps: 234
DA Train Epoch: 16 [235/234]	Lambda: 0.0010, Class: 0.008840, CORAL: 0.014259, l2_loss: 0.552474, Total_Loss: 0.148132
DA Train ith Epoch 16 result:
DA train_acc: 1.000
DA train_tgt_acc: 0.945
DA valid_tgt_acc: 0.944
DA epoch:  17 sum loss: 0.1160
DA epoch:  17 l2 loss: 0.6775
DA epoch:  17 classifier src loss: 0.0110
DA epoch:  17 classifier tgt loss: 0.1422
DA epoch:  17 coral loss: 0.0191
DA train_steps: 100
DA epoch:  17 valid sum loss: 0.1189
DA epoch:  17 valid l2 loss: 0.7146
DA epoch:  17 valid classifier loss: 0.0099
DA epoch:  17 valid tgt classifier loss: 0.1465
DA epoch:  17 valid coral loss: 0.0198
DA train_steps: 234
DA Train Epoch: 17 [235/234]	Lambda: 0.0010, Class: 0.007253, CORAL: 0.018008, l2_loss: 0.704605, Total_Loss: 0.092257
DA Train ith Epoch 17 result:
DA train_acc: 1.000
DA train_tgt_acc: 0.950
DA valid_tgt_acc: 0.949
DA epoch:  18 sum loss: 0.1126
DA epoch:  18 l2 loss: 0.6757
DA epoch:  18 classifier src loss: 0.0087
DA epoch:  18 classifier tgt loss: 0.1402
DA epoch:  18 coral loss: 0.0210
DA train_steps: 100
DA epoch:  18 valid sum loss: 0.1120
DA epoch:  18 valid l2 loss: 0.7030
DA epoch:  18 valid classifier loss: 0.0079
DA epoch:  18 valid tgt classifier loss: 0.1378
DA epoch:  18 valid coral loss: 0.0203
DA train_steps: 234
DA Train Epoch: 18 [235/234]	Lambda: 0.0010, Class: 0.004657, CORAL: 0.009599, l2_loss: 0.354305, Total_Loss: 0.060505
DA Train ith Epoch 18 result:
DA train_acc: 1.000
DA train_tgt_acc: 0.949
DA valid_tgt_acc: 0.948
DA epoch:  19 sum loss: 0.1088
DA epoch:  19 l2 loss: 0.6709
DA epoch:  19 classifier src loss: 0.0069
DA epoch:  19 classifier tgt loss: 0.1367
DA epoch:  19 coral loss: 0.0225
DA train_steps: 100
DA epoch:  19 valid sum loss: 0.1093
DA epoch:  19 valid l2 loss: 0.6927
DA epoch:  19 valid classifier loss: 0.0063
DA epoch:  19 valid tgt classifier loss: 0.1366
DA epoch:  19 valid coral loss: 0.0245
DA train_steps: 234
DA Train Epoch: 19 [235/234]	Lambda: 0.0010, Class: 0.003760, CORAL: 0.017246, l2_loss: 0.365990, Total_Loss: 0.118319
DA Train ith Epoch 19 result:
DA train_acc: 1.000
DA train_tgt_acc: 0.949
DA valid_tgt_acc: 0.948
DA epoch:  20 sum loss: 0.1061
DA epoch:  20 l2 loss: 0.6678
DA epoch:  20 classifier src loss: 0.0055
DA epoch:  20 classifier tgt loss: 0.1344
DA epoch:  20 coral loss: 0.0247
DA train_steps: 100
DA epoch:  20 valid sum loss: 0.1083
DA epoch:  20 valid l2 loss: 0.6996
DA epoch:  20 valid classifier loss: 0.0051
DA epoch:  20 valid tgt classifier loss: 0.1363
DA epoch:  20 valid coral loss: 0.0246
DA train_steps: 234
DA Train Epoch: 20 [235/234]	Lambda: 0.0010, Class: 0.003260, CORAL: 0.019394, l2_loss: 0.308232, Total_Loss: 0.095127
DA Train ith Epoch 20 result:
DA train_acc: 1.000
DA train_tgt_acc: 0.948
DA valid_tgt_acc: 0.948
DA epoch:  21 sum loss: 0.1042
DA epoch:  21 l2 loss: 0.6654
DA epoch:  21 classifier src loss: 0.0045
DA epoch:  21 classifier tgt loss: 0.1329
DA epoch:  21 coral loss: 0.0265
DA train_steps: 100
DA epoch:  21 valid sum loss: 0.1067
DA epoch:  21 valid l2 loss: 0.6958
DA epoch:  21 valid classifier loss: 0.0042
DA epoch:  21 valid tgt classifier loss: 0.1354
DA epoch:  21 valid coral loss: 0.0284
DA train_steps: 234
DA Train Epoch: 21 [235/234]	Lambda: 0.0010, Class: 0.002725, CORAL: 0.014281, l2_loss: 0.421039, Total_Loss: 0.066817
DA Train ith Epoch 21 result:
DA train_acc: 1.000
DA train_tgt_acc: 0.949
DA valid_tgt_acc: 0.948
DA epoch:  22 sum loss: 0.1030
DA epoch:  22 l2 loss: 0.6626
DA epoch:  22 classifier src loss: 0.0037
DA epoch:  22 classifier tgt loss: 0.1322
DA epoch:  22 coral loss: 0.0290
DA train_steps: 100
DA epoch:  22 valid sum loss: 0.1053
DA epoch:  22 valid l2 loss: 0.7002
DA epoch:  22 valid classifier loss: 0.0036
DA epoch:  22 valid tgt classifier loss: 0.1334
DA epoch:  22 valid coral loss: 0.0318
DA train_steps: 234
DA Train Epoch: 22 [235/234]	Lambda: 0.0010, Class: 0.002897, CORAL: 0.025495, l2_loss: 0.550121, Total_Loss: 0.074664
DA Train ith Epoch 22 result:
DA train_acc: 1.000
DA train_tgt_acc: 0.951
DA valid_tgt_acc: 0.950
DA epoch:  23 sum loss: 0.1012
DA epoch:  23 l2 loss: 0.6608
DA epoch:  23 classifier src loss: 0.0031
DA epoch:  23 classifier tgt loss: 0.1300
DA epoch:  23 coral loss: 0.0306
DA train_steps: 100
DA epoch:  23 valid sum loss: 0.1023
DA epoch:  23 valid l2 loss: 0.6884
DA epoch:  23 valid classifier loss: 0.0030
DA epoch:  23 valid tgt classifier loss: 0.1297
DA epoch:  23 valid coral loss: 0.0298
DA train_steps: 234
DA Train Epoch: 23 [235/234]	Lambda: 0.0010, Class: 0.003158, CORAL: 0.050236, l2_loss: 1.217762, Total_Loss: 0.165596
DA Train ith Epoch 23 result:
DA train_acc: 1.000
DA train_tgt_acc: 0.949
DA valid_tgt_acc: 0.949
DA epoch:  24 sum loss: 0.0999
DA epoch:  24 l2 loss: 0.6601
DA epoch:  24 classifier src loss: 0.0026
DA epoch:  24 classifier tgt loss: 0.1284
DA epoch:  24 coral loss: 0.0324
DA train_steps: 100
DA epoch:  24 valid sum loss: 0.1021
DA epoch:  24 valid l2 loss: 0.6817
DA epoch:  24 valid classifier loss: 0.0026
DA epoch:  24 valid tgt classifier loss: 0.1308
DA epoch:  24 valid coral loss: 0.0343
DA train_steps: 234
DA Train Epoch: 24 [235/234]	Lambda: 0.0010, Class: 0.001733, CORAL: 0.024953, l2_loss: 0.475192, Total_Loss: 0.094075
DA Train ith Epoch 24 result:
DA train_acc: 1.000
DA train_tgt_acc: 0.950
DA valid_tgt_acc: 0.949
DA epoch:  25 sum loss: 0.0988
DA epoch:  25 l2 loss: 0.6556
DA epoch:  25 classifier src loss: 0.0022
DA epoch:  25 classifier tgt loss: 0.1274
DA epoch:  25 coral loss: 0.0346
DA train_steps: 100
DA epoch:  25 valid sum loss: 0.1022
DA epoch:  25 valid l2 loss: 0.6843
DA epoch:  25 valid classifier loss: 0.0022
DA epoch:  25 valid tgt classifier loss: 0.1314
DA epoch:  25 valid coral loss: 0.0361
DA train_steps: 234
DA Train Epoch: 25 [235/234]	Lambda: 0.0010, Class: 0.005547, CORAL: 0.140326, l2_loss: 1.903516, Total_Loss: 0.160064
DA Train ith Epoch 25 result:
DA train_acc: 1.000
DA train_tgt_acc: 0.947
DA valid_tgt_acc: 0.946
DA epoch:  26 sum loss: 0.0981
DA epoch:  26 l2 loss: 0.6590
DA epoch:  26 classifier src loss: 0.0020
DA epoch:  26 classifier tgt loss: 0.1262
DA epoch:  26 coral loss: 0.0369
DA train_steps: 100
DA epoch:  26 valid sum loss: 0.1038
DA epoch:  26 valid l2 loss: 0.6725
DA epoch:  26 valid classifier loss: 0.0019
DA epoch:  26 valid tgt classifier loss: 0.1364
DA epoch:  26 valid coral loss: 0.0361
DA train_steps: 234
DA Train Epoch: 26 [235/234]	Lambda: 0.0010, Class: 0.001201, CORAL: 0.027137, l2_loss: 0.265502, Total_Loss: 0.075456
DA Train ith Epoch 26 result:
DA train_acc: 1.000
DA train_tgt_acc: 0.951
DA valid_tgt_acc: 0.950
DA epoch:  27 sum loss: 0.0967
DA epoch:  27 l2 loss: 0.6495
DA epoch:  27 classifier src loss: 0.0017
DA epoch:  27 classifier tgt loss: 0.1250
DA epoch:  27 coral loss: 0.0378
DA train_steps: 100
DA epoch:  27 valid sum loss: 0.0992
DA epoch:  27 valid l2 loss: 0.6739
DA epoch:  27 valid classifier loss: 0.0017
DA epoch:  27 valid tgt classifier loss: 0.1275
DA epoch:  27 valid coral loss: 0.0393
DA train_steps: 234
DA Train Epoch: 27 [235/234]	Lambda: 0.0010, Class: 0.001123, CORAL: 0.042973, l2_loss: 0.425274, Total_Loss: 0.069049
DA Train ith Epoch 27 result:
DA train_acc: 1.000
DA train_tgt_acc: 0.949
DA valid_tgt_acc: 0.947
DA epoch:  28 sum loss: 0.0958
DA epoch:  28 l2 loss: 0.6481
DA epoch:  28 classifier src loss: 0.0015
DA epoch:  28 classifier tgt loss: 0.1237
DA epoch:  28 coral loss: 0.0392
DA train_steps: 100
DA epoch:  28 valid sum loss: 0.1028
DA epoch:  28 valid l2 loss: 0.6863
DA epoch:  28 valid classifier loss: 0.0015
DA epoch:  28 valid tgt classifier loss: 0.1338
DA epoch:  28 valid coral loss: 0.0429
DA train_steps: 234
DA Train Epoch: 28 [235/234]	Lambda: 0.0010, Class: 0.001116, CORAL: 0.033037, l2_loss: 0.458296, Total_Loss: 0.128648
DA Train ith Epoch 28 result:
DA train_acc: 1.000
DA train_tgt_acc: 0.953
DA valid_tgt_acc: 0.953
DA epoch:  29 sum loss: 0.0952
DA epoch:  29 l2 loss: 0.6459
DA epoch:  29 classifier src loss: 0.0013
DA epoch:  29 classifier tgt loss: 0.1231
DA epoch:  29 coral loss: 0.0410
DA train_steps: 100
DA epoch:  29 valid sum loss: 0.0954
DA epoch:  29 valid l2 loss: 0.6729
DA epoch:  29 valid classifier loss: 0.0014
DA epoch:  29 valid tgt classifier loss: 0.1206
DA epoch:  29 valid coral loss: 0.0426
DA train_steps: 234
DA Train Epoch: 29 [235/234]	Lambda: 0.0010, Class: 0.000823, CORAL: 0.019572, l2_loss: 0.435567, Total_Loss: 0.060260
DA Train ith Epoch 29 result:
DA train_acc: 1.000
DA train_tgt_acc: 0.953
DA valid_tgt_acc: 0.952
DA epoch:  30 sum loss: 0.0940
DA epoch:  30 l2 loss: 0.6430
DA epoch:  30 classifier src loss: 0.0012
DA epoch:  30 classifier tgt loss: 0.1212
DA epoch:  30 coral loss: 0.0420
DA train_steps: 100
DA epoch:  30 valid sum loss: 0.0957
DA epoch:  30 valid l2 loss: 0.6712
DA epoch:  30 valid classifier loss: 0.0012
DA epoch:  30 valid tgt classifier loss: 0.1217
DA epoch:  30 valid coral loss: 0.0419
DA train_steps: 234
DA Train Epoch: 30 [235/234]	Lambda: 0.0010, Class: 0.001147, CORAL: 0.037447, l2_loss: 0.625262, Total_Loss: 0.069726
DA Train ith Epoch 30 result:
DA train_acc: 1.000
DA train_tgt_acc: 0.952
DA valid_tgt_acc: 0.951
DA epoch:  31 sum loss: 0.0934
DA epoch:  31 l2 loss: 0.6419
DA epoch:  31 classifier src loss: 0.0011
DA epoch:  31 classifier tgt loss: 0.1203
DA epoch:  31 coral loss: 0.0437
DA train_steps: 100
DA epoch:  31 valid sum loss: 0.0970
DA epoch:  31 valid l2 loss: 0.6623
DA epoch:  31 valid classifier loss: 0.0011
DA epoch:  31 valid tgt classifier loss: 0.1253
DA epoch:  31 valid coral loss: 0.0418
DA train_steps: 234
DA Train Epoch: 31 [235/234]	Lambda: 0.0010, Class: 0.000678, CORAL: 0.028349, l2_loss: 0.362532, Total_Loss: 0.077609
DA Train ith Epoch 31 result:
DA train_acc: 1.000
DA train_tgt_acc: 0.954
DA valid_tgt_acc: 0.953
DA epoch:  32 sum loss: 0.0922
DA epoch:  32 l2 loss: 0.6380
DA epoch:  32 classifier src loss: 0.0010
DA epoch:  32 classifier tgt loss: 0.1186
DA epoch:  32 coral loss: 0.0440
DA train_steps: 100
DA epoch:  32 valid sum loss: 0.0934
DA epoch:  32 valid l2 loss: 0.6664
DA epoch:  32 valid classifier loss: 0.0010
DA epoch:  32 valid tgt classifier loss: 0.1180
DA epoch:  32 valid coral loss: 0.0497
DA train_steps: 234
DA Train Epoch: 32 [235/234]	Lambda: 0.0010, Class: 0.000625, CORAL: 0.026930, l2_loss: 0.329135, Total_Loss: 0.093405
DA Train ith Epoch 32 result:
DA train_acc: 1.000
DA train_tgt_acc: 0.951
DA valid_tgt_acc: 0.950
DA epoch:  33 sum loss: 0.0918
DA epoch:  33 l2 loss: 0.6358
DA epoch:  33 classifier src loss: 0.0009
DA epoch:  33 classifier tgt loss: 0.1181
DA epoch:  33 coral loss: 0.0454
DA train_steps: 100
DA epoch:  33 valid sum loss: 0.0960
DA epoch:  33 valid l2 loss: 0.6665
DA epoch:  33 valid classifier loss: 0.0010
DA epoch:  33 valid tgt classifier loss: 0.1234
DA epoch:  33 valid coral loss: 0.0538
DA train_steps: 234
DA Train Epoch: 33 [235/234]	Lambda: 0.0010, Class: 0.000873, CORAL: 0.032467, l2_loss: 0.437344, Total_Loss: 0.103435
DA Train ith Epoch 33 result:
DA train_acc: 1.000
DA train_tgt_acc: 0.952
DA valid_tgt_acc: 0.951
DA epoch:  34 sum loss: 0.0916
DA epoch:  34 l2 loss: 0.6356
DA epoch:  34 classifier src loss: 0.0008
DA epoch:  34 classifier tgt loss: 0.1179
DA epoch:  34 coral loss: 0.0466
DA train_steps: 100
DA epoch:  34 valid sum loss: 0.0955
DA epoch:  34 valid l2 loss: 0.6743
DA epoch:  34 valid classifier loss: 0.0009
DA epoch:  34 valid tgt classifier loss: 0.1216
DA epoch:  34 valid coral loss: 0.0503
DA train_steps: 234
DA Train Epoch: 34 [235/234]	Lambda: 0.0010, Class: 0.000603, CORAL: 0.036461, l2_loss: 0.368840, Total_Loss: 0.072658
DA Train ith Epoch 34 result:
DA train_acc: 1.000
DA train_tgt_acc: 0.953
DA valid_tgt_acc: 0.952
DA epoch:  35 sum loss: 0.0909
DA epoch:  35 l2 loss: 0.6341
DA epoch:  35 classifier src loss: 0.0008
DA epoch:  35 classifier tgt loss: 0.1167
DA epoch:  35 coral loss: 0.0470
DA train_steps: 100
DA epoch:  35 valid sum loss: 0.0948
DA epoch:  35 valid l2 loss: 0.6594
DA epoch:  35 valid classifier loss: 0.0008
DA epoch:  35 valid tgt classifier loss: 0.1218
DA epoch:  35 valid coral loss: 0.0539
DA train_steps: 234
DA Train Epoch: 35 [235/234]	Lambda: 0.0010, Class: 0.000528, CORAL: 0.036031, l2_loss: 0.411152, Total_Loss: 0.068026
DA Train ith Epoch 35 result:
DA train_acc: 1.000
DA train_tgt_acc: 0.956
DA valid_tgt_acc: 0.954
DA epoch:  36 sum loss: 0.0898
DA epoch:  36 l2 loss: 0.6313
DA epoch:  36 classifier src loss: 0.0007
DA epoch:  36 classifier tgt loss: 0.1150
DA epoch:  36 coral loss: 0.0475
DA train_steps: 100
DA epoch:  36 valid sum loss: 0.0926
DA epoch:  36 valid l2 loss: 0.6608
DA epoch:  36 valid classifier loss: 0.0008
DA epoch:  36 valid tgt classifier loss: 0.1176
DA epoch:  36 valid coral loss: 0.0474
DA train_steps: 234
DA Train Epoch: 36 [235/234]	Lambda: 0.0010, Class: 0.000443, CORAL: 0.020220, l2_loss: 0.260147, Total_Loss: 0.077163
DA Train ith Epoch 36 result:
DA train_acc: 1.000
DA train_tgt_acc: 0.956
DA valid_tgt_acc: 0.955
DA epoch:  37 sum loss: 0.0895
DA epoch:  37 l2 loss: 0.6287
DA epoch:  37 classifier src loss: 0.0007
DA epoch:  37 classifier tgt loss: 0.1146
DA epoch:  37 coral loss: 0.0484
DA train_steps: 100
DA epoch:  37 valid sum loss: 0.0923
DA epoch:  37 valid l2 loss: 0.6531
DA epoch:  37 valid classifier loss: 0.0007
DA epoch:  37 valid tgt classifier loss: 0.1178
DA epoch:  37 valid coral loss: 0.0419
DA train_steps: 234
DA Train Epoch: 37 [235/234]	Lambda: 0.0010, Class: 0.000646, CORAL: 0.019228, l2_loss: 0.285382, Total_Loss: 0.070908
DA Train ith Epoch 37 result:
DA train_acc: 1.000
DA train_tgt_acc: 0.955
DA valid_tgt_acc: 0.954
DA epoch:  38 sum loss: 0.0889
DA epoch:  38 l2 loss: 0.6276
DA epoch:  38 classifier src loss: 0.0006
DA epoch:  38 classifier tgt loss: 0.1136
DA epoch:  38 coral loss: 0.0489
DA train_steps: 100
DA epoch:  38 valid sum loss: 0.0918
DA epoch:  38 valid l2 loss: 0.6532
DA epoch:  38 valid classifier loss: 0.0007
DA epoch:  38 valid tgt classifier loss: 0.1168
DA epoch:  38 valid coral loss: 0.0478
DA train_steps: 234
DA Train Epoch: 38 [235/234]	Lambda: 0.0010, Class: 0.000551, CORAL: 0.661647, l2_loss: 2.465674, Total_Loss: 0.190152
DA Train ith Epoch 38 result:
DA train_acc: 1.000
DA train_tgt_acc: 0.957
DA valid_tgt_acc: 0.955
DA epoch:  39 sum loss: 0.0887
DA epoch:  39 l2 loss: 0.6343
DA epoch:  39 classifier src loss: 0.0006
DA epoch:  39 classifier tgt loss: 0.1128
DA epoch:  39 coral loss: 0.0515
DA train_steps: 100
DA epoch:  39 valid sum loss: 0.0906
DA epoch:  39 valid l2 loss: 0.6535
DA epoch:  39 valid classifier loss: 0.0007
DA epoch:  39 valid tgt classifier loss: 0.1145
DA epoch:  39 valid coral loss: 0.0468
DA train_steps: 234
DA Train Epoch: 39 [235/234]	Lambda: 0.0010, Class: 0.000465, CORAL: 0.050466, l2_loss: 0.495932, Total_Loss: 0.085108
DA Train ith Epoch 39 result:
DA train_acc: 1.000
DA train_tgt_acc: 0.954
DA valid_tgt_acc: 0.952
DA epoch:  40 sum loss: 0.0876
DA epoch:  40 l2 loss: 0.6248
DA epoch:  40 classifier src loss: 0.0006
DA epoch:  40 classifier tgt loss: 0.1115
DA epoch:  40 coral loss: 0.0493
DA train_steps: 100
DA epoch:  40 valid sum loss: 0.0927
DA epoch:  40 valid l2 loss: 0.6517
DA epoch:  40 valid classifier loss: 0.0006
DA epoch:  40 valid tgt classifier loss: 0.1189
DA epoch:  40 valid coral loss: 0.0578
DA train_steps: 234
DA Train Epoch: 40 [235/234]	Lambda: 0.0010, Class: 0.000524, CORAL: 0.032207, l2_loss: 0.450831, Total_Loss: 0.065161
DA Train ith Epoch 40 result:
DA train_acc: 1.000
DA train_tgt_acc: 0.956
DA valid_tgt_acc: 0.954
DA epoch:  41 sum loss: 0.0868
DA epoch:  41 l2 loss: 0.6234
DA epoch:  41 classifier src loss: 0.0005
DA epoch:  41 classifier tgt loss: 0.1101
DA epoch:  41 coral loss: 0.0497
DA train_steps: 100
DA epoch:  41 valid sum loss: 0.0902
DA epoch:  41 valid l2 loss: 0.6506
DA epoch:  41 valid classifier loss: 0.0006
DA epoch:  41 valid tgt classifier loss: 0.1141
DA epoch:  41 valid coral loss: 0.0536
DA train_steps: 234
DA Train Epoch: 41 [235/234]	Lambda: 0.0010, Class: 0.000369, CORAL: 0.053582, l2_loss: 0.466148, Total_Loss: 0.067214
DA Train ith Epoch 41 result:
DA train_acc: 1.000
DA train_tgt_acc: 0.957
DA valid_tgt_acc: 0.955
DA epoch:  42 sum loss: 0.0865
DA epoch:  42 l2 loss: 0.6222
DA epoch:  42 classifier src loss: 0.0005
DA epoch:  42 classifier tgt loss: 0.1096
DA epoch:  42 coral loss: 0.0498
DA train_steps: 100
DA epoch:  42 valid sum loss: 0.0908
DA epoch:  42 valid l2 loss: 0.6464
DA epoch:  42 valid classifier loss: 0.0006
DA epoch:  42 valid tgt classifier loss: 0.1157
DA epoch:  42 valid coral loss: 0.0432
DA train_steps: 234
DA Train Epoch: 42 [235/234]	Lambda: 0.0010, Class: 0.000482, CORAL: 0.031537, l2_loss: 0.361773, Total_Loss: 0.065630
DA Train ith Epoch 42 result:
DA train_acc: 1.000
DA train_tgt_acc: 0.958
DA valid_tgt_acc: 0.956
DA epoch:  43 sum loss: 0.0859
DA epoch:  43 l2 loss: 0.6202
DA epoch:  43 classifier src loss: 0.0005
DA epoch:  43 classifier tgt loss: 0.1087
DA epoch:  43 coral loss: 0.0501
DA train_steps: 100
DA epoch:  43 valid sum loss: 0.0886
DA epoch:  43 valid l2 loss: 0.6505
DA epoch:  43 valid classifier loss: 0.0006
DA epoch:  43 valid tgt classifier loss: 0.1110
DA epoch:  43 valid coral loss: 0.0488
DA train_steps: 234
DA Train Epoch: 43 [235/234]	Lambda: 0.0010, Class: 0.000456, CORAL: 0.027987, l2_loss: 0.386382, Total_Loss: 0.053930
DA Train ith Epoch 43 result:
DA train_acc: 1.000
DA train_tgt_acc: 0.958
DA valid_tgt_acc: 0.956
DA epoch:  44 sum loss: 0.0852
DA epoch:  44 l2 loss: 0.6189
DA epoch:  44 classifier src loss: 0.0005
DA epoch:  44 classifier tgt loss: 0.1076
DA epoch:  44 coral loss: 0.0504
DA train_steps: 100
DA epoch:  44 valid sum loss: 0.0879
DA epoch:  44 valid l2 loss: 0.6442
DA epoch:  44 valid classifier loss: 0.0005
DA epoch:  44 valid tgt classifier loss: 0.1102
DA epoch:  44 valid coral loss: 0.0539
DA train_steps: 234
DA Train Epoch: 44 [235/234]	Lambda: 0.0010, Class: 0.000365, CORAL: 0.043148, l2_loss: 0.452117, Total_Loss: 0.095030
DA Train ith Epoch 44 result:
DA train_acc: 1.000
DA train_tgt_acc: 0.954
DA valid_tgt_acc: 0.952
DA epoch:  45 sum loss: 0.0846
DA epoch:  45 l2 loss: 0.6178
DA epoch:  45 classifier src loss: 0.0004
DA epoch:  45 classifier tgt loss: 0.1064
DA epoch:  45 coral loss: 0.0503
DA train_steps: 100
DA epoch:  45 valid sum loss: 0.0926
DA epoch:  45 valid l2 loss: 0.6457
DA epoch:  45 valid classifier loss: 0.0005
DA epoch:  45 valid tgt classifier loss: 0.1194
DA epoch:  45 valid coral loss: 0.0517
DA train_steps: 234
DA Train Epoch: 45 [235/234]	Lambda: 0.0010, Class: 0.000502, CORAL: 0.048364, l2_loss: 0.423853, Total_Loss: 0.080667
DA Train ith Epoch 45 result:
DA train_acc: 1.000
DA train_tgt_acc: 0.951
DA valid_tgt_acc: 0.949
DA epoch:  46 sum loss: 0.0840
DA epoch:  46 l2 loss: 0.6163
DA epoch:  46 classifier src loss: 0.0004
DA epoch:  46 classifier tgt loss: 0.1053
DA epoch:  46 coral loss: 0.0504
DA train_steps: 100
DA epoch:  46 valid sum loss: 0.0963
DA epoch:  46 valid l2 loss: 0.6445
DA epoch:  46 valid classifier loss: 0.0005
DA epoch:  46 valid tgt classifier loss: 0.1269
DA epoch:  46 valid coral loss: 0.0579
DA train_steps: 234
DA Train Epoch: 46 [235/234]	Lambda: 0.0010, Class: 0.000325, CORAL: 0.041895, l2_loss: 0.313480, Total_Loss: 0.050800
DA Train ith Epoch 46 result:
DA train_acc: 1.000
DA train_tgt_acc: 0.958
DA valid_tgt_acc: 0.956
DA epoch:  47 sum loss: 0.0842
DA epoch:  47 l2 loss: 0.6157
DA epoch:  47 classifier src loss: 0.0004
DA epoch:  47 classifier tgt loss: 0.1059
DA epoch:  47 coral loss: 0.0511
DA train_steps: 100
DA epoch:  47 valid sum loss: 0.0883
DA epoch:  47 valid l2 loss: 0.6449
DA epoch:  47 valid classifier loss: 0.0005
DA epoch:  47 valid tgt classifier loss: 0.1111
DA epoch:  47 valid coral loss: 0.0536
DA train_steps: 234
DA Train Epoch: 47 [235/234]	Lambda: 0.0010, Class: 0.000372, CORAL: 0.018356, l2_loss: 0.260056, Total_Loss: 0.052137
DA Train ith Epoch 47 result:
DA train_acc: 1.000
DA train_tgt_acc: 0.958
DA valid_tgt_acc: 0.956
DA epoch:  48 sum loss: 0.0833
DA epoch:  48 l2 loss: 0.6136
DA epoch:  48 classifier src loss: 0.0004
DA epoch:  48 classifier tgt loss: 0.1043
DA epoch:  48 coral loss: 0.0509
DA train_steps: 100
DA epoch:  48 valid sum loss: 0.0894
DA epoch:  48 valid l2 loss: 0.6445
DA epoch:  48 valid classifier loss: 0.0005
DA epoch:  48 valid tgt classifier loss: 0.1133
DA epoch:  48 valid coral loss: 0.0523
DA train_steps: 234
DA Train Epoch: 48 [235/234]	Lambda: 0.0010, Class: 0.000344, CORAL: 0.025207, l2_loss: 0.363761, Total_Loss: 0.054728
DA Train ith Epoch 48 result:
DA train_acc: 1.000
DA train_tgt_acc: 0.960
DA valid_tgt_acc: 0.958
DA epoch:  49 sum loss: 0.0825
DA epoch:  49 l2 loss: 0.6132
DA epoch:  49 classifier src loss: 0.0004
DA epoch:  49 classifier tgt loss: 0.1029
DA epoch:  49 coral loss: 0.0503
DA train_steps: 100
DA epoch:  49 valid sum loss: 0.0864
DA epoch:  49 valid l2 loss: 0.6407
DA epoch:  49 valid classifier loss: 0.0005
DA epoch:  49 valid tgt classifier loss: 0.1076
DA epoch:  49 valid coral loss: 0.0539
DA train_steps: 234
DA Train Epoch: 49 [235/234]	Lambda: 0.0010, Class: 0.000297, CORAL: 0.035281, l2_loss: 0.407554, Total_Loss: 0.114894
DA Train ith Epoch 49 result:
DA train_acc: 1.000
DA train_tgt_acc: 0.961
DA valid_tgt_acc: 0.958
DA epoch:  50 sum loss: 0.0822
DA epoch:  50 l2 loss: 0.6119
DA epoch:  50 classifier src loss: 0.0004
DA epoch:  50 classifier tgt loss: 0.1024
DA epoch:  50 coral loss: 0.0504
DA train_steps: 100
DA epoch:  50 valid sum loss: 0.0853
DA epoch:  50 valid l2 loss: 0.6462
DA epoch:  50 valid classifier loss: 0.0005
DA epoch:  50 valid tgt classifier loss: 0.1050
DA epoch:  50 valid coral loss: 0.0556
Accuracy: 0.958
