torch.cuda.is_available:
True
X_v shape:
(55926, 20)
Y_v.shape:
[[2 2]
 [2 2]
 [2 2]
 ...
 [2 2]
 [2 2]
 [2 2]]
Y_v.shape:
X_c shape:
(55926, 25)
Y_c.shape:
Y_c.shape:
equal labels:
50163
0.8969531166183886
X_v
[[ 36.22999954 -58.18999863  19.18000031 ... 278.46469116 280.66766357
  280.16494751]
 [ 36.21999741 -58.18999863  19.18000031 ... 278.77099609 280.89291382
  280.33981323]
 [ 36.20999908 -58.19999695  19.18000031 ... 276.40734863 278.46307373
  277.94668579]
 ...
 [ 39.59000015 -52.2899971    7.10999966 ... 265.45037842 266.97021484
  267.09442139]
 [ 39.59000015 -52.2899971    7.10999966 ... 265.42492676 267.02255249
  267.15579224]
 [ 39.57999802 -52.2899971    7.10999966 ... 265.49804688 267.06091309
  267.084198  ]]
X_c
[[ 1.000e+00  1.000e+00  1.000e+00 ...        nan -9.999e+03        nan]
 [ 1.000e+00  1.000e+00  1.000e+00 ...        nan -9.999e+03        nan]
 [ 1.000e+00  1.000e+00  1.000e+00 ...        nan -9.999e+03        nan]
 ...
 [ 1.000e+00  1.000e+00  1.000e+00 ...        nan -9.999e+03        nan]
 [ 1.000e+00  1.000e+00  1.000e+00 ...        nan -9.999e+03        nan]
 [ 1.000e+00  1.000e+00  1.000e+00 ...        nan -9.999e+03        nan]]
original X_v:  (55926, 20)
rows: (array([    0,     1,     2, ..., 55923, 55924, 55925]),)
rows.shape: 1
Iff: (55926, 4)
after SZA X_v:  (55926, 20)
after SZA X_c:  (55926, 25)
(55926, 20)
(55926, 27)
X_v shape:
(120713, 20)
Y_v.shape:
[[1 1]
 [1 1]
 [1 1]
 ...
 [3 1]
 [3 1]
 [3 1]]
Y_v.shape:
X_c shape:
(120713, 25)
Y_c.shape:
Y_c.shape:
equal labels:
105145
0.8710329459130334
X_v
[[  80.         -152.27999878    9.30999947 ...  229.72451782
   229.69325256  229.19703674]
 [  79.98999786 -152.25          9.30999947 ...  229.96611023
   229.72267151  229.18624878]
 [  79.98999786 -152.25          9.30999947 ...  229.96611023
   229.6991272   229.26168823]
 ...
 [  36.11000061 -150.11000061   14.61999989 ...  289.71807861
   291.5355835   288.4798584 ]
 [  36.11999893 -150.11000061   14.61999989 ...  289.95587158
   291.92169189  288.8057251 ]
 [  36.11999893 -150.11999512   14.61999989 ...  289.84042358
   291.68154907  288.57827759]]
X_c
[[ 0.00000000e+00  0.00000000e+00             nan ...             nan
  -9.99900000e+03             nan]
 [ 0.00000000e+00  0.00000000e+00             nan ...             nan
  -9.99900000e+03             nan]
 [ 0.00000000e+00  0.00000000e+00             nan ...             nan
  -9.99900000e+03             nan]
 ...
 [ 1.00000000e+00  1.00000000e+00  0.00000000e+00 ...             nan
  -9.99900000e+03             nan]
 [ 1.00000000e+00  1.00000000e+00  0.00000000e+00 ...             nan
  -9.99900000e+03             nan]
 [ 1.00000000e+00  1.00000000e+00  0.00000000e+00 ...  9.53940209e-04
  -9.58235536e+03  3.16338651e-02]]
original X_v:  (120713, 20)
rows: (array([     0,      1,      2, ..., 120710, 120711, 120712]),)
rows.shape: 1
Iff: (117344, 4)
after SZA X_v:  (117344, 20)
after SZA X_c:  (117344, 25)
(117344, 20)
(117344, 27)
X_v shape:
(72158, 20)
Y_v.shape:
[[2 2]
 [2 2]
 [2 2]
 ...
 [2 2]
 [2 2]
 [2 2]]
Y_v.shape:
X_c shape:
(72158, 25)
Y_c.shape:
Y_c.shape:
equal labels:
64975
0.9004545580531611
X_v
[[  26.18999863 -112.19999695   36.63999939 ...  253.32199097
   251.92120361  246.22259521]
 [  26.18999863 -112.20999908   36.63999939 ... -999.90002441
  -999.90002441 -999.90002441]
 [  26.18999863 -112.19999695   36.68000031 ...  258.43377686
   257.3291626   250.82580566]
 ...
 [  44.25999832  -51.84999847   15.5199995  ...  263.23855591
   264.699646    264.40988159]
 [  44.25999832  -51.84999847   15.5199995  ...  262.2038269
   263.85308838  263.3605957 ]
 [  44.25        -51.84999847   15.5199995  ...  262.50845337
   263.96884155  263.78448486]]
X_c
[[ 1.000e+00  2.000e+00  1.000e+00 ...        nan -9.999e+03        nan]
 [ 1.000e+00  2.000e+00  1.000e+00 ...        nan -9.999e+03        nan]
 [ 1.000e+00  2.000e+00  1.000e+00 ...        nan -9.999e+03        nan]
 ...
 [ 1.000e+00  2.000e+00  1.000e+00 ...        nan -9.999e+03        nan]
 [ 1.000e+00  2.000e+00  1.000e+00 ...        nan -9.999e+03        nan]
 [ 1.000e+00  2.000e+00  1.000e+00 ...        nan -9.999e+03        nan]]
original X_v:  (72158, 20)
rows: (array([    0,     2,     3, ..., 72155, 72156, 72157]),)
rows.shape: 1
Iff: (71962, 4)
after SZA X_v:  (71962, 20)
after SZA X_c:  (71962, 25)
(71962, 20)
(71962, 27)
X_v shape:
(106287, 20)
Y_v.shape:
[[2 2]
 [2 2]
 [2 2]
 ...
 [2 2]
 [2 2]
 [2 2]]
Y_v.shape:
X_c shape:
(106287, 25)
Y_c.shape:
Y_c.shape:
equal labels:
92612
0.8713389219754062
X_v
[[  57.52000046 -161.11000061   29.04999924 ...  260.50836182
   262.35888672  261.3972168 ]
 [  57.52000046 -161.11000061   29.04999924 ...  259.82040405
   261.51779175  260.7482605 ]
 [  57.52999878 -161.11999512   28.98999977 ...  259.22314453
   261.01721191  260.42391968]
 ...
 [  79.93000031 -168.51998901   32.45999908 ...  272.79321289
   274.77514648  274.56265259]
 [  79.93999481 -168.51998901   32.45999908 ...  272.63729858
   274.55740356  274.36889648]
 [  79.93999481 -168.53999329   32.39999771 ...  272.17590332
   274.02368164  273.93563843]]
X_c
[[ 1.000e+00  1.000e+00  1.000e+00 ...        nan -9.999e+03        nan]
 [ 1.000e+00  1.000e+00  1.000e+00 ...        nan -9.999e+03        nan]
 [ 1.000e+00  1.000e+00  1.000e+00 ...        nan -9.999e+03        nan]
 ...
 [ 1.000e+00  1.000e+00  1.000e+00 ...        nan -9.999e+03        nan]
 [ 1.000e+00  1.000e+00  1.000e+00 ...        nan -9.999e+03        nan]
 [ 1.000e+00  1.000e+00  1.000e+00 ...        nan -9.999e+03        nan]]
original X_v:  (106287, 20)
rows: (array([     0,      1,      2, ..., 106284, 106285, 106286]),)
rows.shape: 1
Iff: (103373, 4)
after SZA X_v:  (103373, 20)
after SZA X_c:  (103373, 25)
(103373, 20)
(103373, 27)
X_v.shape: (103373, 20)
X_c.shape: (103373, 27)
Y.shape: (103373, 2)
(103373, 47)
saved scaler done
(72361, 20)
(72361, 25)
(72361, 2)
(72361, 27)
(72361, 2)
(72361, 1)
(72361, 1)
(31012, 20)
(31012, 25)
(31012, 2)
(31012, 27)
(31012, 2)
(31012, 1)
(31012, 1)
(72361, 20)
(31012, 20)
(72361, 22)
(31012, 22)
Y_src:
[[3]
 [2]
 [2]
 ...
 [2]
 [2]
 [3]]
Y_tgt:
[[1]
 [2]
 [1]
 ...
 [2]
 [2]
 [1]]
Y_src_1:
[2 1 1 ... 1 1 2]
Y_tgt_1:
[0 1 0 ... 1 1 0]
X_src:
[[ 0.42618001  1.00469554 -0.87830887 ... -0.08052071 -1.06884517
   0.95810006]
 [ 0.42618001 -0.0040707   1.13855163 ... -0.08052071 -0.64561906
   1.10951745]
 [ 0.42618001 -0.0040707   1.13855163 ... -0.08052071  1.78103889
   0.25676162]
 ...
 [ 0.42618001 -0.0040707   1.13855163 ... -0.08052071 -0.53617521
   0.30812133]
 [ 0.42618001 -0.0040707   1.13855163 ... -0.08052071 -0.71500675
  -0.14176504]
 [ 0.42618001  3.02222802 -0.87830887 ... -0.08052071 -1.04931685
   0.93001098]]
X_tgt:
[[ 1.09501113 -0.00923346 -1.31711433 ... -0.63502466 -1.06884517
   0.95810006]
 [-0.17280082  1.17497883 -0.76688512 ...  0.28069099 -0.64561906
   1.10951745]
 [ 1.04842207 -1.50602018  0.58649032 ... -0.00734325  1.78103889
   0.25676162]
 ...
 [-0.37662913  1.12002324 -0.05791014 ...  0.06507345 -0.53617521
   0.30812133]
 [ 0.05956334  1.07642973 -0.22741831 ... -0.17994209 -0.71500675
  -0.14176504]
 [ 1.47121992 -1.07704177 -0.85163927 ... -0.7880361  -1.04931685
   0.93001098]]
Y_src:
[[2]
 [2]
 [2]
 ...
 [1]
 [2]
 [3]]
Y_tgt:
[[2]
 [2]
 [3]
 ...
 [1]
 [2]
 [3]]
Y_src_1:
[1 1 1 ... 0 1 2]
Y_tgt_1:
[1 1 2 ... 0 1 2]
X_src:
[[ 0.42618001 -0.0040707   1.13855163 ... -0.08052071 -0.84229031
   0.69872099]
 [ 0.42618001 -0.0040707   1.13855163 ... -0.08052071 -0.79003606
  -2.03768465]
 [ 0.42618001  1.00469554  1.13855163 ... -0.08052071 -0.77877635
   0.14589391]
 ...
 [-1.36666994 -1.01283694 -0.87830887 ... -0.08052071  1.31605365
  -0.18603817]
 [ 0.42618001 -0.0040707   1.13855163 ... -0.08052071 -0.72526478
  -0.64868272]
 [ 0.42618001 -0.0040707  -0.87830887 ... -0.08052071 -0.17519913
   1.00381079]]
X_tgt:
[[ 0.33444046  1.03422754 -0.92226772 ... -0.88384787 -0.84229031
   0.69872099]
 [ 0.15623619  1.14692134 -1.26397484 ...  0.44076797 -0.79003606
  -2.03768465]
 [ 0.19874915  1.05950249 -0.53280231 ... -0.08680375 -0.77877635
   0.14589391]
 ...
 [-0.02313261 -1.25744455  1.47237293 ...  1.98429703  1.31605365
  -0.18603817]
 [ 0.1102294   1.04072016 -0.015533   ...  0.54738613 -0.72526478
  -0.64868272]
 [-1.1651536   0.94077975 -0.0511836  ... -1.24228387 -0.17519913
   1.00381079]]
DA train_steps: 36
DA Train Epoch:  0 [37/36]	Lambda: 0.0010, Class: 1.327102, CORAL: 0.001361, l2_loss: 1.762458, Total_Loss: 2.089595
DA Train ith Epoch 0 result:
DA train_acc: 0.401
DA train_tgt_acc: 0.431
DA valid_tgt_acc: 0.431
DA epoch:   1 sum loss: 2.0367
DA epoch:   1 l2 loss: 1.9307
DA epoch:   1 classifier src loss: 1.2651
DA epoch:   1 classifier tgt loss: 1.3501
DA epoch:   1 coral loss: 0.0018
DA train_steps: 16
DA epoch:   1 valid sum loss: 1.6898
DA epoch:   1 valid l2 loss: 1.0007
DA epoch:   1 valid classifier loss: 1.1001
DA epoch:   1 valid tgt classifier loss: 1.0793
DA epoch:   1 valid coral loss: 0.0006
DA train_steps: 36
DA Train Epoch:  1 [37/36]	Lambda: 0.0010, Class: 1.082261, CORAL: 0.000173, l2_loss: 0.879059, Total_Loss: 1.645785
DA Train ith Epoch 1 result:
DA train_acc: 0.418
DA train_tgt_acc: 0.431
DA valid_tgt_acc: 0.431
DA epoch:   2 sum loss: 1.6744
DA epoch:   2 l2 loss: 0.9946
DA epoch:   2 classifier src loss: 1.0927
DA epoch:   2 classifier tgt loss: 1.0640
DA epoch:   2 coral loss: 0.0004
DA train_steps: 16
DA epoch:   2 valid sum loss: 1.6658
DA epoch:   2 valid l2 loss: 1.0770
DA epoch:   2 valid classifier loss: 1.0860
DA epoch:   2 valid tgt classifier loss: 1.0520
DA epoch:   2 valid coral loss: 0.0006
DA train_steps: 36
DA Train Epoch:  2 [37/36]	Lambda: 0.0010, Class: 1.056362, CORAL: 0.000809, l2_loss: 1.330935, Total_Loss: 1.617979
DA Train ith Epoch 2 result:
DA train_acc: 0.425
DA train_tgt_acc: 0.642
DA valid_tgt_acc: 0.641
DA epoch:   3 sum loss: 1.6466
DA epoch:   3 l2 loss: 1.0541
DA epoch:   3 classifier src loss: 1.0783
DA epoch:   3 classifier tgt loss: 1.0311
DA epoch:   3 coral loss: 0.0004
DA train_steps: 16
DA epoch:   3 valid sum loss: 1.6298
DA epoch:   3 valid l2 loss: 1.2208
DA epoch:   3 valid classifier loss: 1.0721
DA epoch:   3 valid tgt classifier loss: 0.9933
DA epoch:   3 valid coral loss: 0.0007
DA train_steps: 36
DA Train Epoch:  3 [37/36]	Lambda: 0.0010, Class: 1.049416, CORAL: 0.001315, l2_loss: 1.521594, Total_Loss: 1.601137
DA Train ith Epoch 3 result:
DA train_acc: 0.431
DA train_tgt_acc: 0.702
DA valid_tgt_acc: 0.701
DA epoch:   4 sum loss: 1.6095
DA epoch:   4 l2 loss: 1.1601
DA epoch:   4 classifier src loss: 1.0648
DA epoch:   4 classifier tgt loss: 0.9734
DA epoch:   4 coral loss: 0.0004
DA train_steps: 16
DA epoch:   4 valid sum loss: 1.5979
DA epoch:   4 valid l2 loss: 1.1829
DA epoch:   4 valid classifier loss: 1.0591
DA epoch:   4 valid tgt classifier loss: 0.9594
DA epoch:   4 valid coral loss: 0.0007
DA train_steps: 36
DA Train Epoch:  4 [37/36]	Lambda: 0.0010, Class: 1.034905, CORAL: 0.000391, l2_loss: 1.279845, Total_Loss: 1.564546
DA Train ith Epoch 4 result:
DA train_acc: 0.432
DA train_tgt_acc: 0.706
DA valid_tgt_acc: 0.705
DA epoch:   5 sum loss: 1.5818
DA epoch:   5 l2 loss: 1.1430
DA epoch:   5 classifier src loss: 1.0513
DA epoch:   5 classifier tgt loss: 0.9466
DA epoch:   5 coral loss: 0.0004
DA train_steps: 16
DA epoch:   5 valid sum loss: 1.5689
DA epoch:   5 valid l2 loss: 1.1877
DA epoch:   5 valid classifier loss: 1.0444
DA epoch:   5 valid tgt classifier loss: 0.9304
DA epoch:   5 valid coral loss: 0.0006
DA train_steps: 36
DA Train Epoch:  5 [37/36]	Lambda: 0.0010, Class: 1.035809, CORAL: 0.000907, l2_loss: 1.280713, Total_Loss: 1.542184
DA Train ith Epoch 5 result:
DA train_acc: 0.433
DA train_tgt_acc: 0.709
DA valid_tgt_acc: 0.709
DA epoch:   6 sum loss: 1.5507
DA epoch:   6 l2 loss: 1.1894
DA epoch:   6 classifier src loss: 1.0379
DA epoch:   6 classifier tgt loss: 0.9066
DA epoch:   6 coral loss: 0.0007
DA train_steps: 16
DA epoch:   6 valid sum loss: 1.5372
DA epoch:   6 valid l2 loss: 1.2604
DA epoch:   6 valid classifier loss: 1.0317
DA epoch:   6 valid tgt classifier loss: 0.8850
DA epoch:   6 valid coral loss: 0.0012
DA train_steps: 36
DA Train Epoch:  6 [37/36]	Lambda: 0.0010, Class: 1.014871, CORAL: 0.000911, l2_loss: 1.065885, Total_Loss: 1.503439
DA Train ith Epoch 6 result:
DA train_acc: 0.438
DA train_tgt_acc: 0.711
DA valid_tgt_acc: 0.711
DA epoch:   7 sum loss: 1.5198
DA epoch:   7 l2 loss: 1.1957
DA epoch:   7 classifier src loss: 1.0234
DA epoch:   7 classifier tgt loss: 0.8732
DA epoch:   7 coral loss: 0.0010
DA train_steps: 16
DA epoch:   7 valid sum loss: 1.5091
DA epoch:   7 valid l2 loss: 1.2268
DA epoch:   7 valid classifier loss: 1.0172
DA epoch:   7 valid tgt classifier loss: 0.8611
DA epoch:   7 valid coral loss: 0.0012
DA train_steps: 36
DA Train Epoch:  7 [37/36]	Lambda: 0.0010, Class: 1.011113, CORAL: 0.001062, l2_loss: 1.061919, Total_Loss: 1.493369
DA Train ith Epoch 7 result:
DA train_acc: 0.471
DA train_tgt_acc: 0.711
DA valid_tgt_acc: 0.711
DA epoch:   8 sum loss: 1.4935
DA epoch:   8 l2 loss: 1.1932
DA epoch:   8 classifier src loss: 1.0081
DA epoch:   8 classifier tgt loss: 0.8515
DA epoch:   8 coral loss: 0.0011
DA train_steps: 16
DA epoch:   8 valid sum loss: 1.4847
DA epoch:   8 valid l2 loss: 1.2389
DA epoch:   8 valid classifier loss: 1.0010
DA epoch:   8 valid tgt classifier loss: 0.8436
DA epoch:   8 valid coral loss: 0.0013
DA train_steps: 36
DA Train Epoch:  8 [37/36]	Lambda: 0.0010, Class: 0.977261, CORAL: 0.001380, l2_loss: 1.189640, Total_Loss: 1.440435
DA Train ith Epoch 8 result:
DA train_acc: 0.626
DA train_tgt_acc: 0.712
DA valid_tgt_acc: 0.711
DA epoch:   9 sum loss: 1.4659
DA epoch:   9 l2 loss: 1.1914
DA epoch:   9 classifier src loss: 0.9908
DA epoch:   9 classifier tgt loss: 0.8311
DA epoch:   9 coral loss: 0.0012
DA train_steps: 16
DA epoch:   9 valid sum loss: 1.4552
DA epoch:   9 valid l2 loss: 1.2427
DA epoch:   9 valid classifier loss: 0.9825
DA epoch:   9 valid tgt classifier loss: 0.8211
DA epoch:   9 valid coral loss: 0.0015
DA train_steps: 36
DA Train Epoch:  9 [37/36]	Lambda: 0.0010, Class: 0.960093, CORAL: 0.001627, l2_loss: 1.013352, Total_Loss: 1.403953
DA Train ith Epoch 9 result:
DA train_acc: 0.712
DA train_tgt_acc: 0.712
DA valid_tgt_acc: 0.712
DA epoch:  10 sum loss: 1.4367
DA epoch:  10 l2 loss: 1.1826
DA epoch:  10 classifier src loss: 0.9728
DA epoch:  10 classifier tgt loss: 0.8096
DA epoch:  10 coral loss: 0.0014
DA train_steps: 16
DA epoch:  10 valid sum loss: 1.4240
DA epoch:  10 valid l2 loss: 1.2782
DA epoch:  10 valid classifier loss: 0.9628
DA epoch:  10 valid tgt classifier loss: 0.7948
DA epoch:  10 valid coral loss: 0.0017
DA train_steps: 36
DA Train Epoch: 10 [37/36]	Lambda: 0.0010, Class: 0.928942, CORAL: 0.002391, l2_loss: 1.107685, Total_Loss: 1.366607
DA Train ith Epoch 10 result:
DA train_acc: 0.721
DA train_tgt_acc: 0.711
DA valid_tgt_acc: 0.711
DA epoch:  11 sum loss: 1.4039
DA epoch:  11 l2 loss: 1.2145
DA epoch:  11 classifier src loss: 0.9536
DA epoch:  11 classifier tgt loss: 0.7792
DA epoch:  11 coral loss: 0.0021
DA train_steps: 16
DA epoch:  11 valid sum loss: 1.3902
DA epoch:  11 valid l2 loss: 1.2544
DA epoch:  11 valid classifier loss: 0.9444
DA epoch:  11 valid tgt classifier loss: 0.7663
DA epoch:  11 valid coral loss: 0.0024
DA train_steps: 36
DA Train Epoch: 11 [37/36]	Lambda: 0.0010, Class: 0.924803, CORAL: 0.003468, l2_loss: 1.030036, Total_Loss: 1.347264
DA Train ith Epoch 11 result:
DA train_acc: 0.721
DA train_tgt_acc: 0.713
DA valid_tgt_acc: 0.713
DA epoch:  12 sum loss: 1.3701
DA epoch:  12 l2 loss: 1.2102
DA epoch:  12 classifier src loss: 0.9345
DA epoch:  12 classifier tgt loss: 0.7501
DA epoch:  12 coral loss: 0.0029
DA train_steps: 16
DA epoch:  12 valid sum loss: 1.3552
DA epoch:  12 valid l2 loss: 1.2743
DA epoch:  12 valid classifier loss: 0.9259
DA epoch:  12 valid tgt classifier loss: 0.7312
DA epoch:  12 valid coral loss: 0.0034
DA train_steps: 36
DA Train Epoch: 12 [37/36]	Lambda: 0.0010, Class: 0.917658, CORAL: 0.003642, l2_loss: 1.046327, Total_Loss: 1.332391
DA Train ith Epoch 12 result:
DA train_acc: 0.721
DA train_tgt_acc: 0.722
DA valid_tgt_acc: 0.722
DA epoch:  13 sum loss: 1.3352
DA epoch:  13 l2 loss: 1.2340
DA epoch:  13 classifier src loss: 0.9148
DA epoch:  13 classifier tgt loss: 0.7175
DA epoch:  13 coral loss: 0.0037
DA train_steps: 16
DA epoch:  13 valid sum loss: 1.3210
DA epoch:  13 valid l2 loss: 1.2758
DA epoch:  13 valid classifier loss: 0.9052
DA epoch:  13 valid tgt classifier loss: 0.7042
DA epoch:  13 valid coral loss: 0.0035
DA train_steps: 36
DA Train Epoch: 13 [37/36]	Lambda: 0.0010, Class: 0.887296, CORAL: 0.004849, l2_loss: 1.006670, Total_Loss: 1.285388
DA Train ith Epoch 13 result:
DA train_acc: 0.721
DA train_tgt_acc: 0.746
DA valid_tgt_acc: 0.747
DA epoch:  14 sum loss: 1.2994
DA epoch:  14 l2 loss: 1.2279
DA epoch:  14 classifier src loss: 0.8944
DA epoch:  14 classifier tgt loss: 0.6872
DA epoch:  14 coral loss: 0.0041
DA train_steps: 16
DA epoch:  14 valid sum loss: 1.2828
DA epoch:  14 valid l2 loss: 1.2465
DA epoch:  14 valid classifier loss: 0.8831
DA epoch:  14 valid tgt classifier loss: 0.6748
DA epoch:  14 valid coral loss: 0.0041
DA train_steps: 36
DA Train Epoch: 14 [37/36]	Lambda: 0.0010, Class: 0.861472, CORAL: 0.005709, l2_loss: 1.077860, Total_Loss: 1.243662
DA Train ith Epoch 14 result:
DA train_acc: 0.721
DA train_tgt_acc: 0.745
DA valid_tgt_acc: 0.746
DA epoch:  15 sum loss: 1.2667
DA epoch:  15 l2 loss: 1.2189
DA epoch:  15 classifier src loss: 0.8736
DA epoch:  15 classifier tgt loss: 0.6642
DA epoch:  15 coral loss: 0.0047
DA train_steps: 16
DA epoch:  15 valid sum loss: 1.2544
DA epoch:  15 valid l2 loss: 1.2520
DA epoch:  15 valid classifier loss: 0.8640
DA epoch:  15 valid tgt classifier loss: 0.6556
DA epoch:  15 valid coral loss: 0.0047
DA train_steps: 36
DA Train Epoch: 15 [37/36]	Lambda: 0.0010, Class: 0.846481, CORAL: 0.006569, l2_loss: 1.288011, Total_Loss: 1.232442
DA Train ith Epoch 15 result:
DA train_acc: 0.721
DA train_tgt_acc: 0.748
DA valid_tgt_acc: 0.749
DA epoch:  16 sum loss: 1.2369
DA epoch:  16 l2 loss: 1.2183
DA epoch:  16 classifier src loss: 0.8529
DA epoch:  16 classifier tgt loss: 0.6462
DA epoch:  16 coral loss: 0.0055
DA train_steps: 16
DA epoch:  16 valid sum loss: 1.2236
DA epoch:  16 valid l2 loss: 1.2522
DA epoch:  16 valid classifier loss: 0.8431
DA epoch:  16 valid tgt classifier loss: 0.6358
DA epoch:  16 valid coral loss: 0.0057
DA train_steps: 36
DA Train Epoch: 16 [37/36]	Lambda: 0.0010, Class: 0.819706, CORAL: 0.007989, l2_loss: 1.128997, Total_Loss: 1.175606
DA Train ith Epoch 16 result:
DA train_acc: 0.721
DA train_tgt_acc: 0.748
DA valid_tgt_acc: 0.749
DA epoch:  17 sum loss: 1.2073
DA epoch:  17 l2 loss: 1.2071
DA epoch:  17 classifier src loss: 0.8324
DA epoch:  17 classifier tgt loss: 0.6292
DA epoch:  17 coral loss: 0.0062
DA train_steps: 16
DA epoch:  17 valid sum loss: 1.1934
DA epoch:  17 valid l2 loss: 1.2731
DA epoch:  17 valid classifier loss: 0.8212
DA epoch:  17 valid tgt classifier loss: 0.6172
DA epoch:  17 valid coral loss: 0.0066
DA train_steps: 36
DA Train Epoch: 17 [37/36]	Lambda: 0.0010, Class: 0.801270, CORAL: 0.006837, l2_loss: 1.085675, Total_Loss: 1.154561
DA Train ith Epoch 17 result:
DA train_acc: 0.722
DA train_tgt_acc: 0.748
DA valid_tgt_acc: 0.748
DA epoch:  18 sum loss: 1.1793
DA epoch:  18 l2 loss: 1.1981
DA epoch:  18 classifier src loss: 0.8127
DA epoch:  18 classifier tgt loss: 0.6134
DA epoch:  18 coral loss: 0.0069
DA train_steps: 16
DA epoch:  18 valid sum loss: 1.1670
DA epoch:  18 valid l2 loss: 1.2496
DA epoch:  18 valid classifier loss: 0.8030
DA epoch:  18 valid tgt classifier loss: 0.6031
DA epoch:  18 valid coral loss: 0.0077
DA train_steps: 36
DA Train Epoch: 18 [37/36]	Lambda: 0.0010, Class: 0.770448, CORAL: 0.009603, l2_loss: 1.305778, Total_Loss: 1.120710
DA Train ith Epoch 18 result:
DA train_acc: 0.722
DA train_tgt_acc: 0.748
DA valid_tgt_acc: 0.749
DA epoch:  19 sum loss: 1.1524
DA epoch:  19 l2 loss: 1.1999
DA epoch:  19 classifier src loss: 0.7934
DA epoch:  19 classifier tgt loss: 0.5979
DA epoch:  19 coral loss: 0.0081
DA train_steps: 16
DA epoch:  19 valid sum loss: 1.1422
DA epoch:  19 valid l2 loss: 1.2189
DA epoch:  19 valid classifier loss: 0.7851
DA epoch:  19 valid tgt classifier loss: 0.5921
DA epoch:  19 valid coral loss: 0.0078
DA train_steps: 36
DA Train Epoch: 19 [37/36]	Lambda: 0.0010, Class: 0.762669, CORAL: 0.012422, l2_loss: 1.332328, Total_Loss: 1.102815
DA Train ith Epoch 19 result:
DA train_acc: 0.722
DA train_tgt_acc: 0.748
DA valid_tgt_acc: 0.749
DA epoch:  20 sum loss: 1.1254
DA epoch:  20 l2 loss: 1.1941
DA epoch:  20 classifier src loss: 0.7746
DA epoch:  20 classifier tgt loss: 0.5821
DA epoch:  20 coral loss: 0.0096
DA train_steps: 16
DA epoch:  20 valid sum loss: 1.1119
DA epoch:  20 valid l2 loss: 1.2846
DA epoch:  20 valid classifier loss: 0.7647
DA epoch:  20 valid tgt classifier loss: 0.5659
DA epoch:  20 valid coral loss: 0.0117
DA train_steps: 36
DA Train Epoch: 20 [37/36]	Lambda: 0.0010, Class: 0.737990, CORAL: 0.012447, l2_loss: 1.143679, Total_Loss: 1.082258
DA Train ith Epoch 20 result:
DA train_acc: 0.722
DA train_tgt_acc: 0.746
DA valid_tgt_acc: 0.748
DA epoch:  21 sum loss: 1.0976
DA epoch:  21 l2 loss: 1.1958
DA epoch:  21 classifier src loss: 0.7554
DA epoch:  21 classifier tgt loss: 0.5647
DA epoch:  21 coral loss: 0.0119
DA train_steps: 16
DA epoch:  21 valid sum loss: 1.0862
DA epoch:  21 valid l2 loss: 1.2255
DA epoch:  21 valid classifier loss: 0.7461
DA epoch:  21 valid tgt classifier loss: 0.5577
DA epoch:  21 valid coral loss: 0.0110
DA train_steps: 36
DA Train Epoch: 21 [37/36]	Lambda: 0.0010, Class: 0.736161, CORAL: 0.011155, l2_loss: 1.363543, Total_Loss: 1.084921
DA Train ith Epoch 21 result:
DA train_acc: 0.722
DA train_tgt_acc: 0.747
DA valid_tgt_acc: 0.749
DA epoch:  22 sum loss: 1.0696
DA epoch:  22 l2 loss: 1.1923
DA epoch:  22 classifier src loss: 0.7363
DA epoch:  22 classifier tgt loss: 0.5475
DA epoch:  22 coral loss: 0.0135
DA train_steps: 16
DA epoch:  22 valid sum loss: 1.0569
DA epoch:  22 valid l2 loss: 1.2217
DA epoch:  22 valid classifier loss: 0.7266
DA epoch:  22 valid tgt classifier loss: 0.5384
DA epoch:  22 valid coral loss: 0.0133
DA train_steps: 36
DA Train Epoch: 22 [37/36]	Lambda: 0.0010, Class: 0.713103, CORAL: 0.017501, l2_loss: 0.980871, Total_Loss: 1.024928
DA Train ith Epoch 22 result:
DA train_acc: 0.722
DA train_tgt_acc: 0.748
DA valid_tgt_acc: 0.750
DA epoch:  23 sum loss: 1.0409
DA epoch:  23 l2 loss: 1.1705
DA epoch:  23 classifier src loss: 0.7159
DA epoch:  23 classifier tgt loss: 0.5329
DA epoch:  23 coral loss: 0.0149
DA train_steps: 16
DA epoch:  23 valid sum loss: 1.0289
DA epoch:  23 valid l2 loss: 1.2666
DA epoch:  23 valid classifier loss: 0.7049
DA epoch:  23 valid tgt classifier loss: 0.5213
DA epoch:  23 valid coral loss: 0.0175
DA train_steps: 36
DA Train Epoch: 23 [37/36]	Lambda: 0.0010, Class: 0.676344, CORAL: 0.019320, l2_loss: 1.454659, Total_Loss: 1.002601
DA Train ith Epoch 23 result:
DA train_acc: 0.722
DA train_tgt_acc: 0.748
DA valid_tgt_acc: 0.749
DA epoch:  24 sum loss: 1.0122
DA epoch:  24 l2 loss: 1.1705
DA epoch:  24 classifier src loss: 0.6946
DA epoch:  24 classifier tgt loss: 0.5181
DA epoch:  24 coral loss: 0.0162
DA train_steps: 16
DA epoch:  24 valid sum loss: 1.0006
DA epoch:  24 valid l2 loss: 1.2239
DA epoch:  24 valid classifier loss: 0.6848
DA epoch:  24 valid tgt classifier loss: 0.5090
DA epoch:  24 valid coral loss: 0.0193
DA train_steps: 36
DA Train Epoch: 24 [37/36]	Lambda: 0.0010, Class: 0.654050, CORAL: 0.018058, l2_loss: 1.329246, Total_Loss: 0.953825
DA Train ith Epoch 24 result:
DA train_acc: 0.723
DA train_tgt_acc: 0.767
DA valid_tgt_acc: 0.767
DA epoch:  25 sum loss: 0.9811
DA epoch:  25 l2 loss: 1.1507
DA epoch:  25 classifier src loss: 0.6735
DA epoch:  25 classifier tgt loss: 0.4999
DA epoch:  25 coral loss: 0.0173
DA train_steps: 16
DA epoch:  25 valid sum loss: 0.9616
DA epoch:  25 valid l2 loss: 1.2215
DA epoch:  25 valid classifier loss: 0.6640
DA epoch:  25 valid tgt classifier loss: 0.4730
DA epoch:  25 valid coral loss: 0.0184
DA train_steps: 36
DA Train Epoch: 25 [37/36]	Lambda: 0.0010, Class: 0.654404, CORAL: 0.020513, l2_loss: 1.612889, Total_Loss: 0.957642
DA Train ith Epoch 25 result:
DA train_acc: 0.748
DA train_tgt_acc: 0.947
DA valid_tgt_acc: 0.948
DA epoch:  26 sum loss: 0.9376
DA epoch:  26 l2 loss: 1.1619
DA epoch:  26 classifier src loss: 0.6522
DA epoch:  26 classifier tgt loss: 0.4546
DA epoch:  26 coral loss: 0.0185
DA train_steps: 16
DA epoch:  26 valid sum loss: 0.9189
DA epoch:  26 valid l2 loss: 1.2149
DA epoch:  26 valid classifier loss: 0.6416
DA epoch:  26 valid tgt classifier loss: 0.4331
DA epoch:  26 valid coral loss: 0.0214
DA train_steps: 36
DA Train Epoch: 26 [37/36]	Lambda: 0.0010, Class: 0.612255, CORAL: 0.023477, l2_loss: 1.331412, Total_Loss: 0.887879
DA Train ith Epoch 26 result:
DA train_acc: 0.791
DA train_tgt_acc: 0.949
DA valid_tgt_acc: 0.949
DA epoch:  27 sum loss: 0.8988
DA epoch:  27 l2 loss: 1.1627
DA epoch:  27 classifier src loss: 0.6294
DA epoch:  27 classifier tgt loss: 0.4224
DA epoch:  27 coral loss: 0.0207
DA train_steps: 16
DA epoch:  27 valid sum loss: 0.8819
DA epoch:  27 valid l2 loss: 1.2102
DA epoch:  27 valid classifier loss: 0.6172
DA epoch:  27 valid tgt classifier loss: 0.4082
DA epoch:  27 valid coral loss: 0.0216
DA train_steps: 36
DA Train Epoch: 27 [37/36]	Lambda: 0.0010, Class: 0.600342, CORAL: 0.022494, l2_loss: 1.470282, Total_Loss: 0.861692
DA Train ith Epoch 27 result:
DA train_acc: 0.831
DA train_tgt_acc: 0.947
DA valid_tgt_acc: 0.948
DA epoch:  28 sum loss: 0.8660
DA epoch:  28 l2 loss: 1.1583
DA epoch:  28 classifier src loss: 0.6076
DA epoch:  28 classifier tgt loss: 0.4009
DA epoch:  28 coral loss: 0.0216
DA train_steps: 16
DA epoch:  28 valid sum loss: 0.8503
DA epoch:  28 valid l2 loss: 1.2009
DA epoch:  28 valid classifier loss: 0.5951
DA epoch:  28 valid tgt classifier loss: 0.3903
DA epoch:  28 valid coral loss: 0.0210
DA train_steps: 36
DA Train Epoch: 28 [37/36]	Lambda: 0.0010, Class: 0.570712, CORAL: 0.033709, l2_loss: 1.549741, Total_Loss: 0.807118
DA Train ith Epoch 28 result:
DA train_acc: 0.860
DA train_tgt_acc: 0.950
DA valid_tgt_acc: 0.951
DA epoch:  29 sum loss: 0.8241
DA epoch:  29 l2 loss: 1.3149
DA epoch:  29 classifier src loss: 0.5856
DA epoch:  29 classifier tgt loss: 0.3454
DA epoch:  29 coral loss: 0.0270
DA train_steps: 16
DA epoch:  29 valid sum loss: 0.8051
DA epoch:  29 valid l2 loss: 1.4705
DA epoch:  29 valid classifier loss: 0.5754
DA epoch:  29 valid tgt classifier loss: 0.3123
DA epoch:  29 valid coral loss: 0.0315
DA train_steps: 36
DA Train Epoch: 29 [37/36]	Lambda: 0.0010, Class: 0.554446, CORAL: 0.037971, l2_loss: 1.136185, Total_Loss: 0.758735
DA Train ith Epoch 29 result:
DA train_acc: 0.892
DA train_tgt_acc: 0.950
DA valid_tgt_acc: 0.950
DA epoch:  30 sum loss: 0.7838
DA epoch:  30 l2 loss: 1.3889
DA epoch:  30 classifier src loss: 0.5643
DA epoch:  30 classifier tgt loss: 0.3001
DA epoch:  30 coral loss: 0.0356
DA train_steps: 16
DA epoch:  30 valid sum loss: 0.7707
DA epoch:  30 valid l2 loss: 1.4140
DA epoch:  30 valid classifier loss: 0.5544
DA epoch:  30 valid tgt classifier loss: 0.2911
DA epoch:  30 valid coral loss: 0.0384
DA train_steps: 36
DA Train Epoch: 30 [37/36]	Lambda: 0.0010, Class: 0.523592, CORAL: 0.044396, l2_loss: 1.101451, Total_Loss: 0.711155
DA Train ith Epoch 30 result:
DA train_acc: 0.921
DA train_tgt_acc: 0.951
DA valid_tgt_acc: 0.951
DA epoch:  31 sum loss: 0.7512
DA epoch:  31 l2 loss: 1.3395
DA epoch:  31 classifier src loss: 0.5432
DA epoch:  31 classifier tgt loss: 0.2820
DA epoch:  31 coral loss: 0.0379
DA train_steps: 16
DA epoch:  31 valid sum loss: 0.7373
DA epoch:  31 valid l2 loss: 1.3689
DA epoch:  31 valid classifier loss: 0.5327
DA epoch:  31 valid tgt classifier loss: 0.2721
DA epoch:  31 valid coral loss: 0.0397
DA train_steps: 36
DA Train Epoch: 31 [37/36]	Lambda: 0.0010, Class: 0.505126, CORAL: 0.048798, l2_loss: 1.180932, Total_Loss: 0.691280
DA Train ith Epoch 31 result:
DA train_acc: 0.941
DA train_tgt_acc: 0.953
DA valid_tgt_acc: 0.952
DA epoch:  32 sum loss: 0.7217
DA epoch:  32 l2 loss: 1.3072
DA epoch:  32 classifier src loss: 0.5224
DA epoch:  32 classifier tgt loss: 0.2678
DA epoch:  32 coral loss: 0.0401
DA train_steps: 16
DA epoch:  32 valid sum loss: 0.7079
DA epoch:  32 valid l2 loss: 1.3336
DA epoch:  32 valid classifier loss: 0.5123
DA epoch:  32 valid tgt classifier loss: 0.2578
DA epoch:  32 valid coral loss: 0.0429
DA train_steps: 36
DA Train Epoch: 32 [37/36]	Lambda: 0.0010, Class: 0.491910, CORAL: 0.043564, l2_loss: 1.231335, Total_Loss: 0.678769
DA Train ith Epoch 32 result:
DA train_acc: 0.956
DA train_tgt_acc: 0.950
DA valid_tgt_acc: 0.950
DA epoch:  33 sum loss: 0.6925
DA epoch:  33 l2 loss: 1.2704
DA epoch:  33 classifier src loss: 0.5013
DA epoch:  33 classifier tgt loss: 0.2552
DA epoch:  33 coral loss: 0.0418
DA train_steps: 16
DA epoch:  33 valid sum loss: 0.6809
DA epoch:  33 valid l2 loss: 1.3070
DA epoch:  33 valid classifier loss: 0.4892
DA epoch:  33 valid tgt classifier loss: 0.2525
DA epoch:  33 valid coral loss: 0.0473
DA train_steps: 36
DA Train Epoch: 33 [37/36]	Lambda: 0.0010, Class: 0.472665, CORAL: 0.040381, l2_loss: 2.038203, Total_Loss: 0.687739
DA Train ith Epoch 33 result:
DA train_acc: 0.966
DA train_tgt_acc: 0.952
DA valid_tgt_acc: 0.953
DA epoch:  34 sum loss: 0.6651
DA epoch:  34 l2 loss: 1.2580
DA epoch:  34 classifier src loss: 0.4798
DA epoch:  34 classifier tgt loss: 0.2447
DA epoch:  34 coral loss: 0.0437
DA train_steps: 16
DA epoch:  34 valid sum loss: 0.6534
DA epoch:  34 valid l2 loss: 1.2612
DA epoch:  34 valid classifier loss: 0.4697
DA epoch:  34 valid tgt classifier loss: 0.2413
DA epoch:  34 valid coral loss: 0.0398
DA train_steps: 36
DA Train Epoch: 34 [37/36]	Lambda: 0.0010, Class: 0.464333, CORAL: 0.045359, l2_loss: 1.141375, Total_Loss: 0.636924
DA Train ith Epoch 34 result:
DA train_acc: 0.974
DA train_tgt_acc: 0.954
DA valid_tgt_acc: 0.955
DA epoch:  35 sum loss: 0.6368
DA epoch:  35 l2 loss: 1.2092
DA epoch:  35 classifier src loss: 0.4583
DA epoch:  35 classifier tgt loss: 0.2360
DA epoch:  35 coral loss: 0.0442
DA train_steps: 16
DA epoch:  35 valid sum loss: 0.6331
DA epoch:  35 valid l2 loss: 1.3663
DA epoch:  35 valid classifier loss: 0.4499
DA epoch:  35 valid tgt classifier loss: 0.2297
DA epoch:  35 valid coral loss: 0.0453
DA train_steps: 36
DA Train Epoch: 35 [37/36]	Lambda: 0.0010, Class: 0.430067, CORAL: 0.045168, l2_loss: 1.509528, Total_Loss: 0.618525
DA Train ith Epoch 35 result:
DA train_acc: 0.982
DA train_tgt_acc: 0.952
DA valid_tgt_acc: 0.953
DA epoch:  36 sum loss: 0.6098
DA epoch:  36 l2 loss: 1.1884
DA epoch:  36 classifier src loss: 0.4360
DA epoch:  36 classifier tgt loss: 0.2285
DA epoch:  36 coral loss: 0.0454
DA train_steps: 16
DA epoch:  36 valid sum loss: 0.5983
DA epoch:  36 valid l2 loss: 1.2163
DA epoch:  36 valid classifier loss: 0.4253
DA epoch:  36 valid tgt classifier loss: 0.2243
DA epoch:  36 valid coral loss: 0.0450
DA train_steps: 36
DA Train Epoch: 36 [37/36]	Lambda: 0.0010, Class: 0.398717, CORAL: 0.050283, l2_loss: 1.123892, Total_Loss: 0.565270
DA Train ith Epoch 36 result:
DA train_acc: 0.985
DA train_tgt_acc: 0.954
DA valid_tgt_acc: 0.953
DA epoch:  37 sum loss: 0.5798
DA epoch:  37 l2 loss: 1.1546
DA epoch:  37 classifier src loss: 0.4134
DA epoch:  37 classifier tgt loss: 0.2173
DA epoch:  37 coral loss: 0.0463
DA train_steps: 16
DA epoch:  37 valid sum loss: 0.5686
DA epoch:  37 valid l2 loss: 1.1967
DA epoch:  37 valid classifier loss: 0.4025
DA epoch:  37 valid tgt classifier loss: 0.2125
DA epoch:  37 valid coral loss: 0.0467
DA train_steps: 36
DA Train Epoch: 37 [37/36]	Lambda: 0.0010, Class: 0.385056, CORAL: 0.045525, l2_loss: 1.276313, Total_Loss: 0.549358
DA Train ith Epoch 37 result:
DA train_acc: 0.988
DA train_tgt_acc: 0.954
DA valid_tgt_acc: 0.955
DA epoch:  38 sum loss: 0.5516
DA epoch:  38 l2 loss: 1.1303
DA epoch:  38 classifier src loss: 0.3903
DA epoch:  38 classifier tgt loss: 0.2095
DA epoch:  38 coral loss: 0.0465
DA train_steps: 16
DA epoch:  38 valid sum loss: 0.5456
DA epoch:  38 valid l2 loss: 1.2902
DA epoch:  38 valid classifier loss: 0.3809
DA epoch:  38 valid tgt classifier loss: 0.2002
DA epoch:  38 valid coral loss: 0.0490
DA train_steps: 36
DA Train Epoch: 38 [37/36]	Lambda: 0.0010, Class: 0.350629, CORAL: 0.046899, l2_loss: 1.036515, Total_Loss: 0.507952
DA Train ith Epoch 38 result:
DA train_acc: 0.991
DA train_tgt_acc: 0.952
DA valid_tgt_acc: 0.953
DA epoch:  39 sum loss: 0.5224
DA epoch:  39 l2 loss: 1.1041
DA epoch:  39 classifier src loss: 0.3663
DA epoch:  39 classifier tgt loss: 0.2018
DA epoch:  39 coral loss: 0.0473
DA train_steps: 16
DA epoch:  39 valid sum loss: 0.5133
DA epoch:  39 valid l2 loss: 1.1412
DA epoch:  39 valid classifier loss: 0.3545
DA epoch:  39 valid tgt classifier loss: 0.2034
DA epoch:  39 valid coral loss: 0.0525
DA train_steps: 36
DA Train Epoch: 39 [37/36]	Lambda: 0.0010, Class: 0.335719, CORAL: 0.058317, l2_loss: 1.132165, Total_Loss: 0.488542
DA Train ith Epoch 39 result:
DA train_acc: 0.993
DA train_tgt_acc: 0.956
DA valid_tgt_acc: 0.956
DA epoch:  40 sum loss: 0.4939
DA epoch:  40 l2 loss: 1.0796
DA epoch:  40 classifier src loss: 0.3425
DA epoch:  40 classifier tgt loss: 0.1949
DA epoch:  40 coral loss: 0.0468
DA train_steps: 16
DA epoch:  40 valid sum loss: 0.4822
DA epoch:  40 valid l2 loss: 1.1645
DA epoch:  40 valid classifier loss: 0.3308
DA epoch:  40 valid tgt classifier loss: 0.1863
DA epoch:  40 valid coral loss: 0.0497
DA train_steps: 36
DA Train Epoch: 40 [37/36]	Lambda: 0.0010, Class: 0.301544, CORAL: 0.043902, l2_loss: 1.359513, Total_Loss: 0.463210
DA Train ith Epoch 40 result:
DA train_acc: 0.994
DA train_tgt_acc: 0.956
DA valid_tgt_acc: 0.955
DA epoch:  41 sum loss: 0.4647
DA epoch:  41 l2 loss: 1.0575
DA epoch:  41 classifier src loss: 0.3185
DA epoch:  41 classifier tgt loss: 0.1865
DA epoch:  41 coral loss: 0.0460
DA train_steps: 16
DA epoch:  41 valid sum loss: 0.4516
DA epoch:  41 valid l2 loss: 1.0734
DA epoch:  41 valid classifier loss: 0.3060
DA epoch:  41 valid tgt classifier loss: 0.1837
DA epoch:  41 valid coral loss: 0.0474
DA train_steps: 36
DA Train Epoch: 41 [37/36]	Lambda: 0.0010, Class: 0.285422, CORAL: 0.042292, l2_loss: 0.963152, Total_Loss: 0.435819
DA Train ith Epoch 41 result:
DA train_acc: 0.994
DA train_tgt_acc: 0.957
DA valid_tgt_acc: 0.957
DA epoch:  42 sum loss: 0.4375
DA epoch:  42 l2 loss: 1.0251
DA epoch:  42 classifier src loss: 0.2959
DA epoch:  42 classifier tgt loss: 0.1805
DA epoch:  42 coral loss: 0.0444
DA train_steps: 16
DA epoch:  42 valid sum loss: 0.4334
DA epoch:  42 valid l2 loss: 1.1517
DA epoch:  42 valid classifier loss: 0.2865
DA epoch:  42 valid tgt classifier loss: 0.1786
DA epoch:  42 valid coral loss: 0.0445
DA train_steps: 36
DA Train Epoch: 42 [37/36]	Lambda: 0.0010, Class: 0.267119, CORAL: 0.042287, l2_loss: 0.835242, Total_Loss: 0.391314
DA Train ith Epoch 42 result:
DA train_acc: 0.995
DA train_tgt_acc: 0.957
DA valid_tgt_acc: 0.956
DA epoch:  43 sum loss: 0.4115
DA epoch:  43 l2 loss: 0.9971
DA epoch:  43 classifier src loss: 0.2745
DA epoch:  43 classifier tgt loss: 0.1743
DA epoch:  43 coral loss: 0.0431
DA train_steps: 16
DA epoch:  43 valid sum loss: 0.3998
DA epoch:  43 valid l2 loss: 1.0156
DA epoch:  43 valid classifier loss: 0.2638
DA epoch:  43 valid tgt classifier loss: 0.1703
DA epoch:  43 valid coral loss: 0.0423
DA train_steps: 36
DA Train Epoch: 43 [37/36]	Lambda: 0.0010, Class: 0.248240, CORAL: 0.034564, l2_loss: 1.310048, Total_Loss: 0.395268
DA Train ith Epoch 43 result:
DA train_acc: 0.995
DA train_tgt_acc: 0.956
DA valid_tgt_acc: 0.957
DA epoch:  44 sum loss: 0.3881
DA epoch:  44 l2 loss: 0.9672
DA epoch:  44 classifier src loss: 0.2542
DA epoch:  44 classifier tgt loss: 0.1710
DA epoch:  44 coral loss: 0.0406
DA train_steps: 16
DA epoch:  44 valid sum loss: 0.3756
DA epoch:  44 valid l2 loss: 0.9662
DA epoch:  44 valid classifier loss: 0.2447
DA epoch:  44 valid tgt classifier loss: 0.1652
DA epoch:  44 valid coral loss: 0.0375
DA train_steps: 36
DA Train Epoch: 44 [37/36]	Lambda: 0.0010, Class: 0.224320, CORAL: 0.044861, l2_loss: 0.851218, Total_Loss: 0.345890
DA Train ith Epoch 44 result:
DA train_acc: 0.996
DA train_tgt_acc: 0.955
DA valid_tgt_acc: 0.956
DA epoch:  45 sum loss: 0.3621
DA epoch:  45 l2 loss: 0.9288
DA epoch:  45 classifier src loss: 0.2348
DA epoch:  45 classifier tgt loss: 0.1617
DA epoch:  45 coral loss: 0.0411
DA train_steps: 16
DA epoch:  45 valid sum loss: 0.3552
DA epoch:  45 valid l2 loss: 0.9665
DA epoch:  45 valid classifier loss: 0.2256
DA epoch:  45 valid tgt classifier loss: 0.1624
DA epoch:  45 valid coral loss: 0.0420
DA train_steps: 36
DA Train Epoch: 45 [37/36]	Lambda: 0.0010, Class: 0.201876, CORAL: 0.044736, l2_loss: 0.749758, Total_Loss: 0.307008
DA Train ith Epoch 45 result:
DA train_acc: 0.996
DA train_tgt_acc: 0.955
DA valid_tgt_acc: 0.956
DA epoch:  46 sum loss: 0.3419
DA epoch:  46 l2 loss: 0.9057
DA epoch:  46 classifier src loss: 0.2168
DA epoch:  46 classifier tgt loss: 0.1595
DA epoch:  46 coral loss: 0.0413
DA train_steps: 16
DA epoch:  46 valid sum loss: 0.3328
DA epoch:  46 valid l2 loss: 0.9527
DA epoch:  46 valid classifier loss: 0.2085
DA epoch:  46 valid tgt classifier loss: 0.1532
DA epoch:  46 valid coral loss: 0.0452
DA train_steps: 36
DA Train Epoch: 46 [37/36]	Lambda: 0.0010, Class: 0.195128, CORAL: 0.042429, l2_loss: 0.735380, Total_Loss: 0.308757
DA Train ith Epoch 46 result:
DA train_acc: 0.996
DA train_tgt_acc: 0.957
DA valid_tgt_acc: 0.958
DA epoch:  47 sum loss: 0.3207
DA epoch:  47 l2 loss: 0.8878
DA epoch:  47 classifier src loss: 0.2004
DA epoch:  47 classifier tgt loss: 0.1518
DA epoch:  47 coral loss: 0.0410
DA train_steps: 16
DA epoch:  47 valid sum loss: 0.3134
DA epoch:  47 valid l2 loss: 0.9343
DA epoch:  47 valid classifier loss: 0.1928
DA epoch:  47 valid tgt classifier loss: 0.1477
DA epoch:  47 valid coral loss: 0.0429
DA train_steps: 36
DA Train Epoch: 47 [37/36]	Lambda: 0.0010, Class: 0.184569, CORAL: 0.041285, l2_loss: 0.905437, Total_Loss: 0.294502
DA Train ith Epoch 47 result:
DA train_acc: 0.996
DA train_tgt_acc: 0.958
DA valid_tgt_acc: 0.957
DA epoch:  48 sum loss: 0.3028
DA epoch:  48 l2 loss: 0.8683
DA epoch:  48 classifier src loss: 0.1852
DA epoch:  48 classifier tgt loss: 0.1484
DA epoch:  48 coral loss: 0.0396
DA train_steps: 16
DA epoch:  48 valid sum loss: 0.2955
DA epoch:  48 valid l2 loss: 0.8937
DA epoch:  48 valid classifier loss: 0.1775
DA epoch:  48 valid tgt classifier loss: 0.1464
DA epoch:  48 valid coral loss: 0.0416
DA train_steps: 36
DA Train Epoch: 48 [37/36]	Lambda: 0.0010, Class: 0.171603, CORAL: 0.037935, l2_loss: 0.954199, Total_Loss: 0.293686
DA Train ith Epoch 48 result:
DA train_acc: 0.996
DA train_tgt_acc: 0.956
DA valid_tgt_acc: 0.956
DA epoch:  49 sum loss: 0.2858
DA epoch:  49 l2 loss: 0.8521
DA epoch:  49 classifier src loss: 0.1710
DA epoch:  49 classifier tgt loss: 0.1443
DA epoch:  49 coral loss: 0.0392
DA train_steps: 16
DA epoch:  49 valid sum loss: 0.2827
DA epoch:  49 valid l2 loss: 0.9019
DA epoch:  49 valid classifier loss: 0.1644
DA epoch:  49 valid tgt classifier loss: 0.1463
DA epoch:  49 valid coral loss: 0.0435
DA train_steps: 36
DA Train Epoch: 49 [37/36]	Lambda: 0.0010, Class: 0.145920, CORAL: 0.044723, l2_loss: 0.631080, Total_Loss: 0.244670
DA Train ith Epoch 49 result:
DA train_acc: 0.996
DA train_tgt_acc: 0.955
DA valid_tgt_acc: 0.954
DA epoch:  50 sum loss: 0.2708
DA epoch:  50 l2 loss: 0.8295
DA epoch:  50 classifier src loss: 0.1577
DA epoch:  50 classifier tgt loss: 0.1433
DA epoch:  50 coral loss: 0.0374
DA train_steps: 16
DA epoch:  50 valid sum loss: 0.2682
DA epoch:  50 valid l2 loss: 0.8686
DA epoch:  50 valid classifier loss: 0.1513
DA epoch:  50 valid tgt classifier loss: 0.1468
DA epoch:  50 valid coral loss: 0.0366
Accuracy: 0.954
