torch.cuda.is_available: True
original X_t_test:  (11351948, 20)
rows_test: (array([       0,        1,        2, ..., 11351945, 11351946, 11351947]),)
rows_test.shape: 1
after SZA X_t_test:  (11073520, 20)
after SZA X_s_test:  (11073520, 25)
Latlon_test.shape: (11073520, 2)
Latlon_test: [[ -76.3755366  -114.36359406]
 [ -76.36956024 -114.38319397]
 [ -76.36597443 -114.39495087]
 [ -76.35879517 -114.41843414]]
rows.shape after filter Latlon: 1
Latlon_test  after filter Latlon: (724169, 2)
Latlon_test  after filter Latlon: [[ -76.38031769 -114.34790802]
 [ -76.3755366  -114.36359406]
 [ -76.36956024 -114.38319397]
 [ -76.36597443 -114.39495087]
 [ -76.35879517 -114.41843414]
 [ -76.35162354 -114.44191742]
 [ -76.34804535 -114.45368576]
 [ -76.34446716 -114.4654541 ]
 [ -76.33731842 -114.48897552]
 [ -76.33016205 -114.51247406]
 [ -76.32658005 -114.52421188]
 [ -76.32061259 -114.54376729]
 [ -76.31584167 -114.55940247]
 [ -76.31107076 -114.57500712]
 [ -76.30511475 -114.59447861]
 [ -76.29916382 -114.61391703]
 [ -76.29797363 -114.61780167]
 [ -76.29202271 -114.6372172 ]
 [ -76.28726196 -114.65274048]
 [ -76.28190041 -114.67019272]
 [ -76.27534739 -114.69150289]
 [ -76.27058156 -114.70698802]
 [ -76.26402664 -114.72826385]
 [ -76.26044846 -114.73986053]
 [ -76.25385284 -114.76118215]
 [ -76.24903361 -114.77671051]
 [ -76.24420166 -114.79224396]
 [ -76.23875999 -114.80970764]
 [ -76.23211416 -114.83103689]
 [ -76.22727966 -114.84653727]
 [ -76.22244263 -114.86203003]
 [ -76.21518707 -114.88524628]
 [ -76.21518707 -114.88524628]
 [ -76.20793152 -114.90840149]
 [ -76.20077515 -114.93130493]
 [ -76.19720078 -114.94272232]
 [ -76.1936264  -114.95413971]
 [ -76.18647003 -114.97695923]
 [ -76.17931366 -114.99974823]
 [ -76.17573547 -115.01113129]
 [ -76.17215729 -115.02251434]
 [ -76.16499329 -115.04531097]
 [ -76.15958595 -115.06258011]
 [ -76.1541748  -115.07984543]
 [ -76.14815776 -115.09902191]
 [ -76.14334106 -115.11435699]
 [ -76.13792801 -115.13158607]
 [ -76.13251114 -115.14880753]
 [ -76.13070488 -115.15454674]
 [ -76.12408193 -115.17557017]]
Max Lat: -60.00002956390381
Min Lat: -81.83038330078125
Max Lon: -60.000244140625
Min Lon: -179.99903869628906
after filter Latlon X_v:  (724169, 20)
 after filter Latlon X_c:  (724169, 25)
(724169, 27)
(724169, 20)
(724169, 20)
(724169, 22)
Test on file: /umbc/rs/nasa-access/xin/data/testing/2017.npz
Accuracy is: 0.911
