torch.cuda.is_available:
True
X_v shape:
(55926, 20)
Y_v.shape:
[[2 2]
 [2 2]
 [2 2]
 ...
 [2 2]
 [2 2]
 [2 2]]
Y_v.shape:
X_c shape:
(55926, 25)
Y_c.shape:
Y_c.shape:
equal labels:
50163
0.8969531166183886
X_v
[[ 36.22999954 -58.18999863  19.18000031 ... 278.46469116 280.66766357
  280.16494751]
 [ 36.21999741 -58.18999863  19.18000031 ... 278.77099609 280.89291382
  280.33981323]
 [ 36.20999908 -58.19999695  19.18000031 ... 276.40734863 278.46307373
  277.94668579]
 ...
 [ 39.59000015 -52.2899971    7.10999966 ... 265.45037842 266.97021484
  267.09442139]
 [ 39.59000015 -52.2899971    7.10999966 ... 265.42492676 267.02255249
  267.15579224]
 [ 39.57999802 -52.2899971    7.10999966 ... 265.49804688 267.06091309
  267.084198  ]]
X_c
[[ 1.000e+00  1.000e+00  1.000e+00 ...        nan -9.999e+03        nan]
 [ 1.000e+00  1.000e+00  1.000e+00 ...        nan -9.999e+03        nan]
 [ 1.000e+00  1.000e+00  1.000e+00 ...        nan -9.999e+03        nan]
 ...
 [ 1.000e+00  1.000e+00  1.000e+00 ...        nan -9.999e+03        nan]
 [ 1.000e+00  1.000e+00  1.000e+00 ...        nan -9.999e+03        nan]
 [ 1.000e+00  1.000e+00  1.000e+00 ...        nan -9.999e+03        nan]]
original X_v:  (55926, 20)
rows: (array([    0,     1,     2, ..., 55923, 55924, 55925]),)
rows.shape: 1
Iff: (55926, 4)
after SZA X_v:  (55926, 20)
after SZA X_c:  (55926, 25)
(55926, 20)
(55926, 27)
X_v shape:
(120713, 20)
Y_v.shape:
[[1 1]
 [1 1]
 [1 1]
 ...
 [3 1]
 [3 1]
 [3 1]]
Y_v.shape:
X_c shape:
(120713, 25)
Y_c.shape:
Y_c.shape:
equal labels:
105145
0.8710329459130334
X_v
[[  80.         -152.27999878    9.30999947 ...  229.72451782
   229.69325256  229.19703674]
 [  79.98999786 -152.25          9.30999947 ...  229.96611023
   229.72267151  229.18624878]
 [  79.98999786 -152.25          9.30999947 ...  229.96611023
   229.6991272   229.26168823]
 ...
 [  36.11000061 -150.11000061   14.61999989 ...  289.71807861
   291.5355835   288.4798584 ]
 [  36.11999893 -150.11000061   14.61999989 ...  289.95587158
   291.92169189  288.8057251 ]
 [  36.11999893 -150.11999512   14.61999989 ...  289.84042358
   291.68154907  288.57827759]]
X_c
[[ 0.00000000e+00  0.00000000e+00             nan ...             nan
  -9.99900000e+03             nan]
 [ 0.00000000e+00  0.00000000e+00             nan ...             nan
  -9.99900000e+03             nan]
 [ 0.00000000e+00  0.00000000e+00             nan ...             nan
  -9.99900000e+03             nan]
 ...
 [ 1.00000000e+00  1.00000000e+00  0.00000000e+00 ...             nan
  -9.99900000e+03             nan]
 [ 1.00000000e+00  1.00000000e+00  0.00000000e+00 ...             nan
  -9.99900000e+03             nan]
 [ 1.00000000e+00  1.00000000e+00  0.00000000e+00 ...  9.53940209e-04
  -9.58235536e+03  3.16338651e-02]]
original X_v:  (120713, 20)
rows: (array([     0,      1,      2, ..., 120710, 120711, 120712]),)
rows.shape: 1
Iff: (117344, 4)
after SZA X_v:  (117344, 20)
after SZA X_c:  (117344, 25)
(117344, 20)
(117344, 27)
X_v shape:
(72158, 20)
Y_v.shape:
[[2 2]
 [2 2]
 [2 2]
 ...
 [2 2]
 [2 2]
 [2 2]]
Y_v.shape:
X_c shape:
(72158, 25)
Y_c.shape:
Y_c.shape:
equal labels:
64975
0.9004545580531611
X_v
[[  26.18999863 -112.19999695   36.63999939 ...  253.32199097
   251.92120361  246.22259521]
 [  26.18999863 -112.20999908   36.63999939 ... -999.90002441
  -999.90002441 -999.90002441]
 [  26.18999863 -112.19999695   36.68000031 ...  258.43377686
   257.3291626   250.82580566]
 ...
 [  44.25999832  -51.84999847   15.5199995  ...  263.23855591
   264.699646    264.40988159]
 [  44.25999832  -51.84999847   15.5199995  ...  262.2038269
   263.85308838  263.3605957 ]
 [  44.25        -51.84999847   15.5199995  ...  262.50845337
   263.96884155  263.78448486]]
X_c
[[ 1.000e+00  2.000e+00  1.000e+00 ...        nan -9.999e+03        nan]
 [ 1.000e+00  2.000e+00  1.000e+00 ...        nan -9.999e+03        nan]
 [ 1.000e+00  2.000e+00  1.000e+00 ...        nan -9.999e+03        nan]
 ...
 [ 1.000e+00  2.000e+00  1.000e+00 ...        nan -9.999e+03        nan]
 [ 1.000e+00  2.000e+00  1.000e+00 ...        nan -9.999e+03        nan]
 [ 1.000e+00  2.000e+00  1.000e+00 ...        nan -9.999e+03        nan]]
original X_v:  (72158, 20)
rows: (array([    0,     2,     3, ..., 72155, 72156, 72157]),)
rows.shape: 1
Iff: (71962, 4)
after SZA X_v:  (71962, 20)
after SZA X_c:  (71962, 25)
(71962, 20)
(71962, 27)
X_v shape:
(106287, 20)
Y_v.shape:
[[2 2]
 [2 2]
 [2 2]
 ...
 [2 2]
 [2 2]
 [2 2]]
Y_v.shape:
X_c shape:
(106287, 25)
Y_c.shape:
Y_c.shape:
equal labels:
92612
0.8713389219754062
X_v
[[  57.52000046 -161.11000061   29.04999924 ...  260.50836182
   262.35888672  261.3972168 ]
 [  57.52000046 -161.11000061   29.04999924 ...  259.82040405
   261.51779175  260.7482605 ]
 [  57.52999878 -161.11999512   28.98999977 ...  259.22314453
   261.01721191  260.42391968]
 ...
 [  79.93000031 -168.51998901   32.45999908 ...  272.79321289
   274.77514648  274.56265259]
 [  79.93999481 -168.51998901   32.45999908 ...  272.63729858
   274.55740356  274.36889648]
 [  79.93999481 -168.53999329   32.39999771 ...  272.17590332
   274.02368164  273.93563843]]
X_c
[[ 1.000e+00  1.000e+00  1.000e+00 ...        nan -9.999e+03        nan]
 [ 1.000e+00  1.000e+00  1.000e+00 ...        nan -9.999e+03        nan]
 [ 1.000e+00  1.000e+00  1.000e+00 ...        nan -9.999e+03        nan]
 ...
 [ 1.000e+00  1.000e+00  1.000e+00 ...        nan -9.999e+03        nan]
 [ 1.000e+00  1.000e+00  1.000e+00 ...        nan -9.999e+03        nan]
 [ 1.000e+00  1.000e+00  1.000e+00 ...        nan -9.999e+03        nan]]
original X_v:  (106287, 20)
rows: (array([     0,      1,      2, ..., 106284, 106285, 106286]),)
rows.shape: 1
Iff: (103373, 4)
after SZA X_v:  (103373, 20)
after SZA X_c:  (103373, 25)
(103373, 20)
(103373, 27)
X_v.shape: (103373, 20)
X_c.shape: (103373, 27)
Y.shape: (103373, 2)
(103373, 47)
