
The following have been reloaded with a version change:
  1) GCCcore/7.3.0 => GCCcore/8.2.0
  2) binutils/2.30-GCCcore-7.3.0 => binutils/2.31.1-GCCcore-8.2.0
  3) bzip2/1.0.6-GCCcore-7.3.0 => bzip2/1.0.6-GCCcore-8.2.0
  4) iccifort/2020.4.304 => iccifort/2019.1.144-GCC-8.2.0-2.31.1
  5) iimpi/2020b => iimpi/2019a
  6) imkl/2020.4.304-iimpi-2020b => imkl/2019.1.144-iimpi-2019a
  7) impi/2019.9.304-iccifort-2020.4.304 => impi/2018.4.274-iccifort-2019.1.144-GCC-8.2.0-2.31.1
  8) intel/2020b => intel/2019a
  9) ncurses/6.1-GCCcore-7.3.0 => ncurses/6.1-GCCcore-8.2.0

/usr/cluster/contrib/Python/3.7.6-intel-2019a-2013/lib/python3.7/site-packages/sklearn/preprocessing/_label.py:251: DataConversionWarning: A column-vector y was passed when a 1d array was expected. Please change the shape of y to (n_samples, ), for example using ravel().
  y = column_or_1d(y, warn=True)
Traceback (most recent call last):
  File "model.py", line 652, in <module>
    train_dat, valid_dat = preProcessing(args.training_data_path, args.model_saving_path, b_size=BATCH_SIZE)
  File "/umbc/rs/nasa-access/xin/cloud-phase-prediction/data_utils.py", line 254, in preProcessing
    train_dat = prepare_data(X_s, Y_s, X_t, Y_t, b_size)
  File "/umbc/rs/nasa-access/xin/cloud-phase-prediction/data_utils.py", line 162, in prepare_data
    train_dl = DataLoader(datasets, batch_size=b_size, shuffle=True)
NameError: name 'DataLoader' is not defined
