torch.cuda.is_available: True
X_v shape:
(14071876, 20)
Y_v.shape:
[[2 3]
 [2 3]
 [2 3]
 ...
 [1 1]
 [1 1]
 [1 1]]
Y_v.shape:
X_c shape:
(14071876, 25)
Y_c.shape:
Y_c.shape:
equal labels:
0.8714653255898502
original X_v:  (14071876, 20)
rows.shape: 1
Iff: (13909520, 4)
after SZA X_v:  (13909520, 20)
after SZA X_c:  (13909520, 25)
Latlon.shape: (13909520, 2)
Latlon: [[-76.6892217   30.52964783]
 [-76.69393667  30.51318296]
 [-76.69864655  30.49670982]
 [-76.70571136  30.47197723]]
rows.shape after filter Latlon: 1
Latlon  after filter Latlon: (691939, 2)
Latlon  after filter Latlon: [[-81.63035774 -60.02995205]
 [-81.62892151 -60.07541656]
 [-81.62763468 -60.11581167]
 [-81.62634786 -60.15619659]
 [-81.62457275 -60.21169949]
 [-81.62310791 -60.25708389]
 [-81.62179565 -60.29738998]
 [-81.62048086 -60.3376859 ]
 [-81.61849976 -60.39810435]
 [-81.61717224 -60.43836975]
 [-81.61583964 -60.47861989]
 [-81.61417007 -60.52891731]
 [-81.61250305 -60.57920583]
 [-81.61117554 -60.61943817]
 [-81.60919189 -60.67977905]
 [-81.60819244 -60.70993614]
 [-81.60719299 -60.74009323]
 [-81.60518646 -60.80038071]
 [-81.60518646 -60.80038071]
 [-81.60266685 -60.87569904]
 [-81.60115051 -60.92087173]
 [-81.59979757 -60.96100489]
 [-81.59809875 -61.01116753]
 [-81.59656906 -61.0563345 ]
 [-81.595047   -61.10154724]
 [-81.59367879 -61.14173126]
 [-81.59196854 -61.19194412]
 [-81.5904274  -61.23711872]
 [-81.58888245 -61.28227997]
 [-81.58732605 -61.32741833]
 [-81.58576584 -61.37254143]
 [-81.58402761 -61.42266337]
 [-81.5836792  -61.43268585]
 [-81.58210564 -61.4777813 ]
 [-81.58052063 -61.5228653 ]
 [-81.5789299  -61.56792927]
 [-81.57733536 -61.61297798]
 [-81.57555898 -61.66301346]
 [-81.57413483 -61.70302963]
 [-81.57252121 -61.74802494]
 [-81.57053884 -61.80300903]
 [-81.56908671 -61.84298706]
 [-81.56762695 -61.88295746]
 [-81.56597328 -61.92790127]
 [-81.56395213 -61.98281225]
 [-81.56247711 -62.02273178]
 [-81.56099701 -62.06264114]
 [-81.55876923 -62.12247467]
 [-81.55876923 -62.12247467]
 [-81.55652618 -62.18227768]]
Max Lat: -60.000021616617836
Min Lat: -81.83250427246094
Max Lon: -60.00019836425781
Min Lon: -179.9995574951172
after filter Latlon X_v:  (691939, 20)
 after filter Latlon X_c:  (691939, 25)
(691939, 20)
(691939, 27)
file_count: 0
loading data: /umbc/rs/nasa-access/xin/data/training/2014.npz
X_v shape:
(13152658, 20)
Y_v.shape:
[[2 2]
 [2 2]
 [2 2]
 ...
 [1 1]
 [1 1]
 [1 1]]
Y_v.shape:
X_c shape:
(13152658, 25)
Y_c.shape:
Y_c.shape:
equal labels:
0.8733592099786979
original X_v:  (13152658, 20)
rows.shape: 1
Iff: (12845112, 4)
after SZA X_v:  (12845112, 20)
after SZA X_c:  (12845112, 25)
Latlon.shape: (12845112, 2)
Latlon: [[-48.08842278  18.5876236 ]
 [-48.07962608  18.5841279 ]
 [-48.02672958  18.5630126 ]
 [-48.01791     18.55948973]]
rows.shape after filter Latlon: 1
Latlon  after filter Latlon: (577629, 2)
Latlon  after filter Latlon: [[ -60.94313812 -161.67367554]
 [ -60.93669796 -161.67813873]
 [ -60.9302597  -161.6825943 ]
 [ -60.92310588 -161.68754069]
 [ -60.91738129 -161.6914978 ]
 [ -60.91094112 -161.69594955]
 [ -60.90450287 -161.70042419]
 [ -60.89735285 -161.70543925]
 [ -60.89163589 -161.70948792]
 [ -60.88520432 -161.71403122]
 [ -60.87877464 -161.71858215]
 [ -60.87163035 -161.72364299]
 [ -60.86376953 -161.72920609]
 [ -60.85948181 -161.73223495]
 [ -60.85305023 -161.73677826]
 [ -60.84590403 -161.74182638]
 [ -60.84304555 -161.74384562]
 [ -60.8359108  -161.74884796]
 [ -60.83163452 -161.75183105]
 [ -60.82309341 -161.75773621]
 [ -60.81455612 -161.76365662]
 [ -60.81028557 -161.76660919]
 [ -60.80601501 -161.76956177]
 [ -60.79747391 -161.77546692]
 [ -60.7889328  -161.78137207]
 [ -60.78466225 -161.78433228]
 [ -60.78039169 -161.78729248]
 [ -60.7718277  -161.79333496]
 [ -60.67754745 -161.85908508]
 [ -60.67182795 -161.86303202]
 [ -60.66466904 -161.86798096]
 [ -60.65749486 -161.87296041]
 [ -60.65174484 -161.87696838]
 [ -60.64599737 -161.88097636]
 [ -60.64312363 -161.88298035]
 [ -60.63665485 -161.88747787]
 [ -60.62875112 -161.89297485]
 [ -60.62300237 -161.89697266]
 [ -60.61725235 -161.90097046]
 [ -60.61078358 -161.90537643]
 [ -60.60287476 -161.91072083]
 [ -60.59712346 -161.91459656]
 [ -60.58921623 -161.91992188]
 [ -60.58490181 -161.92282104]
 [ -60.57699458 -161.92813619]
 [ -60.57124329 -161.93200684]
 [ -60.56333351 -161.93733597]
 [ -60.55901909 -161.94024277]
 [ -60.5511322  -161.9456838 ]
 [ -60.54540253 -161.9496816 ]]
Max Lat: -60.00001907348633
Min Lat: -81.83429718017578
Max Lon: -60.00034141540527
Min Lon: -179.99984741210938
after filter Latlon X_v:  (577629, 20)
 after filter Latlon X_c:  (577629, 25)
(577629, 20)
(577629, 27)
file_count in tmp: 1
loading data in tmp: /umbc/rs/nasa-access/xin/data/training/2016.npz
X_v shape:
(14627017, 20)
Y_v.shape:
[[3 1]
 [3 1]
 [3 1]
 ...
 [1 1]
 [1 2]
 [1 3]]
Y_v.shape:
X_c shape:
(14627017, 25)
Y_c.shape:
Y_c.shape:
equal labels:
0.873341160402015
original X_v:  (14627017, 20)
rows.shape: 1
Iff: (14235326, 4)
after SZA X_v:  (14235326, 20)
after SZA X_c:  (14235326, 25)
Latlon.shape: (14235326, 2)
Latlon: [[-76.93701744  46.52783871]
 [-76.93876648  46.52144241]
 [-76.9434255   46.50436783]
 [-76.94924927  46.48301315]]
rows.shape after filter Latlon: 1
Latlon  after filter Latlon: (753272, 2)
Latlon  after filter Latlon: [[-80.66710091 -60.01827526]
 [-80.66387939 -60.0549736 ]
 [-80.63652039 -60.36406962]
 [-80.63253212 -60.40878487]
 [-80.63035393 -60.43315697]
 [-80.62636058 -60.47778575]
 [-80.62345886 -60.51012675]
 [-80.62055969 -60.54236603]
 [-80.61621094 -60.59064484]
 [-80.61331177 -60.62280019]
 [-80.61040751 -60.65494029]
 [-80.60895284 -60.67100271]
 [-80.60531616 -60.71113777]
 [-80.60203934 -60.74723625]
 [-80.59875488 -60.78331375]
 [-80.59547043 -60.81939411]
 [-80.59217072 -60.85551262]
 [-80.58849589 -60.8956515 ]
 [-80.58555603 -60.92774582]
 [-80.58223724 -60.9638176 ]
 [-80.57891846 -60.99986649]
 [-80.19667053 -64.78024292]
 [-80.19174194 -64.82499695]
 [-80.18681335 -64.8697052 ]
 [-80.18434143 -64.89203644]
 [-80.1802063  -64.92923737]
 [-80.17687988 -64.95897675]
 [-80.17313766 -64.99239922]
 [-80.17189026 -65.00354004]
 [-80.1681366  -65.03692818]
 [-80.16438293 -65.07029724]
 [-80.1602122  -65.10734558]
 [-80.15687561 -65.13696289]
 [-80.15353394 -65.16652425]
 [-80.1485316  -65.21074931]
 [-80.14519755 -65.24017588]
 [-80.14186096 -65.26958466]
 [-80.13685608 -65.31365204]
 [-80.13184357 -65.35767365]
 [-80.13184357 -65.35767365]
 [-80.12556648 -65.4126339 ]
 [-80.1230526  -65.43460274]
 [-80.11844381 -65.47484843]
 [-80.114254   -65.51141739]
 [-80.11341604 -65.51873016]
 [-80.10923004 -65.55528259]
 [-80.10504405 -65.59180959]
 [-80.1016922  -65.62100983]
 [-80.09834035 -65.65018972]
 [-80.09414291 -65.68663788]]
Max Lat: -60.000017166137695
Min Lat: -81.83383178710938
Max Lon: -60.00041580200195
Min Lon: -179.9982147216797
after filter Latlon X_v:  (753272, 20)
 after filter Latlon X_c:  (753272, 25)
(753272, 20)
(753272, 27)
file_count in tmp: 2
loading data in tmp: /umbc/rs/nasa-access/xin/data/training/2013.npz
X_v shape:
(14435272, 20)
Y_v.shape:
[[2 2]
 [2 2]
 [2 2]
 ...
 [3 3]
 [3 3]
 [3 3]]
Y_v.shape:
X_c shape:
(14435272, 25)
Y_c.shape:
Y_c.shape:
equal labels:
0.870300331022512
original X_v:  (14435272, 20)
rows.shape: 1
Iff: (14202734, 4)
after SZA X_v:  (14202734, 20)
after SZA X_c:  (14202734, 25)
Latlon.shape: (14202734, 2)
Latlon: [[-64.67432976 168.83997345]
 [-64.66664378 168.83310954]
 [-64.65965652 168.82687378]
 [-64.65264893 168.8206075 ]]
rows.shape after filter Latlon: 1
Latlon  after filter Latlon: (681896, 2)
Latlon  after filter Latlon: [[ -81.74817403  -60.00977834]
 [ -81.74914932  -60.06144714]
 [ -81.75002098  -60.10794353]
 [ -81.75088501  -60.15444946]
 [ -81.75164795  -60.19579824]
 [ -81.75278727  -60.25783157]
 [ -81.75354258  -60.29919688]
 [ -81.75429535  -60.34056854]
 [ -81.75541687  -60.40264511]
 [ -81.7565155   -60.46513748]
 [ -81.75687663  -60.48615774]
 [ -81.75786591  -60.54396915]
 [ -81.75839996  -60.57551098]
 [ -81.75893211  -60.60705566]
 [ -81.75972748  -60.65437698]
 [ -81.7604243   -60.69645055]
 [ -81.76111857  -60.73853048]
 [ -81.76215363  -60.80166245]
 [ -81.76284027  -60.84375381]
 [ -81.76357778  -60.88556544]
 [ -81.76450729  -60.93773842]
 [ -81.76506805  -60.96900558]
 [ -81.76618195  -61.03155518]
 [ -81.76701164  -61.07847881]
 [ -81.76783752  -61.12541199]
 [ -81.76874797  -61.17757289]
 [ -81.76971626  -61.23499775]
 [ -81.77020836  -61.26637173]
 [ -81.77109019  -61.32392629]
 [ -68.21382713 -138.06361771]
 [ -68.20761871 -138.07099915]
 [ -68.03976631 -138.26958847]
 [ -68.03354645 -138.27690125]
 [ -68.02803802 -138.28333028]
 [ -67.98810196 -138.32982635]
 [ -67.9819088  -138.33704758]
 [ -67.97572327 -138.34431458]
 [ -67.97023519 -138.35084534]
 [ -67.96200307 -138.36064148]
 [ -67.95651499 -138.36717224]
 [ -67.95102692 -138.373703  ]
 [ -67.9427948  -138.38348389]
 [ -67.93867874 -138.38837433]
 [ -67.93180084 -138.39648438]
 [ -67.92419434 -138.4053154 ]
 [ -67.92350006 -138.40611267]
 [ -67.91586113 -138.41488266]
 [ -67.91169167 -138.41966629]
 [ -67.90404765 -138.42842611]
 [ -67.89849091 -138.43479411]]
Max Lat: -60.00009536743164
Min Lat: -81.83801078796387
Max Lon: -60.00001525878906
Min Lon: -179.99964904785156
after filter Latlon X_v:  (681896, 20)
 after filter Latlon X_c:  (681896, 25)
(681896, 20)
(681896, 27)
file_count in tmp: 3
loading data in tmp: /umbc/rs/nasa-access/xin/data/training/2015.npz
X_v.shape after conconact all files: (2704736, 20)
X_c.shape after concanat all fiels: (2704736, 27)
Y.shape after concanat all files: (2704736, 2)
(2704736, 47)
saved scaler done
(1893315, 20)
(811421, 20)
(1893315, 22)
(811421, 22)
DA train_steps: 925
DA Train Epoch:  0 [926/925]	Lambda: 0.0010, Class: 1.210653, CORAL: 0.000381, l2_loss: 0.930170, Total_Loss: 1.825999
DA Train ith Epoch 0 result:
DA train_acc: 0.491
DA train_tgt_acc: 0.465
DA valid_tgt_acc: 0.465
DA epoch:   1 sum loss: 1.9222
DA epoch:   1 l2 loss: 1.4084
DA epoch:   1 classifier src loss: 1.2218
DA epoch:   1 classifier tgt loss: 1.2599
DA epoch:   1 coral loss: 0.0017
DA train_steps: 397
DA epoch:   1 valid sum loss: 1.5778
DA epoch:   1 valid l2 loss: 0.9172
DA epoch:   1 valid classifier loss: 0.9993
DA epoch:   1 valid tgt classifier loss: 1.0652
DA epoch:   1 valid coral loss: 0.0051
DA train_steps: 925
DA Train Epoch:  1 [926/925]	Lambda: 0.0010, Class: 0.322999, CORAL: 0.014358, l2_loss: 0.694414, Total_Loss: 0.509408
DA Train ith Epoch 1 result:
DA train_acc: 0.991
DA train_tgt_acc: 0.931
DA valid_tgt_acc: 0.931
DA epoch:   2 sum loss: 0.9513
DA epoch:   2 l2 loss: 1.2071
DA epoch:   2 classifier src loss: 0.6291
DA epoch:   2 classifier tgt loss: 0.5237
DA epoch:   2 coral loss: 0.0230
DA train_steps: 397
DA epoch:   2 valid sum loss: 0.5426
DA epoch:   2 valid l2 loss: 0.9312
DA epoch:   2 valid classifier loss: 0.3321
DA epoch:   2 valid tgt classifier loss: 0.3278
DA epoch:   2 valid coral loss: 0.0205
DA train_steps: 925
DA Train Epoch:  2 [926/925]	Lambda: 0.0010, Class: 0.101172, CORAL: 0.006527, l2_loss: 0.551336, Total_Loss: 0.228939
DA Train ith Epoch 2 result:
DA train_acc: 0.998
DA train_tgt_acc: 0.944
DA valid_tgt_acc: 0.944
DA epoch:   3 sum loss: 0.3659
DA epoch:   3 l2 loss: 0.8064
DA epoch:   3 classifier src loss: 0.1989
DA epoch:   3 classifier tgt loss: 0.2534
DA epoch:   3 coral loss: 0.0174
DA train_steps: 397
DA epoch:   3 valid sum loss: 0.2474
DA epoch:   3 valid l2 loss: 0.7694
DA epoch:   3 valid classifier loss: 0.1073
DA epoch:   3 valid tgt classifier loss: 0.2032
DA epoch:   3 valid coral loss: 0.0167
DA train_steps: 925
DA Train Epoch:  3 [926/925]	Lambda: 0.0010, Class: 0.026574, CORAL: 0.009652, l2_loss: 0.491341, Total_Loss: 0.128320
DA Train ith Epoch 3 result:
DA train_acc: 0.999
DA train_tgt_acc: 0.945
DA valid_tgt_acc: 0.946
DA epoch:   4 sum loss: 0.1831
DA epoch:   4 l2 loss: 0.7264
DA epoch:   4 classifier src loss: 0.0595
DA epoch:   4 classifier tgt loss: 0.1744
DA epoch:   4 coral loss: 0.0172
DA train_steps: 397
DA epoch:   4 valid sum loss: 0.1431
DA epoch:   4 valid l2 loss: 0.7234
DA epoch:   4 valid classifier loss: 0.0281
DA epoch:   4 valid tgt classifier loss: 0.1576
DA epoch:   4 valid coral loss: 0.0202
DA train_steps: 925
DA Train Epoch:  4 [926/925]	Lambda: 0.0010, Class: 0.009044, CORAL: 0.023318, l2_loss: 0.509977, Total_Loss: 0.119392
DA Train ith Epoch 4 result:
DA train_acc: 1.000
DA train_tgt_acc: 0.949
DA valid_tgt_acc: 0.949
DA epoch:   5 sum loss: 0.1252
DA epoch:   5 l2 loss: 0.6891
DA epoch:   5 classifier src loss: 0.0166
DA epoch:   5 classifier tgt loss: 0.1483
DA epoch:   5 coral loss: 0.0252
DA train_steps: 397
DA epoch:   5 valid sum loss: 0.1152
DA epoch:   5 valid l2 loss: 0.7073
DA epoch:   5 valid classifier loss: 0.0092
DA epoch:   5 valid tgt classifier loss: 0.1413
DA epoch:   5 valid coral loss: 0.0339
DA train_steps: 925
DA Train Epoch:  5 [926/925]	Lambda: 0.0010, Class: 0.003347, CORAL: 0.026763, l2_loss: 0.557138, Total_Loss: 0.091096
DA Train ith Epoch 5 result:
DA train_acc: 1.000
DA train_tgt_acc: 0.950
DA valid_tgt_acc: 0.950
DA epoch:   6 sum loss: 0.1085
DA epoch:   6 l2 loss: 0.6753
DA epoch:   6 classifier src loss: 0.0060
DA epoch:   6 classifier tgt loss: 0.1374
DA epoch:   6 coral loss: 0.0392
DA train_steps: 397
DA epoch:   6 valid sum loss: 0.1055
DA epoch:   6 valid l2 loss: 0.6959
DA epoch:   6 valid classifier loss: 0.0038
DA epoch:   6 valid tgt classifier loss: 0.1336
DA epoch:   6 valid coral loss: 0.0460
DA train_steps: 925
DA Train Epoch:  6 [926/925]	Lambda: 0.0010, Class: 0.002017, CORAL: 0.032686, l2_loss: 0.496084, Total_Loss: 0.106366
DA Train ith Epoch 6 result:
DA train_acc: 1.000
DA train_tgt_acc: 0.951
DA valid_tgt_acc: 0.951
DA epoch:   7 sum loss: 0.1014
DA epoch:   7 l2 loss: 0.6666
DA epoch:   7 classifier src loss: 0.0027
DA epoch:   7 classifier tgt loss: 0.1306
DA epoch:   7 coral loss: 0.0529
DA train_steps: 397
DA epoch:   7 valid sum loss: 0.0998
DA epoch:   7 valid l2 loss: 0.6880
DA epoch:   7 valid classifier loss: 0.0020
DA epoch:   7 valid tgt classifier loss: 0.1267
DA epoch:   7 valid coral loss: 0.0613
DA train_steps: 925
DA Train Epoch:  7 [926/925]	Lambda: 0.0010, Class: 0.000849, CORAL: 0.039434, l2_loss: 0.413818, Total_Loss: 0.077316
DA Train ith Epoch 7 result:
DA train_acc: 1.000
DA train_tgt_acc: 0.952
DA valid_tgt_acc: 0.952
DA epoch:   8 sum loss: 0.0975
DA epoch:   8 l2 loss: 0.6596
DA epoch:   8 classifier src loss: 0.0015
DA epoch:   8 classifier tgt loss: 0.1259
DA epoch:   8 coral loss: 0.0631
DA train_steps: 397
DA epoch:   8 valid sum loss: 0.0971
DA epoch:   8 valid l2 loss: 0.6789
DA epoch:   8 valid classifier loss: 0.0012
DA epoch:   8 valid tgt classifier loss: 0.1239
DA epoch:   8 valid coral loss: 0.0690
DA train_steps: 925
DA Train Epoch:  8 [926/925]	Lambda: 0.0010, Class: 0.000735, CORAL: 0.052451, l2_loss: 0.472618, Total_Loss: 0.099190
DA Train ith Epoch 8 result:
DA train_acc: 1.000
DA train_tgt_acc: 0.954
DA valid_tgt_acc: 0.954
DA epoch:   9 sum loss: 0.0951
DA epoch:   9 l2 loss: 0.6535
DA epoch:   9 classifier src loss: 0.0009
DA epoch:   9 classifier tgt loss: 0.1228
DA epoch:   9 coral loss: 0.0711
DA train_steps: 397
DA epoch:   9 valid sum loss: 0.0944
DA epoch:   9 valid l2 loss: 0.6696
DA epoch:   9 valid classifier loss: 0.0008
DA epoch:   9 valid tgt classifier loss: 0.1201
DA epoch:   9 valid coral loss: 0.0795
DA train_steps: 925
DA Train Epoch:  9 [926/925]	Lambda: 0.0010, Class: 0.000443, CORAL: 0.060292, l2_loss: 0.539843, Total_Loss: 0.098858
DA Train ith Epoch 9 result:
DA train_acc: 1.000
DA train_tgt_acc: 0.951
DA valid_tgt_acc: 0.951
DA epoch:  10 sum loss: 0.0932
DA epoch:  10 l2 loss: 0.6477
DA epoch:  10 classifier src loss: 0.0007
DA epoch:  10 classifier tgt loss: 0.1201
DA epoch:  10 coral loss: 0.0754
DA train_steps: 397
DA epoch:  10 valid sum loss: 0.0973
DA epoch:  10 valid l2 loss: 0.6758
DA epoch:  10 valid classifier loss: 0.0006
DA epoch:  10 valid tgt classifier loss: 0.1258
DA epoch:  10 valid coral loss: 0.0789
DA train_steps: 925
DA Train Epoch: 10 [926/925]	Lambda: 0.0010, Class: 0.000453, CORAL: 0.044761, l2_loss: 0.398471, Total_Loss: 0.069416
DA Train ith Epoch 10 result:
DA train_acc: 1.000
DA train_tgt_acc: 0.952
DA valid_tgt_acc: 0.953
DA epoch:  11 sum loss: 0.0917
DA epoch:  11 l2 loss: 0.6425
DA epoch:  11 classifier src loss: 0.0005
DA epoch:  11 classifier tgt loss: 0.1180
DA epoch:  11 coral loss: 0.0774
DA train_steps: 397
DA epoch:  11 valid sum loss: 0.0937
DA epoch:  11 valid l2 loss: 0.6565
DA epoch:  11 valid classifier loss: 0.0005
DA epoch:  11 valid tgt classifier loss: 0.1207
DA epoch:  11 valid coral loss: 0.0750
DA train_steps: 925
DA Train Epoch: 11 [926/925]	Lambda: 0.0010, Class: 0.000787, CORAL: 0.053524, l2_loss: 0.544793, Total_Loss: 0.080528
DA Train ith Epoch 11 result:
DA train_acc: 1.000
DA train_tgt_acc: 0.955
DA valid_tgt_acc: 0.955
DA epoch:  12 sum loss: 0.0904
DA epoch:  12 l2 loss: 0.6378
DA epoch:  12 classifier src loss: 0.0004
DA epoch:  12 classifier tgt loss: 0.1160
DA epoch:  12 coral loss: 0.0769
DA train_steps: 397
DA epoch:  12 valid sum loss: 0.0905
DA epoch:  12 valid l2 loss: 0.6556
DA epoch:  12 valid classifier loss: 0.0004
DA epoch:  12 valid tgt classifier loss: 0.1145
DA epoch:  12 valid coral loss: 0.0840
DA train_steps: 925
DA Train Epoch: 12 [926/925]	Lambda: 0.0010, Class: 0.000290, CORAL: 0.055202, l2_loss: 0.463668, Total_Loss: 0.071993
DA Train ith Epoch 12 result:
DA train_acc: 1.000
DA train_tgt_acc: 0.956
DA valid_tgt_acc: 0.956
DA epoch:  13 sum loss: 0.0891
DA epoch:  13 l2 loss: 0.6331
DA epoch:  13 classifier src loss: 0.0004
DA epoch:  13 classifier tgt loss: 0.1141
DA epoch:  13 coral loss: 0.0745
DA train_steps: 397
DA epoch:  13 valid sum loss: 0.0889
DA epoch:  13 valid l2 loss: 0.6519
DA epoch:  13 valid classifier loss: 0.0003
DA epoch:  13 valid tgt classifier loss: 0.1117
DA epoch:  13 valid coral loss: 0.0754
DA train_steps: 925
DA Train Epoch: 13 [926/925]	Lambda: 0.0010, Class: 0.000273, CORAL: 0.085879, l2_loss: 0.911716, Total_Loss: 0.101877
DA Train ith Epoch 13 result:
DA train_acc: 1.000
DA train_tgt_acc: 0.957
DA valid_tgt_acc: 0.956
DA epoch:  14 sum loss: 0.0882
DA epoch:  14 l2 loss: 0.6290
DA epoch:  14 classifier src loss: 0.0003
DA epoch:  14 classifier tgt loss: 0.1127
DA epoch:  14 coral loss: 0.0701
DA train_steps: 397
DA epoch:  14 valid sum loss: 0.0882
DA epoch:  14 valid l2 loss: 0.6499
DA epoch:  14 valid classifier loss: 0.0003
DA epoch:  14 valid tgt classifier loss: 0.1107
DA epoch:  14 valid coral loss: 0.0687
DA train_steps: 925
DA Train Epoch: 14 [926/925]	Lambda: 0.0010, Class: 0.000258, CORAL: 0.040736, l2_loss: 0.380805, Total_Loss: 0.069268
DA Train ith Epoch 14 result:
DA train_acc: 1.000
DA train_tgt_acc: 0.957
DA valid_tgt_acc: 0.957
DA epoch:  15 sum loss: 0.0872
DA epoch:  15 l2 loss: 0.6247
DA epoch:  15 classifier src loss: 0.0003
DA epoch:  15 classifier tgt loss: 0.1113
DA epoch:  15 coral loss: 0.0693
DA train_steps: 397
DA epoch:  15 valid sum loss: 0.0869
DA epoch:  15 valid l2 loss: 0.6435
DA epoch:  15 valid classifier loss: 0.0003
DA epoch:  15 valid tgt classifier loss: 0.1088
DA epoch:  15 valid coral loss: 0.0649
DA train_steps: 925
DA Train Epoch: 15 [926/925]	Lambda: 0.0010, Class: 0.000531, CORAL: 0.047473, l2_loss: 0.430762, Total_Loss: 0.075946
DA Train ith Epoch 15 result:
DA train_acc: 1.000
DA train_tgt_acc: 0.957
DA valid_tgt_acc: 0.957
DA epoch:  16 sum loss: 0.0864
DA epoch:  16 l2 loss: 0.6210
DA epoch:  16 classifier src loss: 0.0003
DA epoch:  16 classifier tgt loss: 0.1101
DA epoch:  16 coral loss: 0.0678
DA train_steps: 397
DA epoch:  16 valid sum loss: 0.0876
DA epoch:  16 valid l2 loss: 0.6453
DA epoch:  16 valid classifier loss: 0.0003
DA epoch:  16 valid tgt classifier loss: 0.1101
DA epoch:  16 valid coral loss: 0.0715
DA train_steps: 925
DA Train Epoch: 16 [926/925]	Lambda: 0.0010, Class: 0.000223, CORAL: 0.038899, l2_loss: 0.396465, Total_Loss: 0.077095
DA Train ith Epoch 16 result:
DA train_acc: 1.000
DA train_tgt_acc: 0.956
DA valid_tgt_acc: 0.956
DA epoch:  17 sum loss: 0.0857
DA epoch:  17 l2 loss: 0.6178
DA epoch:  17 classifier src loss: 0.0002
DA epoch:  17 classifier tgt loss: 0.1089
DA epoch:  17 coral loss: 0.0667
DA train_steps: 397
DA epoch:  17 valid sum loss: 0.0879
DA epoch:  17 valid l2 loss: 0.6408
DA epoch:  17 valid classifier loss: 0.0002
DA epoch:  17 valid tgt classifier loss: 0.1110
DA epoch:  17 valid coral loss: 0.0692
DA train_steps: 925
DA Train Epoch: 17 [926/925]	Lambda: 0.0010, Class: 0.000195, CORAL: 0.039567, l2_loss: 0.350237, Total_Loss: 0.093682
DA Train ith Epoch 17 result:
DA train_acc: 1.000
DA train_tgt_acc: 0.957
DA valid_tgt_acc: 0.957
DA epoch:  18 sum loss: 0.0849
DA epoch:  18 l2 loss: 0.6142
DA epoch:  18 classifier src loss: 0.0002
DA epoch:  18 classifier tgt loss: 0.1078
DA epoch:  18 coral loss: 0.0657
DA train_steps: 397
DA epoch:  18 valid sum loss: 0.0856
DA epoch:  18 valid l2 loss: 0.6333
DA epoch:  18 valid classifier loss: 0.0002
DA epoch:  18 valid tgt classifier loss: 0.1073
DA epoch:  18 valid coral loss: 0.0624
DA train_steps: 925
DA Train Epoch: 18 [926/925]	Lambda: 0.0010, Class: 0.000225, CORAL: 0.041234, l2_loss: 0.466063, Total_Loss: 0.071888
DA Train ith Epoch 18 result:
DA train_acc: 1.000
DA train_tgt_acc: 0.958
DA valid_tgt_acc: 0.957
DA epoch:  19 sum loss: 0.0843
DA epoch:  19 l2 loss: 0.6112
DA epoch:  19 classifier src loss: 0.0002
DA epoch:  19 classifier tgt loss: 0.1069
DA epoch:  19 coral loss: 0.0639
DA train_steps: 397
DA epoch:  19 valid sum loss: 0.0852
DA epoch:  19 valid l2 loss: 0.6291
DA epoch:  19 valid classifier loss: 0.0002
DA epoch:  19 valid tgt classifier loss: 0.1070
DA epoch:  19 valid coral loss: 0.0638
DA train_steps: 925
DA Train Epoch: 19 [926/925]	Lambda: 0.0010, Class: 0.000214, CORAL: 0.044745, l2_loss: 0.495649, Total_Loss: 0.087067
DA Train ith Epoch 19 result:
DA train_acc: 1.000
DA train_tgt_acc: 0.958
DA valid_tgt_acc: 0.958
DA epoch:  20 sum loss: 0.0837
DA epoch:  20 l2 loss: 0.6081
DA epoch:  20 classifier src loss: 0.0002
DA epoch:  20 classifier tgt loss: 0.1061
DA epoch:  20 coral loss: 0.0624
DA train_steps: 397
DA epoch:  20 valid sum loss: 0.0848
DA epoch:  20 valid l2 loss: 0.6282
DA epoch:  20 valid classifier loss: 0.0002
DA epoch:  20 valid tgt classifier loss: 0.1063
DA epoch:  20 valid coral loss: 0.0571
DA train_steps: 925
DA Train Epoch: 20 [926/925]	Lambda: 0.0010, Class: 0.000172, CORAL: 0.036482, l2_loss: 0.355408, Total_Loss: 0.065157
DA Train ith Epoch 20 result:
DA train_acc: 1.000
DA train_tgt_acc: 0.959
DA valid_tgt_acc: 0.959
DA epoch:  21 sum loss: 0.0832
DA epoch:  21 l2 loss: 0.6050
DA epoch:  21 classifier src loss: 0.0002
DA epoch:  21 classifier tgt loss: 0.1053
DA epoch:  21 coral loss: 0.0616
DA train_steps: 397
DA epoch:  21 valid sum loss: 0.0835
DA epoch:  21 valid l2 loss: 0.6262
DA epoch:  21 valid classifier loss: 0.0002
DA epoch:  21 valid tgt classifier loss: 0.1039
DA epoch:  21 valid coral loss: 0.0623
DA train_steps: 925
DA Train Epoch: 21 [926/925]	Lambda: 0.0010, Class: 0.000183, CORAL: 0.044094, l2_loss: 0.458713, Total_Loss: 0.075627
DA Train ith Epoch 21 result:
DA train_acc: 1.000
DA train_tgt_acc: 0.959
DA valid_tgt_acc: 0.958
DA epoch:  22 sum loss: 0.0825
DA epoch:  22 l2 loss: 0.6021
DA epoch:  22 classifier src loss: 0.0002
DA epoch:  22 classifier tgt loss: 0.1043
DA epoch:  22 coral loss: 0.0592
DA train_steps: 397
DA epoch:  22 valid sum loss: 0.0837
DA epoch:  22 valid l2 loss: 0.6211
DA epoch:  22 valid classifier loss: 0.0002
DA epoch:  22 valid tgt classifier loss: 0.1047
DA epoch:  22 valid coral loss: 0.0601
DA train_steps: 925
DA Train Epoch: 22 [926/925]	Lambda: 0.0010, Class: 0.000166, CORAL: 0.036185, l2_loss: 0.402277, Total_Loss: 0.072849
DA Train ith Epoch 22 result:
DA train_acc: 1.000
DA train_tgt_acc: 0.959
DA valid_tgt_acc: 0.959
DA epoch:  23 sum loss: 0.0821
DA epoch:  23 l2 loss: 0.5997
DA epoch:  23 classifier src loss: 0.0002
DA epoch:  23 classifier tgt loss: 0.1037
DA epoch:  23 coral loss: 0.0587
DA train_steps: 397
DA epoch:  23 valid sum loss: 0.0830
DA epoch:  23 valid l2 loss: 0.6214
DA epoch:  23 valid classifier loss: 0.0002
DA epoch:  23 valid tgt classifier loss: 0.1033
DA epoch:  23 valid coral loss: 0.0551
DA train_steps: 925
DA Train Epoch: 23 [926/925]	Lambda: 0.0010, Class: 0.000150, CORAL: 0.180533, l2_loss: 1.720523, Total_Loss: 0.134011
DA Train ith Epoch 23 result:
DA train_acc: 1.000
DA train_tgt_acc: 0.959
DA valid_tgt_acc: 0.958
DA epoch:  24 sum loss: 0.0815
DA epoch:  24 l2 loss: 0.5976
DA epoch:  24 classifier src loss: 0.0002
DA epoch:  24 classifier tgt loss: 0.1027
DA epoch:  24 coral loss: 0.0560
DA train_steps: 397
DA epoch:  24 valid sum loss: 0.0837
DA epoch:  24 valid l2 loss: 0.6174
DA epoch:  24 valid classifier loss: 0.0002
DA epoch:  24 valid tgt classifier loss: 0.1051
DA epoch:  24 valid coral loss: 0.0574
DA train_steps: 925
DA Train Epoch: 24 [926/925]	Lambda: 0.0010, Class: 0.000150, CORAL: 0.037246, l2_loss: 0.436818, Total_Loss: 0.081367
DA Train ith Epoch 24 result:
DA train_acc: 1.000
DA train_tgt_acc: 0.959
DA valid_tgt_acc: 0.958
DA epoch:  25 sum loss: 0.0812
DA epoch:  25 l2 loss: 0.5951
DA epoch:  25 classifier src loss: 0.0002
DA epoch:  25 classifier tgt loss: 0.1025
DA epoch:  25 coral loss: 0.0544
DA train_steps: 397
DA epoch:  25 valid sum loss: 0.0835
DA epoch:  25 valid l2 loss: 0.6144
DA epoch:  25 valid classifier loss: 0.0002
DA epoch:  25 valid tgt classifier loss: 0.1051
DA epoch:  25 valid coral loss: 0.0496
DA train_steps: 925
DA Train Epoch: 25 [926/925]	Lambda: 0.0010, Class: 0.000152, CORAL: 0.035969, l2_loss: 0.391359, Total_Loss: 0.077534
DA Train ith Epoch 25 result:
DA train_acc: 1.000
DA train_tgt_acc: 0.959
DA valid_tgt_acc: 0.958
DA epoch:  26 sum loss: 0.0806
DA epoch:  26 l2 loss: 0.5930
DA epoch:  26 classifier src loss: 0.0002
DA epoch:  26 classifier tgt loss: 0.1015
DA epoch:  26 coral loss: 0.0533
DA train_steps: 397
DA epoch:  26 valid sum loss: 0.0836
DA epoch:  26 valid l2 loss: 0.6184
DA epoch:  26 valid classifier loss: 0.0002
DA epoch:  26 valid tgt classifier loss: 0.1049
DA epoch:  26 valid coral loss: 0.0557
DA train_steps: 925
DA Train Epoch: 26 [926/925]	Lambda: 0.0010, Class: 0.000150, CORAL: 0.030218, l2_loss: 0.348019, Total_Loss: 0.054619
DA Train ith Epoch 26 result:
DA train_acc: 1.000
DA train_tgt_acc: 0.960
DA valid_tgt_acc: 0.960
DA epoch:  27 sum loss: 0.0801
DA epoch:  27 l2 loss: 0.5911
DA epoch:  27 classifier src loss: 0.0002
DA epoch:  27 classifier tgt loss: 0.1006
DA epoch:  27 coral loss: 0.0524
DA train_steps: 397
DA epoch:  27 valid sum loss: 0.0814
DA epoch:  27 valid l2 loss: 0.6106
DA epoch:  27 valid classifier loss: 0.0002
DA epoch:  27 valid tgt classifier loss: 0.1013
DA epoch:  27 valid coral loss: 0.0510
DA train_steps: 925
DA Train Epoch: 27 [926/925]	Lambda: 0.0010, Class: 0.000137, CORAL: 0.032877, l2_loss: 0.348197, Total_Loss: 0.067089
DA Train ith Epoch 27 result:
DA train_acc: 1.000
DA train_tgt_acc: 0.960
DA valid_tgt_acc: 0.959
DA epoch:  28 sum loss: 0.0796
DA epoch:  28 l2 loss: 0.5891
DA epoch:  28 classifier src loss: 0.0002
DA epoch:  28 classifier tgt loss: 0.0999
DA epoch:  28 coral loss: 0.0507
DA train_steps: 397
DA epoch:  28 valid sum loss: 0.0815
DA epoch:  28 valid l2 loss: 0.6089
DA epoch:  28 valid classifier loss: 0.0002
DA epoch:  28 valid tgt classifier loss: 0.1017
DA epoch:  28 valid coral loss: 0.0528
DA train_steps: 925
DA Train Epoch: 28 [926/925]	Lambda: 0.0010, Class: 0.000139, CORAL: 0.036658, l2_loss: 0.500837, Total_Loss: 0.068764
DA Train ith Epoch 28 result:
DA train_acc: 1.000
DA train_tgt_acc: 0.961
DA valid_tgt_acc: 0.960
DA epoch:  29 sum loss: 0.0791
DA epoch:  29 l2 loss: 0.5877
DA epoch:  29 classifier src loss: 0.0001
DA epoch:  29 classifier tgt loss: 0.0991
DA epoch:  29 coral loss: 0.0494
DA train_steps: 397
DA epoch:  29 valid sum loss: 0.0809
DA epoch:  29 valid l2 loss: 0.6102
DA epoch:  29 valid classifier loss: 0.0002
DA epoch:  29 valid tgt classifier loss: 0.1004
DA epoch:  29 valid coral loss: 0.0488
DA train_steps: 925
DA Train Epoch: 29 [926/925]	Lambda: 0.0010, Class: 0.000121, CORAL: 0.038696, l2_loss: 0.409275, Total_Loss: 0.072750
DA Train ith Epoch 29 result:
DA train_acc: 1.000
DA train_tgt_acc: 0.961
DA valid_tgt_acc: 0.960
DA epoch:  30 sum loss: 0.0787
DA epoch:  30 l2 loss: 0.5860
DA epoch:  30 classifier src loss: 0.0001
DA epoch:  30 classifier tgt loss: 0.0985
DA epoch:  30 coral loss: 0.0490
DA train_steps: 397
DA epoch:  30 valid sum loss: 0.0807
DA epoch:  30 valid l2 loss: 0.6066
DA epoch:  30 valid classifier loss: 0.0001
DA epoch:  30 valid tgt classifier loss: 0.1004
DA epoch:  30 valid coral loss: 0.0507
DA train_steps: 925
DA Train Epoch: 30 [926/925]	Lambda: 0.0010, Class: 0.000128, CORAL: 0.027205, l2_loss: 0.334330, Total_Loss: 0.064101
DA Train ith Epoch 30 result:
DA train_acc: 1.000
DA train_tgt_acc: 0.961
DA valid_tgt_acc: 0.960
DA epoch:  31 sum loss: 0.0783
DA epoch:  31 l2 loss: 0.5843
DA epoch:  31 classifier src loss: 0.0001
DA epoch:  31 classifier tgt loss: 0.0978
DA epoch:  31 coral loss: 0.0475
DA train_steps: 397
DA epoch:  31 valid sum loss: 0.0799
DA epoch:  31 valid l2 loss: 0.6058
DA epoch:  31 valid classifier loss: 0.0001
DA epoch:  31 valid tgt classifier loss: 0.0988
DA epoch:  31 valid coral loss: 0.0452
DA train_steps: 925
DA Train Epoch: 31 [926/925]	Lambda: 0.0010, Class: 0.000125, CORAL: 0.039904, l2_loss: 0.640264, Total_Loss: 0.079115
DA Train ith Epoch 31 result:
DA train_acc: 1.000
DA train_tgt_acc: 0.961
DA valid_tgt_acc: 0.960
DA epoch:  32 sum loss: 0.0779
DA epoch:  32 l2 loss: 0.5834
DA epoch:  32 classifier src loss: 0.0001
DA epoch:  32 classifier tgt loss: 0.0970
DA epoch:  32 coral loss: 0.0465
DA train_steps: 397
DA epoch:  32 valid sum loss: 0.0800
DA epoch:  32 valid l2 loss: 0.6027
DA epoch:  32 valid classifier loss: 0.0001
DA epoch:  32 valid tgt classifier loss: 0.0993
DA epoch:  32 valid coral loss: 0.0453
DA train_steps: 925
DA Train Epoch: 32 [926/925]	Lambda: 0.0010, Class: 0.000117, CORAL: 0.044029, l2_loss: 0.598171, Total_Loss: 0.076023
DA Train ith Epoch 32 result:
DA train_acc: 1.000
DA train_tgt_acc: 0.961
DA valid_tgt_acc: 0.960
DA epoch:  33 sum loss: 0.0774
DA epoch:  33 l2 loss: 0.5818
DA epoch:  33 classifier src loss: 0.0001
DA epoch:  33 classifier tgt loss: 0.0963
DA epoch:  33 coral loss: 0.0454
DA train_steps: 397
DA epoch:  33 valid sum loss: 0.0803
DA epoch:  33 valid l2 loss: 0.6036
DA epoch:  33 valid classifier loss: 0.0001
DA epoch:  33 valid tgt classifier loss: 0.0998
DA epoch:  33 valid coral loss: 0.0449
DA train_steps: 925
DA Train Epoch: 33 [926/925]	Lambda: 0.0010, Class: 0.000112, CORAL: 0.026371, l2_loss: 0.395457, Total_Loss: 0.073037
DA Train ith Epoch 33 result:
DA train_acc: 1.000
DA train_tgt_acc: 0.962
DA valid_tgt_acc: 0.961
DA epoch:  34 sum loss: 0.0771
DA epoch:  34 l2 loss: 0.5805
DA epoch:  34 classifier src loss: 0.0001
DA epoch:  34 classifier tgt loss: 0.0958
DA epoch:  34 coral loss: 0.0443
DA train_steps: 397
DA epoch:  34 valid sum loss: 0.0793
DA epoch:  34 valid l2 loss: 0.6046
DA epoch:  34 valid classifier loss: 0.0001
DA epoch:  34 valid tgt classifier loss: 0.0977
DA epoch:  34 valid coral loss: 0.0401
DA train_steps: 925
DA Train Epoch: 34 [926/925]	Lambda: 0.0010, Class: 0.000110, CORAL: 0.032108, l2_loss: 0.514087, Total_Loss: 0.071767
DA Train ith Epoch 34 result:
DA train_acc: 1.000
DA train_tgt_acc: 0.963
DA valid_tgt_acc: 0.961
DA epoch:  35 sum loss: 0.0767
DA epoch:  35 l2 loss: 0.5795
DA epoch:  35 classifier src loss: 0.0001
DA epoch:  35 classifier tgt loss: 0.0952
DA epoch:  35 coral loss: 0.0438
DA train_steps: 397
DA epoch:  35 valid sum loss: 0.0782
DA epoch:  35 valid l2 loss: 0.6002
DA epoch:  35 valid classifier loss: 0.0001
DA epoch:  35 valid tgt classifier loss: 0.0960
DA epoch:  35 valid coral loss: 0.0418
DA train_steps: 925
DA Train Epoch: 35 [926/925]	Lambda: 0.0010, Class: 0.000101, CORAL: 0.138543, l2_loss: 1.421367, Total_Loss: 0.116211
DA Train ith Epoch 35 result:
DA train_acc: 1.000
DA train_tgt_acc: 0.962
DA valid_tgt_acc: 0.961
DA epoch:  36 sum loss: 0.0763
DA epoch:  36 l2 loss: 0.5788
DA epoch:  36 classifier src loss: 0.0001
DA epoch:  36 classifier tgt loss: 0.0944
DA epoch:  36 coral loss: 0.0430
DA train_steps: 397
DA epoch:  36 valid sum loss: 0.0785
DA epoch:  36 valid l2 loss: 0.5981
DA epoch:  36 valid classifier loss: 0.0001
DA epoch:  36 valid tgt classifier loss: 0.0969
DA epoch:  36 valid coral loss: 0.0403
DA train_steps: 925
DA Train Epoch: 36 [926/925]	Lambda: 0.0010, Class: 0.000109, CORAL: 0.052189, l2_loss: 0.835986, Total_Loss: 0.097021
DA Train ith Epoch 36 result:
DA train_acc: 1.000
DA train_tgt_acc: 0.961
DA valid_tgt_acc: 0.960
DA epoch:  37 sum loss: 0.0758
DA epoch:  37 l2 loss: 0.5774
DA epoch:  37 classifier src loss: 0.0001
DA epoch:  37 classifier tgt loss: 0.0936
DA epoch:  37 coral loss: 0.0416
DA train_steps: 397
DA epoch:  37 valid sum loss: 0.0801
DA epoch:  37 valid l2 loss: 0.6078
DA epoch:  37 valid classifier loss: 0.0001
DA epoch:  37 valid tgt classifier loss: 0.0992
DA epoch:  37 valid coral loss: 0.0451
DA train_steps: 925
DA Train Epoch: 37 [926/925]	Lambda: 0.0010, Class: 0.000099, CORAL: 0.030398, l2_loss: 0.401750, Total_Loss: 0.082983
DA Train ith Epoch 37 result:
DA train_acc: 1.000
DA train_tgt_acc: 0.963
DA valid_tgt_acc: 0.962
DA epoch:  38 sum loss: 0.0755
DA epoch:  38 l2 loss: 0.5764
DA epoch:  38 classifier src loss: 0.0001
DA epoch:  38 classifier tgt loss: 0.0931
DA epoch:  38 coral loss: 0.0404
DA train_steps: 397
DA epoch:  38 valid sum loss: 0.0777
DA epoch:  38 valid l2 loss: 0.5994
DA epoch:  38 valid classifier loss: 0.0001
DA epoch:  38 valid tgt classifier loss: 0.0952
DA epoch:  38 valid coral loss: 0.0429
DA train_steps: 925
DA Train Epoch: 38 [926/925]	Lambda: 0.0010, Class: 0.000097, CORAL: 0.035604, l2_loss: 0.625148, Total_Loss: 0.073254
DA Train ith Epoch 38 result:
DA train_acc: 1.000
DA train_tgt_acc: 0.963
DA valid_tgt_acc: 0.961
DA epoch:  39 sum loss: 0.0750
DA epoch:  39 l2 loss: 0.5753
DA epoch:  39 classifier src loss: 0.0001
DA epoch:  39 classifier tgt loss: 0.0921
DA epoch:  39 coral loss: 0.0404
DA train_steps: 397
DA epoch:  39 valid sum loss: 0.0782
DA epoch:  39 valid l2 loss: 0.5966
DA epoch:  39 valid classifier loss: 0.0001
DA epoch:  39 valid tgt classifier loss: 0.0964
DA epoch:  39 valid coral loss: 0.0404
DA train_steps: 925
DA Train Epoch: 39 [926/925]	Lambda: 0.0010, Class: 0.000094, CORAL: 0.026573, l2_loss: 0.333815, Total_Loss: 0.063607
DA Train ith Epoch 39 result:
DA train_acc: 1.000
DA train_tgt_acc: 0.964
DA valid_tgt_acc: 0.962
DA epoch:  40 sum loss: 0.0746
DA epoch:  40 l2 loss: 0.5740
DA epoch:  40 classifier src loss: 0.0001
DA epoch:  40 classifier tgt loss: 0.0915
DA epoch:  40 coral loss: 0.0395
DA train_steps: 397
DA epoch:  40 valid sum loss: 0.0772
DA epoch:  40 valid l2 loss: 0.5963
DA epoch:  40 valid classifier loss: 0.0001
DA epoch:  40 valid tgt classifier loss: 0.0945
DA epoch:  40 valid coral loss: 0.0419
DA train_steps: 925
DA Train Epoch: 40 [926/925]	Lambda: 0.0010, Class: 0.000090, CORAL: 0.050662, l2_loss: 0.931667, Total_Loss: 0.089860
DA Train ith Epoch 40 result:
DA train_acc: 1.000
DA train_tgt_acc: 0.964
DA valid_tgt_acc: 0.963
DA epoch:  41 sum loss: 0.0744
DA epoch:  41 l2 loss: 0.5740
DA epoch:  41 classifier src loss: 0.0001
DA epoch:  41 classifier tgt loss: 0.0911
DA epoch:  41 coral loss: 0.0392
DA train_steps: 397
DA epoch:  41 valid sum loss: 0.0770
DA epoch:  41 valid l2 loss: 0.5949
DA epoch:  41 valid classifier loss: 0.0001
DA epoch:  41 valid tgt classifier loss: 0.0942
DA epoch:  41 valid coral loss: 0.0388
DA train_steps: 925
DA Train Epoch: 41 [926/925]	Lambda: 0.0010, Class: 0.000092, CORAL: 0.031616, l2_loss: 0.360669, Total_Loss: 0.065145
DA Train ith Epoch 41 result:
DA train_acc: 1.000
DA train_tgt_acc: 0.964
DA valid_tgt_acc: 0.962
DA epoch:  42 sum loss: 0.0739
DA epoch:  42 l2 loss: 0.5726
DA epoch:  42 classifier src loss: 0.0001
DA epoch:  42 classifier tgt loss: 0.0902
DA epoch:  42 coral loss: 0.0384
DA train_steps: 397
DA epoch:  42 valid sum loss: 0.0767
DA epoch:  42 valid l2 loss: 0.5947
DA epoch:  42 valid classifier loss: 0.0001
DA epoch:  42 valid tgt classifier loss: 0.0936
DA epoch:  42 valid coral loss: 0.0432
DA train_steps: 925
DA Train Epoch: 42 [926/925]	Lambda: 0.0010, Class: 0.000079, CORAL: 0.026421, l2_loss: 0.346206, Total_Loss: 0.064389
DA Train ith Epoch 42 result:
DA train_acc: 1.000
DA train_tgt_acc: 0.965
DA valid_tgt_acc: 0.963
DA epoch:  43 sum loss: 0.0735
DA epoch:  43 l2 loss: 0.5719
DA epoch:  43 classifier src loss: 0.0001
DA epoch:  43 classifier tgt loss: 0.0896
DA epoch:  43 coral loss: 0.0372
DA train_steps: 397
DA epoch:  43 valid sum loss: 0.0758
DA epoch:  43 valid l2 loss: 0.5941
DA epoch:  43 valid classifier loss: 0.0001
DA epoch:  43 valid tgt classifier loss: 0.0919
DA epoch:  43 valid coral loss: 0.0396
DA train_steps: 925
DA Train Epoch: 43 [926/925]	Lambda: 0.0010, Class: 0.000080, CORAL: 0.025685, l2_loss: 0.381351, Total_Loss: 0.071401
DA Train ith Epoch 43 result:
DA train_acc: 1.000
DA train_tgt_acc: 0.965
DA valid_tgt_acc: 0.963
DA epoch:  44 sum loss: 0.0731
DA epoch:  44 l2 loss: 0.5713
DA epoch:  44 classifier src loss: 0.0001
DA epoch:  44 classifier tgt loss: 0.0888
DA epoch:  44 coral loss: 0.0370
DA train_steps: 397
DA epoch:  44 valid sum loss: 0.0764
DA epoch:  44 valid l2 loss: 0.5932
DA epoch:  44 valid classifier loss: 0.0001
DA epoch:  44 valid tgt classifier loss: 0.0931
DA epoch:  44 valid coral loss: 0.0356
DA train_steps: 925
DA Train Epoch: 44 [926/925]	Lambda: 0.0010, Class: 0.000065, CORAL: 0.018606, l2_loss: 0.320551, Total_Loss: 0.056156
DA Train ith Epoch 44 result:
DA train_acc: 1.000
DA train_tgt_acc: 0.964
DA valid_tgt_acc: 0.962
DA epoch:  45 sum loss: 0.0727
DA epoch:  45 l2 loss: 0.5705
DA epoch:  45 classifier src loss: 0.0001
DA epoch:  45 classifier tgt loss: 0.0880
DA epoch:  45 coral loss: 0.0364
DA train_steps: 397
DA epoch:  45 valid sum loss: 0.0773
DA epoch:  45 valid l2 loss: 0.5907
DA epoch:  45 valid classifier loss: 0.0001
DA epoch:  45 valid tgt classifier loss: 0.0952
DA epoch:  45 valid coral loss: 0.0319
DA train_steps: 925
DA Train Epoch: 45 [926/925]	Lambda: 0.0010, Class: 0.000076, CORAL: 0.025673, l2_loss: 0.355326, Total_Loss: 0.071213
DA Train ith Epoch 45 result:
DA train_acc: 1.000
DA train_tgt_acc: 0.966
DA valid_tgt_acc: 0.964
DA epoch:  46 sum loss: 0.0724
DA epoch:  46 l2 loss: 0.5697
DA epoch:  46 classifier src loss: 0.0001
DA epoch:  46 classifier tgt loss: 0.0876
DA epoch:  46 coral loss: 0.0358
DA train_steps: 397
DA epoch:  46 valid sum loss: 0.0752
DA epoch:  46 valid l2 loss: 0.5914
DA epoch:  46 valid classifier loss: 0.0001
DA epoch:  46 valid tgt classifier loss: 0.0910
DA epoch:  46 valid coral loss: 0.0386
DA train_steps: 925
DA Train Epoch: 46 [926/925]	Lambda: 0.0010, Class: 0.000082, CORAL: 0.024443, l2_loss: 0.378257, Total_Loss: 0.071705
DA Train ith Epoch 46 result:
DA train_acc: 1.000
DA train_tgt_acc: 0.965
DA valid_tgt_acc: 0.964
DA epoch:  47 sum loss: 0.0720
DA epoch:  47 l2 loss: 0.5693
DA epoch:  47 classifier src loss: 0.0001
DA epoch:  47 classifier tgt loss: 0.0869
DA epoch:  47 coral loss: 0.0354
DA train_steps: 397
DA epoch:  47 valid sum loss: 0.0755
DA epoch:  47 valid l2 loss: 0.5901
DA epoch:  47 valid classifier loss: 0.0001
DA epoch:  47 valid tgt classifier loss: 0.0918
DA epoch:  47 valid coral loss: 0.0325
DA train_steps: 925
DA Train Epoch: 47 [926/925]	Lambda: 0.0010, Class: 0.000078, CORAL: 0.021758, l2_loss: 0.355594, Total_Loss: 0.063542
DA Train ith Epoch 47 result:
DA train_acc: 1.000
DA train_tgt_acc: 0.966
DA valid_tgt_acc: 0.964
DA epoch:  48 sum loss: 0.0717
DA epoch:  48 l2 loss: 0.5686
DA epoch:  48 classifier src loss: 0.0001
DA epoch:  48 classifier tgt loss: 0.0863
DA epoch:  48 coral loss: 0.0348
DA train_steps: 397
DA epoch:  48 valid sum loss: 0.0751
DA epoch:  48 valid l2 loss: 0.5889
DA epoch:  48 valid classifier loss: 0.0001
DA epoch:  48 valid tgt classifier loss: 0.0910
DA epoch:  48 valid coral loss: 0.0325
DA train_steps: 925
DA Train Epoch: 48 [926/925]	Lambda: 0.0010, Class: 0.000075, CORAL: 0.023910, l2_loss: 0.281670, Total_Loss: 0.061701
DA Train ith Epoch 48 result:
DA train_acc: 1.000
DA train_tgt_acc: 0.966
DA valid_tgt_acc: 0.963
DA epoch:  49 sum loss: 0.0712
DA epoch:  49 l2 loss: 0.5681
DA epoch:  49 classifier src loss: 0.0001
DA epoch:  49 classifier tgt loss: 0.0854
DA epoch:  49 coral loss: 0.0344
DA train_steps: 397
DA epoch:  49 valid sum loss: 0.0754
DA epoch:  49 valid l2 loss: 0.5906
DA epoch:  49 valid classifier loss: 0.0001
DA epoch:  49 valid tgt classifier loss: 0.0916
DA epoch:  49 valid coral loss: 0.0363
DA train_steps: 925
DA Train Epoch: 49 [926/925]	Lambda: 0.0010, Class: 0.000075, CORAL: 0.096945, l2_loss: 1.669143, Total_Loss: 0.118574
DA Train ith Epoch 49 result:
DA train_acc: 1.000
DA train_tgt_acc: 0.966
DA valid_tgt_acc: 0.964
DA epoch:  50 sum loss: 0.0709
DA epoch:  50 l2 loss: 0.5680
DA epoch:  50 classifier src loss: 0.0001
DA epoch:  50 classifier tgt loss: 0.0848
DA epoch:  50 coral loss: 0.0343
DA train_steps: 397
DA epoch:  50 valid sum loss: 0.0750
DA epoch:  50 valid l2 loss: 0.5894
DA epoch:  50 valid classifier loss: 0.0001
DA epoch:  50 valid tgt classifier loss: 0.0908
DA epoch:  50 valid coral loss: 0.0339
Accuracy: 0.964
